#
# A fatal error has been detected by the Java Runtime Environment:
#
#  SIGSEGV (0xb) at pc=0xb376b861, pid=28142, tid=3011689328
#
# JRE version: 6.0_26-b03
# Java VM: Java HotSpot(TM) Client VM (20.1-b02 mixed mode, sharing linux-x86 )
# Problematic frame:
# C  [mtype169.cooja+0x13861]  double+0x3c5
#
# If you would like to submit a bug report, please visit:
#   http://java.sun.com/webapps/bugreport/crash.jsp
# The crash happened outside the Java Virtual Machine in native code.
# See problematic frame for where to report the bug.
#

---------------  T H R E A D  ---------------

Current thread (0x09032400):  JavaThread "Thread-254" [_thread_in_native, id=28520, stack(0xb37db000,0xb382c000)]

siginfo:si_signo=SIGSEGV: si_errno=0, si_code=1 (SEGV_MAPERR), si_addr=0x00000004

Registers:
EAX=0x00000000, EBX=0x00000000, ECX=0x00000008, EDX=0x00000003
ESP=0xb3782e6c, EBP=0xb3782f64, ESI=0x00000000, EDI=0x00000000
EIP=0xb376b861, EFLAGS=0x00010296, CR2=0x00000004

Top of Stack: (sp=0xb3782e6c)
0xb3782e6c:   b3781104 b37840b0 0000002a 00000001
0xb3782e7c:   00000000 0000030c 00000000 b772a8f4
0xb3782e8c:   00000000 00000000 b7816ff4 b3782ee8
0xb3782e9c:   b3783010 b772bc22 00000000 b3782ecc
0xb3782eac:   b7816ff4 ffffffff 00000000 00000036
0xb3782ebc:   000009d0 b3788158 0000002c 00000018
0xb3782ecc:   b37879ec 7402eefa 0000aaaa 00000000
0xb3782edc:   00000000 01000000 010003ff 00000200 

Instructions: (pc=0xb376b861)
0xb376b841:   e8 e8 4b 00 00 89 85 50 ff ff ff 8b 85 54 ff ff
0xb376b851:   ff 03 85 68 ff ff ff 0f b6 10 8b 85 50 ff ff ff
0xb376b861:   88 50 04 83 85 54 ff ff ff 01 8b 85 54 ff ff ff
0xb376b871:   03 85 68 ff ff ff 0f b6 00 8d 14 00 8b 85 50 ff 

Register to memory mapping:

EAX=0x00000000 is an unknown value
EBX=0x00000000 is an unknown value
ECX=0x00000008 is an unknown value
EDX=0x00000003 is an unknown value
ESP=0xb3782e6c: <offset 0x2ae6c> in /home/manu/Documents/sources/contiki/examples/ipv6/rpl-fuzzy/obj_cooja/mtype169.cooja at 0xb3758000
EBP=0xb3782f64: <offset 0x2af64> in /home/manu/Documents/sources/contiki/examples/ipv6/rpl-fuzzy/obj_cooja/mtype169.cooja at 0xb3758000
ESI=0x00000000 is an unknown value
EDI=0x00000000 is an unknown value


Stack: [0xb37db000,0xb382c000],  sp=0xb3782e6c,  free space=4193951k
Native frames: (J=compiled Java code, j=interpreted, Vv=VM code, C=native code)
C  [mtype169.cooja+0x13861]  double+0x3c5
C  [mtype169.cooja+0x14e00]  uip_rpl_input+0x4f
C  [mtype169.cooja+0x1b3e5]  uip_process+0xa16
C  [mtype169.cooja+0x1d06c]  packet_input+0x23
C  [mtype169.cooja+0x1d4dd]  long double+0x217
C  [mtype169.cooja+0x1dae6]  process_thread_tcpip_process+0xbe
C  [mtype169.cooja+0x17d83]  char+0x57
C  [mtype169.cooja+0x180d5]  process_post_synch+0x2e
C  [mtype169.cooja+0x1d511]  unsigned short+0x22
C  [mtype169.cooja+0x21b41]  int+0x658
C  [mtype169.cooja+0x10a46]  int+0xd
C  [mtype169.cooja+0x11685]  int+0x1d1
C  [mtype169.cooja+0x243e9]  process_thread_cooja_radio_process+0x7e
C  [mtype169.cooja+0x17d83]  char+0x57
C  [mtype169.cooja+0x17e56]  double+0x4b
C  [mtype169.cooja+0x17fbc]  process_run+0x16
C  [mtype169.cooja+0xfebe]  process_run_thread_loop+0x1f

Java frames: (J=compiled Java code, j=interpreted, Vv=VM code)
j  se.sics.cooja.corecomm.Lib2.tick()V+0
j  se.sics.cooja.contikimote.ContikiMoteType.tick()V+4
j  se.sics.cooja.contikimote.ContikiMote.execute(J)V+63
j  se.sics.cooja.motes.AbstractWakeupMote$1.execute(J)V+5
J  se.sics.cooja.Simulation.run()V

[error occurred during error reporting (printing Java stack), id 0xb]


---------------  P R O C E S S  ---------------

Java Threads: ( => current thread )
=>