#
# A fatal error has been detected by the Java Runtime Environment:
#
#  SIGSEGV (0xb) at pc=0xb337dfad, pid=12055, tid=3008285552
#
# JRE version: 6.0_26-b03
# Java VM: Java HotSpot(TM) Client VM (20.1-b02 mixed mode, sharing linux-x86 )
# Problematic frame:
# C  [mtype225.cooja+0x12fad]  double+0x3c5
#
# If you would like to submit a bug report, please visit:
#   http://java.sun.com/webapps/bugreport/crash.jsp
# The crash happened outside the Java Virtual Machine in native code.
# See problematic frame for where to report the bug.
#

---------------  T H R E A D  ---------------

Current thread (0xb43bb800):  JavaThread "Thread-32" [_thread_in_native, id=12781, stack(0xb349c000,0xb34ed000)]

siginfo:si_signo=SIGSEGV: si_errno=0, si_code=1 (SEGV_MAPERR), si_addr=0x00000004

Registers:
EAX=0x00000000, EBX=0x00000000, ECX=0x00000008, EDX=0x00000003
ESP=0xb3394e6c, EBP=0xb3394f64, ESI=0x00000000, EDI=0x00000000
EIP=0xb337dfad, EFLAGS=0x00010296, CR2=0x00000004

Top of Stack: (sp=0xb3394e6c)
0xb3394e6c:   b3393104 b33960b0 0000002a 00000001
0xb3394e7c:   00000000 b768df03 00000000 b75e88f4
0xb3394e8c:   b3000000 00000000 b76d4ff4 b3394ee8
0xb3394e9c:   b3395010 b75e9c22 00000000 b3394ecc
0xb3394eac:   b76d4ff4 ffffffff 00000000 00000036
0xb3394ebc:   00010d91 b33997fc 0000002c 00000018
0xb3394ecc:   b339964c 74020a4a 0000aaaa 00000000
0xb3394edc:   00000000 01000000 010003ff 00000200 

Instructions: (pc=0xb337dfad)
0xb337df8d:   e8 10 4b 00 00 89 85 50 ff ff ff 8b 85 54 ff ff
0xb337df9d:   ff 03 85 68 ff ff ff 0f b6 10 8b 85 50 ff ff ff
0xb337dfad:   88 50 04 83 85 54 ff ff ff 01 8b 85 54 ff ff ff
0xb337dfbd:   03 85 68 ff ff ff 0f b6 00 8d 14 00 8b 85 50 ff 

Register to memory mapping:

EAX=0x00000000 is an unknown value
EBX=0x00000000 is an unknown value
ECX=0x00000008 is an unknown value
EDX=0x00000003 is an unknown value
ESP=0xb3394e6c: <offset 0x29e6c> in /home/manu/Documents/sources/contiki/examples/ipv6/rpl-fuzzy/obj_cooja/mtype225.cooja at 0xb336b000
EBP=0xb3394f64: <offset 0x29f64> in /home/manu/Documents/sources/contiki/examples/ipv6/rpl-fuzzy/obj_cooja/mtype225.cooja at 0xb336b000
ESI=0x00000000 is an unknown value
EDI=0x00000000 is an unknown value


Stack: [0xb349c000,0xb34ed000],  sp=0xb3394e6c,  free space=4193251k
Native frames: (J=compiled Java code, j=interpreted, Vv=VM code, C=native code)
C  [mtype225.cooja+0x12fad]  double+0x3c5
C  [mtype225.cooja+0x1454c]  uip_rpl_input+0x4f
C  [mtype225.cooja+0x1a486]  uip_process+0x9cc
C  [mtype225.cooja+0x1c108]  packet_input+0x23
C  [mtype225.cooja+0x1c556]  long double+0x1f4
C  [mtype225.cooja+0x1ca1d]  process_thread_tcpip_process+0xbe
C  [mtype225.cooja+0x173f7]  char+0x57
C  [mtype225.cooja+0x17749]  process_post_synch+0x2e
C  [mtype225.cooja+0x1c58a]  unsigned short+0x22
C  [mtype225.cooja+0x208b8]  int+0x658
C  [mtype225.cooja+0x10192]  int+0xd
C  [mtype225.cooja+0x10dd1]  int+0x1d1
C  [mtype225.cooja+0x2313e]  process_thread_cooja_radio_process+0x7e
C  [mtype225.cooja+0x173f7]  char+0x57
C  [mtype225.cooja+0x174ca]  double+0x4b
C  [mtype225.cooja+0x17630]  process_run+0x16
C  [mtype225.cooja+0xf60b]  process_run_thread_loop+0x1f

Java frames: (J=compiled Java code, j=interpreted, Vv=VM code)
J  se.sics.cooja.corecomm.Lib8.tick()V

[error occurred during error reporting (printing Java stack), id 0xb]


---------------  P R O C E S S  ---------------

Java Threads: ( => current thread )
=>