#
# A fatal error has been detected by the Java Runtime Environment:
#
#  SIGSEGV (0xb) at pc=0xb3466851, pid=24572, tid=3008854896
#
# JRE version: 6.0_26-b03
# Java VM: Java HotSpot(TM) Client VM (20.1-b02 mixed mode, sharing linux-x86 )
# Problematic frame:
# C  [mtype27.cooja+0x13851]  double+0x3c5
#
# If you would like to submit a bug report, please visit:
#   http://java.sun.com/webapps/bugreport/crash.jsp
# The crash happened outside the Java Virtual Machine in native code.
# See problematic frame for where to report the bug.
#

---------------  T H R E A D  ---------------

Current thread (0x0902ac00):  JavaThread "Thread-15" [_thread_in_native, id=27114, stack(0xb3527000,0xb3578000)]

siginfo:si_signo=SIGSEGV: si_errno=0, si_code=1 (SEGV_MAPERR), si_addr=0x00000004

Registers:
EAX=0x00000000, EBX=0x00000000, ECX=0x00000008, EDX=0x00000003
ESP=0xb347de6c, EBP=0xb347df64, ESI=0x00000000, EDI=0x00000000
EIP=0xb3466851, EFLAGS=0x00010296, CR2=0x00000004

Top of Stack: (sp=0xb347de6c)
0xb347de6c:   b347c104 b347f0b0 0000002a 00000001
0xb347de7c:   00000000 0000030c 00000000 b77188f4
0xb347de8c:   00000000 00000000 b7804ff4 b347dee8
0xb347de9c:   b347e010 b7719c22 00000000 b347decc
0xb347deac:   b7804ff4 ffffffff 00000000 00000036
0xb347debc:   000009d0 b3483158 0000002c 00000018
0xb347decc:   b34829ec 74029efa 0000aaaa 00000000
0xb347dedc:   00000000 01000000 010003ff 00000200 

Instructions: (pc=0xb3466851)
0xb3466831:   e8 e8 4b 00 00 89 85 50 ff ff ff 8b 85 54 ff ff
0xb3466841:   ff 03 85 68 ff ff ff 0f b6 10 8b 85 50 ff ff ff
0xb3466851:   88 50 04 83 85 54 ff ff ff 01 8b 85 54 ff ff ff
0xb3466861:   03 85 68 ff ff ff 0f b6 00 8d 14 00 8b 85 50 ff 

Register to memory mapping:

EAX=0x00000000 is an unknown value
EBX=0x00000000 is an unknown value
ECX=0x00000008 is an unknown value
EDX=0x00000003 is an unknown value
ESP=0xb347de6c: <offset 0x2ae6c> in /home/manu/Documents/sources/contiki/examples/ipv6/rpl-fuzzy/obj_cooja/mtype27.cooja at 0xb3453000
EBP=0xb347df64: <offset 0x2af64> in /home/manu/Documents/sources/contiki/examples/ipv6/rpl-fuzzy/obj_cooja/mtype27.cooja at 0xb3453000
ESI=0x00000000 is an unknown value
EDI=0x00000000 is an unknown value


Stack: [0xb3527000,0xb3578000],  sp=0xb347de6c,  free space=4193627k
Native frames: (J=compiled Java code, j=interpreted, Vv=VM code, C=native code)
C  [mtype27.cooja+0x13851]  double+0x3c5
C  [mtype27.cooja+0x14df0]  uip_rpl_input+0x4f
C  [mtype27.cooja+0x1b3d5]  uip_process+0xa16
C  [mtype27.cooja+0x1d05c]  packet_input+0x23
C  [mtype27.cooja+0x1d4cd]  long double+0x217
C  [mtype27.cooja+0x1dad6]  process_thread_tcpip_process+0xbe
C  [mtype27.cooja+0x17d73]  char+0x57
C  [mtype27.cooja+0x180c5]  process_post_synch+0x2e
C  [mtype27.cooja+0x1d501]  unsigned short+0x22
C  [mtype27.cooja+0x21b31]  int+0x658
C  [mtype27.cooja+0x10a36]  int+0xd
C  [mtype27.cooja+0x11675]  int+0x1d1
C  [mtype27.cooja+0x243cc]  process_thread_cooja_radio_process+0x7e
C  [mtype27.cooja+0x17d73]  char+0x57
C  [mtype27.cooja+0x17e46]  double+0x4b
C  [mtype27.cooja+0x17fac]  process_run+0x16
C  [mtype27.cooja+0xfeae]  process_run_thread_loop+0x1f

Java frames: (J=compiled Java code, j=interpreted, Vv=VM code)
j  se.sics.cooja.corecomm.Lib2.tick()V+0
j  se.sics.cooja.contikimote.ContikiMoteType.tick()V+4
j  se.sics.cooja.contikimote.ContikiMote.execute(J)V+63
j  se.sics.cooja.motes.AbstractWakeupMote$1.execute(J)V+5
J  se.sics.cooja.Simulation.run()V

[error occurred during error reporting (printing Java stack), id 0xb]


---------------  P R O C E S S  ---------------

Java Threads: ( => current thread )
=>