#
# A fatal error has been detected by the Java Runtime Environment:
#
#  SIGSEGV (0xb) at pc=0xb3641221, pid=28888, tid=3010460528
#
# JRE version: 6.0_26-b03
# Java VM: Java HotSpot(TM) Client VM (20.1-b02 mixed mode, sharing linux-x86 )
# Problematic frame:
# C  [mtype54.cooja+0x13221]  double+0x3c5
#
# If you would like to submit a bug report, please visit:
#   http://java.sun.com/webapps/bugreport/crash.jsp
# The crash happened outside the Java Virtual Machine in native code.
# See problematic frame for where to report the bug.
#

---------------  T H R E A D  ---------------

Current thread (0xb3eb4000):  JavaThread "Thread-74" [_thread_in_native, id=30177, stack(0xb36af000,0xb3700000)]

siginfo:si_signo=SIGSEGV: si_errno=0, si_code=1 (SEGV_MAPERR), si_addr=0x00000004

Registers:
EAX=0x00000000, EBX=0x00000000, ECX=0x00000008, EDX=0x00000003
ESP=0xb3657e6c, EBP=0xb3657f64, ESI=0x00000000, EDI=0x00000000
EIP=0xb3641221, EFLAGS=0x00010292, CR2=0x00000004

Top of Stack: (sp=0xb3657e6c)
0xb3657e6c:   b3656104 b36590b0 0000002a 00000001
0xb3657e7c:   00000000 0000030c 00000000 b77af8f4
0xb3657e8c:   00000000 00000000 b789bff4 b3657ee8
0xb3657e9c:   b3658010 b77b0c22 00000000 b3657ecc
0xb3657eac:   b789bff4 ffffffff 00000000 00000036
0xb3657ebc:   000009d0 b365cd84 0000002c 00000018
0xb3657ecc:   b365c68c 74024052 0000aaaa 00000000
0xb3657edc:   00000000 01000000 010003ff 00000200 

Instructions: (pc=0xb3641221)
0xb3641201:   e8 e8 4b 00 00 89 85 50 ff ff ff 8b 85 54 ff ff
0xb3641211:   ff 03 85 68 ff ff ff 0f b6 10 8b 85 50 ff ff ff
0xb3641221:   88 50 04 83 85 54 ff ff ff 01 8b 85 54 ff ff ff
0xb3641231:   03 85 68 ff ff ff 0f b6 00 8d 14 00 8b 85 50 ff 

Register to memory mapping:

EAX=0x00000000 is an unknown value
EBX=0x00000000 is an unknown value
ECX=0x00000008 is an unknown value
EDX=0x00000003 is an unknown value
ESP=0xb3657e6c: <offset 0x29e6c> in /home/manu/Documents/sources/contiki/examples/ipv6/rpl-fuzzy/obj_cooja/mtype54.cooja at 0xb362e000
EBP=0xb3657f64: <offset 0x29f64> in /home/manu/Documents/sources/contiki/examples/ipv6/rpl-fuzzy/obj_cooja/mtype54.cooja at 0xb362e000
ESI=0x00000000 is an unknown value
EDI=0x00000000 is an unknown value


Stack: [0xb36af000,0xb3700000],  sp=0xb3657e6c,  free space=4193955k
Native frames: (J=compiled Java code, j=interpreted, Vv=VM code, C=native code)
C  [mtype54.cooja+0x13221]  double+0x3c5
C  [mtype54.cooja+0x147c0]  uip_rpl_input+0x4f
C  [mtype54.cooja+0x1a7e6]  uip_process+0x9cc
C  [mtype54.cooja+0x1c500]  packet_input+0x23
C  [mtype54.cooja+0x1c94e]  long double+0x1f4
C  [mtype54.cooja+0x1ce15]  process_thread_tcpip_process+0xbe
C  [mtype54.cooja+0x17743]  char+0x57
C  [mtype54.cooja+0x17a95]  process_post_synch+0x2e
C  [mtype54.cooja+0x1c982]  unsigned short+0x22
C  [mtype54.cooja+0x20cbd]  int+0x658
C  [mtype54.cooja+0x10406]  int+0xd
C  [mtype54.cooja+0x11045]  int+0x1d1
C  [mtype54.cooja+0x23538]  process_thread_cooja_radio_process+0x7e
C  [mtype54.cooja+0x17743]  char+0x57
C  [mtype54.cooja+0x17816]  double+0x4b
C  [mtype54.cooja+0x1797c]  process_run+0x16
C  [mtype54.cooja+0xf87e]  process_run_thread_loop+0x1f

Java frames: (J=compiled Java code, j=interpreted, Vv=VM code)
j  se.sics.cooja.corecomm.Lib2.tick()V+0
j  se.sics.cooja.contikimote.ContikiMoteType.tick()V+4
j  se.sics.cooja.contikimote.ContikiMote.execute(J)V+63
j  se.sics.cooja.motes.AbstractWakeupMote$1.execute(J)V+5
J  se.sics.cooja.Simulation.run()V

[error occurred during error reporting (printing Java stack), id 0xb]


---------------  P R O C E S S  ---------------

Java Threads: ( => current thread )
=>