#
# A fatal error has been detected by the Java Runtime Environment:
#
#  SIGSEGV (0xb) at pc=0xb3722851, pid=27132, tid=3012922224
#
# JRE version: 6.0_26-b03
# Java VM: Java HotSpot(TM) Client VM (20.1-b02 mixed mode, sharing linux-x86 )
# Problematic frame:
# C  [mtype925.cooja+0x13851]  double+0x3c5
#
# If you would like to submit a bug report, please visit:
#   http://java.sun.com/webapps/bugreport/crash.jsp
# The crash happened outside the Java Virtual Machine in native code.
# See problematic frame for where to report the bug.
#

---------------  T H R E A D  ---------------

Current thread (0x0870bc00):  JavaThread "Thread-6" [_thread_in_native, id=27262, stack(0xb3908000,0xb3959000)]

siginfo:si_signo=SIGSEGV: si_errno=0, si_code=1 (SEGV_MAPERR), si_addr=0x00000004

Registers:
EAX=0x00000000, EBX=0x00000000, ECX=0x00000008, EDX=0x00000003
ESP=0xb3739e6c, EBP=0xb3739f64, ESI=0x00000000, EDI=0x00000000
EIP=0xb3722851, EFLAGS=0x00010296, CR2=0x00000004

Top of Stack: (sp=0xb3739e6c)
0xb3739e6c:   b3738104 b373b0b0 0000002a 00000001
0xb3739e7c:   00000000 0000030c 00000000 b75ce8f4
0xb3739e8c:   00000000 00000000 b76baff4 b3739ee8
0xb3739e9c:   b373a010 b75cfc22 00000000 b3739ecc
0xb3739eac:   b76baff4 ffffffff 00000000 00000036
0xb3739ebc:   000009d0 b373f158 0000002c 00000018
0xb3739ecc:   b373e9ec 74025efa 0000aaaa 00000000
0xb3739edc:   00000000 01000000 010003ff 00000200 

Instructions: (pc=0xb3722851)
0xb3722831:   e8 e8 4b 00 00 89 85 50 ff ff ff 8b 85 54 ff ff
0xb3722841:   ff 03 85 68 ff ff ff 0f b6 10 8b 85 50 ff ff ff
0xb3722851:   88 50 04 83 85 54 ff ff ff 01 8b 85 54 ff ff ff
0xb3722861:   03 85 68 ff ff ff 0f b6 00 8d 14 00 8b 85 50 ff 

Register to memory mapping:

EAX=0x00000000 is an unknown value
EBX=0x00000000 is an unknown value
ECX=0x00000008 is an unknown value
EDX=0x00000003 is an unknown value
ESP=0xb3739e6c: <offset 0x2ae6c> in /home/manu/Documents/sources/contiki/examples/ipv6/rpl-fuzzy/obj_cooja/mtype925.cooja at 0xb370f000
EBP=0xb3739f64: <offset 0x2af64> in /home/manu/Documents/sources/contiki/examples/ipv6/rpl-fuzzy/obj_cooja/mtype925.cooja at 0xb370f000
ESI=0x00000000 is an unknown value
EDI=0x00000000 is an unknown value


Stack: [0xb3908000,0xb3959000],  sp=0xb3739e6c,  free space=4192455k
Native frames: (J=compiled Java code, j=interpreted, Vv=VM code, C=native code)
C  [mtype925.cooja+0x13851]  double+0x3c5
C  [mtype925.cooja+0x14df0]  uip_rpl_input+0x4f
C  [mtype925.cooja+0x1b3d5]  uip_process+0xa16
C  [mtype925.cooja+0x1d05c]  packet_input+0x23
C  [mtype925.cooja+0x1d4cd]  long double+0x217
C  [mtype925.cooja+0x1dad6]  process_thread_tcpip_process+0xbe
C  [mtype925.cooja+0x17d73]  char+0x57
C  [mtype925.cooja+0x180c5]  process_post_synch+0x2e
C  [mtype925.cooja+0x1d501]  unsigned short+0x22
C  [mtype925.cooja+0x21b31]  int+0x658
C  [mtype925.cooja+0x10a36]  int+0xd
C  [mtype925.cooja+0x11675]  int+0x1d1
C  [mtype925.cooja+0x243cc]  process_thread_cooja_radio_process+0x7e
C  [mtype925.cooja+0x17d73]  char+0x57
C  [mtype925.cooja+0x17e46]  double+0x4b
C  [mtype925.cooja+0x17fac]  process_run+0x16
C  [mtype925.cooja+0xfeae]  process_run_thread_loop+0x1f

Java frames: (J=compiled Java code, j=interpreted, Vv=VM code)
j  se.sics.cooja.corecomm.Lib2.tick()V+0
j  se.sics.cooja.contikimote.ContikiMoteType.tick()V+4
j  se.sics.cooja.contikimote.ContikiMote.execute(J)V+63
j  se.sics.cooja.motes.AbstractWakeupMote$1.execute(J)V+5
j  se.sics.cooja.Simulation.run()V+174
j  java.lang.Thread.run()V+11
v  ~StubRoutines::call_stub

---------------  P R O C E S S  ---------------

Java Threads: ( => current thread )
=>0x0870bc00 JavaThread "Thread-6" [_thread_in_native, id=27262, stack(0xb3908000,0xb3959000)]
  0xb43ac000 JavaThread "Thread-4" [_thread_blocked, id=27249, stack(0xb3741000,0xb3792000)]
  0xb43b2c00 JavaThread "Thread-2" [_thread_blocked, id=27194, stack(0xb38b7000,0xb3908000)]
  0x08785000 JavaThread "TimerQueue" daemon [_thread_blocked, id=27149, stack(0xb3d5a000,0xb3dab000)]
  0xb43a0c00 JavaThread "DestroyJavaVM" [_thread_blocked, id=27136, stack(0xb6bcd000,0xb6c1e000)]
  0xb439f800 JavaThread "AWT-EventQueue-0" [_thread_in_Java, id=27147, stack(0xb3dfc000,0xb3e4d000)]
  0xb439e400 JavaThread "AWT-Shutdown" [_thread_blocked, id=27146, stack(0xb3ed4000,0xb3f25000)]
  0xb439d800 JavaThread "AWT-XAWT" daemon [_thread_in_native, id=27145, stack(0xb3f25000,0xb3f76000)]
  0xb4366000 JavaThread "Java2D Disposer" daemon [_thread_blocked, id=27144, stack(0xb3fa1000,0xb3ff2000)]
  0xb4300800 JavaThread "Low Memory Detector" daemon [_thread_blocked, id=27142, stack(0xb447a000,0xb44cb000)]
  0x086e9400 JavaThread "C1 CompilerThread0" daemon [_thread_blocked, id=27141, stack(0xb44cb000,0xb454c000)]
  0x086e7800 JavaThread "Signal Dispatcher" daemon [_thread_blocked, id=27140, stack(0xb454c000,0xb459d000)]
  0x086e2800 JavaThread "Finalizer" daemon [_thread_blocked, id=27139, stack(0xb45e3000,0xb4634000)]
  0x086de000 JavaThread "Reference Handler" daemon [_thread_blocked, id=27138, stack(0xb4634000,0xb4685000)]

Other Threads:
  0x086d3800 VMThread [stack: 0xb4851000,0xb48d2000] [id=27137]
  0xb4303000 WatcherThread [stack: 0xb427f000,0xb4300000] [id=27143]

VM state:not at safepoint (normal execution)

VM Mutex/Monitor currently owned by a thread: None

Heap
 def new generation   total 4992K, used 589K [0x6ed90000, 0x6f2f0000, 0x79830000)
  eden space 4480K,  11% used [0x6ed90000, 0x6ee131e8, 0x6f1f0000)
  from space 512K,  12% used [0x6f270000, 0x6f280448, 0x6f2f0000)
  to   space 512K,   0% used [0x6f1f0000, 0x6f1f0000, 0x6f270000)
 tenured generation   total 10944K, used 7382K [0x79830000, 0x7a2e0000, 0x8ed90000)
   the space 10944K,  67% used [0x79830000, 0x79f65940, 0x79f65a00, 0x7a2e0000)
 compacting perm gen  total 12288K, used 5249K [0x8ed90000, 0x8f990000, 0x92d90000)
   the space 12288K,  42% used [0x8ed90000, 0x8f2b0458, 0x8f2b0600, 0x8f990000)
    ro space 10240K,  61% used [0x92d90000, 0x933b9d08, 0x933b9e00, 0x93790000)
    rw space 12288K,  60% used [0x93790000, 0x93ecc660, 0x93ecc800, 0x94390000)

Code Cache  [0xb4b4a000, 0xb4cf2000, 0xb6b4a000)
 total_blobs=1065 nmethods=806 adapters=194 free_code_cache=31848640 largest_free_block=64

Dynamic libraries:
08048000-08052000 r-xp 00000000 08:02 241919     /usr/lib/jvm/java-6-sun-1.6.0.26/jre/bin/java
08052000-08053000 rwxp 00009000 08:02 241919     /usr/lib/jvm/java-6-sun-1.6.0.26/jre/bin/java
086aa000-08a3c000 rwxp 00000000 00:00 0          [heap]
6ed90000-6f2f0000 rwxp 00000000 00:00 0 
6f2f0000-79830000 rwxp 00000000 00:00 0 
79830000-7a2e0000 rwxp 00000000 00:00 0 
7a2e0000-8ed90000 rwxp 00000000 00:00 0 
8ed90000-8f990000 rwxp 00000000 00:00 0 
8f990000-92d90000 rwxp 00000000 00:00 0 
92d90000-933ba000 r-xs 00001000 08:02 128946     /usr/lib/jvm/java-6-sun-1.6.0.26/jre/lib/i386/client/classes.jsa
933ba000-93790000 rwxp 00000000 00:00 0 
93790000-93ecd000 rwxp 0062b000 08:02 128946     /usr/lib/jvm/java-6-sun-1.6.0.26/jre/lib/i386/client/classes.jsa
93ecd000-94390000 rwxp 00000000 00:00 0 
94390000-94472000 rwxp 00d68000 08:02 128946     /usr/lib/jvm/java-6-sun-1.6.0.26/jre/lib/i386/client/classes.jsa
94472000-94790000 rwxp 00000000 00:00 0 
94790000-94798000 r-xs 00e4a000 08:02 128946     /usr/lib/jvm/java-6-sun-1.6.0.26/jre/lib/i386/client/classes.jsa
94798000-94b90000 rwxp 00000000 00:00 0 
b36e7000-b36fc000 r-xp 00000000 08:02 241976     /usr/lib/jvm/java-6-sun-1.6.0.26/jre/lib/i386/libdcpr.so
b36fc000-b370f000 rwxp 00014000 08:02 241976     /usr/lib/jvm/java-6-sun-1.6.0.26/jre/lib/i386/libdcpr.so
b370f000-b3737000 r-xp 00000000 08:05 585509     /home/manu/Documents/sources/contiki/examples/ipv6/rpl-fuzzy/obj_cooja/mtype925.cooja
b3737000-b3738000 r-xp 00027000 08:05 585509     /home/manu/Documents/sources/contiki/examples/ipv6/rpl-fuzzy/obj_cooja/mtype925.cooja
b3738000-b3739000 rwxp 00028000 08:05 585509     /home/manu/Documents/sources/contiki/examples/ipv6/rpl-fuzzy/obj_cooja/mtype925.cooja
b3739000-b3741000 rwxp 00000000 00:00 0 
b3741000-b3744000 ---p 00000000 00:00 0 
b3744000-b3792000 rwxp 00000000 00:00 0 
b3792000-b3795000 ---p 00000000 00:00 0 
b3795000-b37e3000 rwxp 00000000 00:00 0 
b37e3000-b380b000 r-xp 00000000 08:05 585505     /home/manu/Documents/sources/contiki/examples/ipv6/rpl-fuzzy/obj_cooja/mtype460.cooja
b380b000-b380c000 r-xp 00027000 08:05 585505     /home/manu/Documents/sources/contiki/examples/ipv6/rpl-fuzzy/obj_cooja/mtype460.cooja
b380c000-b380d000 rwxp 00028000 08:05 585505     /home/manu/Documents/sources/contiki/examples/ipv6/rpl-fuzzy/obj_cooja/mtype460.cooja
b380d000-b3815000 rwxp 00000000 00:00 0 
b3815000-b3818000 ---p 00000000 00:00 0 
b3818000-b3866000 rwxp 00000000 00:00 0 
b3866000-b3869000 ---p 00000000 00:00 0 
b3869000-b38b7000 rwxp 00000000 00:00 0 
b38b7000-b38ba000 ---p 00000000 00:00 0 
b38ba000-b3908000 rwxp 00000000 00:00 0 
b3908000-b390b000 ---p 00000000 00:00 0 
b390b000-b3959000 rwxp 00000000 00:00 0 
b3959000-b395c000 ---p 00000000 00:00 0 
b395c000-b39aa000 rwxp 00000000 00:00 0 
b39aa000-b3d0b000 rwxs 00000000 00:04 50069519   /SYSV00000000 (deleted)
b3d0b000-b3d1f000 r-xp 00000000 08:02 241963     /usr/lib/jvm/java-6-sun-1.6.0.26/jre/lib/i386/libnet.so
b3d1f000-b3d20000 rwxp 00013000 08:02 241963     /usr/lib/jvm/java-6-sun-1.6.0.26/jre/lib/i386/libnet.so
b3d20000-b3d5a000 r-xs 001e1000 08:05 579634     /home/manu/Documents/sources/contiki/tools/cooja/apps/avrora/lib/avrora-small.jar
b3d5a000-b3d5d000 ---p 00000000 00:00 0 
b3d5d000-b3dab000 rwxp 00000000 00:00 0 
b3dab000-b3dae000 ---p 00000000 00:00 0 
b3dae000-b3dfc000 rwxp 00000000 00:00 0 
b3dfc000-b3dff000 ---p 00000000 00:00 0 
b3dff000-b3e4d000 rwxp 00000000 00:00 0 
b3e4d000-b3e4e000 r-xs 00000000 08:02 15264      /var/cache/fontconfig/c05880de57d1f5e948fdfacc138775d9-le32d4.cache-3
b3e4e000-b3e54000 r-xs 00000000 08:02 15238      /var/cache/fontconfig/945677eb7aeaf62f1d50efc3fb3ec7d8-le32d4.cache-3
b3e54000-b3e57000 r-xs 00000000 08:02 15230      /var/cache/fontconfig/99e8ed0e538f840c565b6ed5dad60d56-le32d4.cache-3
b3e57000-b3e59000 r-xs 00000000 08:02 15080      /var/cache/fontconfig/f24b2111ab8703b4e963115a8cf14259-le32d4.cache-3
b3e59000-b3e5c000 r-xs 00000000 08:02 15079      /var/cache/fontconfig/e383d7ea5fbe662a33d9b44caf393297-le32d4.cache-3
b3e5c000-b3e5d000 r-xs 00000000 08:02 14751      /var/cache/fontconfig/e7071f4a29fa870f4323321c154eba04-le32d4.cache-3
b3e5d000-b3e61000 r-xs 00000000 08:02 342749     /var/cache/fontconfig/926e794c3d5e5dffcaf2fa83ef8d36c2-le32d4.cache-3
b3e61000-b3e64000 r-xs 00000000 08:02 1661       /var/cache/fontconfig/6eb3985aa4124903f6ff08ba781cd364-le32d4.cache-3
b3e64000-b3e65000 r-xs 00000000 08:02 1660       /var/cache/fontconfig/4c73fe0c47614734b17d736dbde7580a-le32d4.cache-3
b3e65000-b3e66000 r-xs 00000000 08:02 1554       /var/cache/fontconfig/0d8c3b2ac0904cb8a57a757ad11a4a08-le32d4.cache-3
b3e66000-b3e67000 r-xs 00000000 08:02 1499       /var/cache/fontconfig/6a53c69dea097a2d716e069445527da8-le32d4.cache-3
b3e67000-b3e6b000 r-xs 00000000 08:02 1498       /var/cache/fontconfig/062808c12e6e608270f93bb230aed730-le32d4.cache-3
b3e6b000-b3e6f000 r-xs 00000000 08:02 1497       /var/cache/fontconfig/a755afe4a08bf5b97852ceb7400b47bc-le32d4.cache-3
b3e6f000-b3e76000 r-xs 00000000 08:02 1481       /var/cache/fontconfig/6d41288fd70b0be22e8c3a91e032eec0-le32d4.cache-3
b3e76000-b3e81000 r-xs 00000000 08:02 46600      /var/cache/fontconfig/0f34bcd4b6ee430af32735b75db7f02b-le32d4.cache-3
b3e81000-b3e84000 r-xs 00000000 08:02 1332       /var/cache/fontconfig/d60319d88cac85ba9e1a07bd06cfbb8c-le32d4.cache-3
b3e84000-b3e85000 r-xs 00000000 08:02 103569     /var/cache/fontconfig/4794a0821666d79190d59a36cb4f44b5-le32d4.cache-3
b3e85000-b3ea7000 r-xs 00000000 08:02 1295       /var/cache/fontconfig/365b55f210c0a22e9a19e35191240f32-le32d4.cache-3
b3ea7000-b3ea9000 r-xs 00000000 08:02 1287       /var/cache/fontconfig/2c5ba8142dffc8bf0377700342b8ca1a-le32d4.cache-3
b3ea9000-b3eb1000 r-xs 00000000 08:02 1265       /var/cache/fontconfig/d52a8644073d54c13679302ca1180695-le32d4.cache-3
b3eb1000-b3ebf000 r-xs 00000000 08:02 310311     /var/cache/fontconfig/e13b20fdb08344e0e664864cc2ede53d-le32d4.cache-3
b3eca000-b3ed1000 r-xp 00000000 08:02 241964     /usr/lib/jvm/java-6-sun-1.6.0.26/jre/lib/i386/libnio.so
b3ed1000-b3ed2000 rwxp 00006000 08:02 241964     /usr/lib/jvm/java-6-sun-1.6.0.26/jre/lib/i386/libnio.so
b3ed2000-b3ed4000 r-xs 00007000 08:05 581220     /home/manu/Documents/sources/contiki/tools/cooja/apps/avrora/lib/cooja_avrora.jar
b3ed4000-b3ed7000 ---p 00000000 00:00 0 
b3ed7000-b3f25000 rwxp 00000000 00:00 0 
b3f25000-b3f28000 ---p 00000000 00:00 0 
b3f28000-b3f76000 rwxp 00000000 00:00 0 
b3f76000-b3f7e000 r-xp 00000000 08:02 7389       /usr/lib/libXrender.so.1.3.0
b3f7e000-b3f7f000 r-xp 00007000 08:02 7389       /usr/lib/libXrender.so.1.3.0
b3f7f000-b3f80000 rwxp 00008000 08:02 7389       /usr/lib/libXrender.so.1.3.0
b3f80000-b3f88000 r-xp 00000000 08:02 124118     /usr/lib/libXcursor.so.1.0.2
b3f88000-b3f89000 r-xp 00007000 08:02 124118     /usr/lib/libXcursor.so.1.0.2
b3f89000-b3f8a000 rwxp 00008000 08:02 124118     /usr/lib/libXcursor.so.1.0.2
b3f8b000-b3f8c000 r-xs 00003000 08:05 580227     /home/manu/Documents/sources/contiki/tools/cooja/apps/mspsim/lib/coffee.jar
b3f8c000-b3f95000 r-xs 0008e000 08:05 581040     /home/manu/Documents/sources/contiki/tools/cooja/apps/mspsim/lib/mspsim.jar
b3f95000-b3f99000 r-xs 0002a000 08:05 581193     /home/manu/Documents/sources/contiki/tools/cooja/apps/mspsim/lib/cooja_mspsim.jar
b3f99000-b3fa1000 r-xs 00115000 08:02 242018     /usr/lib/jvm/java-6-sun-1.6.0.26/jre/lib/resources.jar
b3fa1000-b3fa4000 ---p 00000000 00:00 0 
b3fa4000-b3ff2000 rwxp 00000000 00:00 0 
b3ff2000-b406b000 r-xp 00000000 08:02 241988     /usr/lib/jvm/java-6-sun-1.6.0.26/jre/lib/i386/libfontmanager.so
b406b000-b4075000 rwxp 00078000 08:02 241988     /usr/lib/jvm/java-6-sun-1.6.0.26/jre/lib/i386/libfontmanager.so
b4075000-b407a000 rwxp 00000000 00:00 0 
b407a000-b407e000 r-xp 00000000 08:02 43742      /usr/lib/libXdmcp.so.6.0.0
b407e000-b407f000 r-xp 00003000 08:02 43742      /usr/lib/libXdmcp.so.6.0.0
b407f000-b4080000 rwxp 00004000 08:02 43742      /usr/lib/libXdmcp.so.6.0.0
b4080000-b4082000 r-xp 00000000 08:02 38105      /usr/lib/libXau.so.6.0.0
b4082000-b4083000 r-xp 00001000 08:02 38105      /usr/lib/libXau.so.6.0.0
b4083000-b4084000 rwxp 00002000 08:02 38105      /usr/lib/libXau.so.6.0.0
b4084000-b409c000 r-xp 00000000 08:02 89888      /usr/lib/libxcb.so.1.1.0
b409c000-b409d000 r-xp 00017000 08:02 89888      /usr/lib/libxcb.so.1.1.0
b409d000-b409e000 rwxp 00018000 08:02 89888      /usr/lib/libxcb.so.1.1.0
b409e000-b40aa000 r-xp 00000000 08:02 28336      /usr/lib/libXi.so.6.1.0
b40aa000-b40ab000 r-xp 0000c000 08:02 28336      /usr/lib/libXi.so.6.1.0
b40ab000-b40ac000 rwxp 0000d000 08:02 28336      /usr/lib/libXi.so.6.1.0
b40ac000-b40b0000 r-xp 00000000 08:02 28351      /usr/lib/libXtst.so.6.1.0
b40b0000-b40b1000 r-xp 00003000 08:02 28351      /usr/lib/libXtst.so.6.1.0
b40b1000-b40b2000 rwxp 00004000 08:02 28351      /usr/lib/libXtst.so.6.1.0
b40b2000-b41cb000 r-xp 00000000 08:02 28304      /usr/lib/libX11.so.6.3.0
b41cb000-b41cc000 r-xp 00118000 08:02 28304      /usr/lib/libX11.so.6.3.0
b41cc000-b41ce000 rwxp 00119000 08:02 28304      /usr/lib/libX11.so.6.3.0
b41ce000-b41cf000 rwxp 00000000 00:00 0 
b41cf000-b4254000 r-xp 00000000 08:02 241978     /usr/lib/jvm/java-6-sun-1.6.0.26/jre/lib/i386/libawt.so
b4254000-b425b000 rwxp 00085000 08:02 241978     /usr/lib/jvm/java-6-sun-1.6.0.26/jre/lib/i386/libawt.so
b425b000-b427f000 rwxp 00000000 00:00 0 
b427f000-b4280000 ---p 00000000 00:00 0 
b4280000-b4300000 rwxp 00000000 00:00 0 
b4300000-b43ba000 rwxp 00000000 00:00 0 
b43ba000-b4400000 ---p 00000000 00:00 0 
b4400000-b4401000 r-xs 00002000 08:05 581244     /home/manu/Documents/sources/contiki/tools/cooja/apps/collect-view/cooja-collect-view.jar
b4401000-b4403000 r-xs 00010000 08:05 581041     /home/manu/Documents/sources/contiki/tools/cooja/apps/mspsim/lib/jipv6.jar
b4403000-b4411000 r-xp 00000000 08:02 28320      /usr/lib/libXext.so.6.4.0
b4411000-b4412000 r-xp 0000d000 08:02 28320      /usr/lib/libXext.so.6.4.0
b4412000-b4413000 rwxp 0000e000 08:02 28320      /usr/lib/libXext.so.6.4.0
b4413000-b4417000 r-xp 00000000 08:02 18946      /usr/lib/libXfixes.so.3.1.0
b4417000-b4418000 r-xp 00003000 08:02 18946      /usr/lib/libXfixes.so.3.1.0
b4418000-b4419000 rwxp 00004000 08:02 18946      /usr/lib/libXfixes.so.3.1.0
b4419000-b441c000 r-xs 00000000 08:02 1235       /var/cache/fontconfig/7ef2298fde41cc6eeb7af42e48b7d293-le32d4.cache-3
b441c000-b442a000 r-xs 00000000 08:02 310345     /var/cache/fontconfig/865f88548240fee46819705c6468c165-le32d4.cache-3
b442a000-b446d000 r-xp 00000000 08:02 241982     /usr/lib/jvm/java-6-sun-1.6.0.26/jre/lib/i386/xawt/libmawt.so
b446d000-b446f000 rwxp 00043000 08:02 241982     /usr/lib/jvm/java-6-sun-1.6.0.26/jre/lib/i386/xawt/libmawt.so
b446f000-b4470000 rwxp 00000000 00:00 0 
b4470000-b4477000 r-xs 0004f000 08:05 580032     /home/manu/Documents/sources/contiki/tools/cooja/lib/log4j.jar
b4477000-b447a000 r-xs 00022000 08:05 580031     /home/manu/Documents/sources/contiki/tools/cooja/lib/jdom.jar
b447a000-b447d000 ---p 00000000 00:00 0 
b447d000-b44cb000 rwxp 00000000 00:00 0 
b44cb000-b44ce000 ---p 00000000 00:00 0 
b44ce000-b454c000 rwxp 00000000 00:00 0 
b454c000-b454f000 ---p 00000000 00:00 0 
b454f000-b459d000 rwxp 00000000 00:00 0 
b459d000-b45a4000 r-xs 00000000 08:02 88550      /usr/lib/gconv/gconv-modules.cache
b45a4000-b45e3000 r-xp 00000000 08:02 51679      /usr/lib/locale/fr_FR.utf8/LC_CTYPE
b45e3000-b45e6000 ---p 00000000 00:00 0 
b45e6000-b4634000 rwxp 00000000 00:00 0 
b4634000-b4637000 ---p 00000000 00:00 0 
b4637000-b46b9000 rwxp 00000000 00:00 0 
b46b9000-b4851000 r-xs 03029000 08:02 242205     /usr/lib/jvm/java-6-sun-1.6.0.26/jre/lib/rt.jar
b4851000-b4852000 ---p 00000000 00:00 0 
b4852000-b48d9000 rwxp 00000000 00:00 0 
b48d9000-b48f3000 rwxp 00000000 00:00 0 
b48f3000-b48f9000 rwxp 00000000 00:00 0 
b48f9000-b499e000 rwxp 00000000 00:00 0 
b499e000-b49a1000 rwxp 00000000 00:00 0 
b49a1000-b49f3000 rwxp 00000000 00:00 0 
b49f3000-b49f9000 rwxp 00000000 00:00 0 
b49f9000-b4a9e000 rwxp 00000000 00:00 0 
b4a9e000-b4aa4000 rwxp 00000000 00:00 0 
b4aa4000-b4abe000 rwxp 00000000 00:00 0 
b4abe000-b4ad1000 rwxp 00000000 00:00 0 
b4ad1000-b4b4a000 rwxp 00000000 00:00 0 
b4b4a000-b4cf2000 rwxp 00000000 00:00 0 
b4cf2000-b6b4a000 rwxp 00000000 00:00 0 
b6b4a000-b6b59000 r-xp 00000000 08:02 241959     /usr/lib/jvm/java-6-sun-1.6.0.26/jre/lib/i386/libzip.so
b6b59000-b6b5b000 rwxp 0000e000 08:02 241959     /usr/lib/jvm/java-6-sun-1.6.0.26/jre/lib/i386/libzip.so
b6b5b000-b6b65000 r-xp 00000000 08:02 137071     /lib/tls/i686/cmov/libnss_files-2.11.1.so
b6b65000-b6b66000 r-xp 00009000 08:02 137071     /lib/tls/i686/cmov/libnss_files-2.11.1.so
b6b66000-b6b67000 rwxp 0000a000 08:02 137071     /lib/tls/i686/cmov/libnss_files-2.11.1.so
b6b67000-b6b6f000 r-xp 00000000 08:02 158575     /lib/tls/i686/cmov/libnss_nis-2.11.1.so
b6b6f000-b6b70000 r-xp 00007000 08:02 158575     /lib/tls/i686/cmov/libnss_nis-2.11.1.so
b6b70000-b6b71000 rwxp 00008000 08:02 158575     /lib/tls/i686/cmov/libnss_nis-2.11.1.so
b6b71000-b6b84000 r-xp 00000000 08:02 135965     /lib/tls/i686/cmov/libnsl-2.11.1.so
b6b84000-b6b85000 r-xp 00012000 08:02 135965     /lib/tls/i686/cmov/libnsl-2.11.1.so
b6b85000-b6b86000 rwxp 00013000 08:02 135965     /lib/tls/i686/cmov/libnsl-2.11.1.so
b6b86000-b6b88000 rwxp 00000000 00:00 0 
b6b88000-b6b8a000 r-xs 0001a000 08:05 581037     /home/manu/Documents/sources/contiki/tools/cooja/apps/mrm/lib/mrm.jar
b6b8a000-b6b97000 rwxp 00000000 00:00 0 
b6b97000-b6b9f000 rwxs 00000000 08:02 11979      /tmp/hsperfdata_manu/27132
b6b9f000-b6bc2000 r-xp 00000000 08:02 241955     /usr/lib/jvm/java-6-sun-1.6.0.26/jre/lib/i386/libjava.so
b6bc2000-b6bc4000 rwxp 00023000 08:02 241955     /usr/lib/jvm/java-6-sun-1.6.0.26/jre/lib/i386/libjava.so
b6bc4000-b6bcb000 r-xp 00000000 08:02 158593     /lib/tls/i686/cmov/librt-2.11.1.so
b6bcb000-b6bcc000 r-xp 00006000 08:02 158593     /lib/tls/i686/cmov/librt-2.11.1.so
b6bcc000-b6bcd000 rwxp 00007000 08:02 158593     /lib/tls/i686/cmov/librt-2.11.1.so
b6bcd000-b6bd0000 ---p 00000000 00:00 0 
b6bd0000-b6c1e000 rwxp 00000000 00:00 0 
b6c1e000-b6c42000 r-xp 00000000 08:02 127031     /lib/tls/i686/cmov/libm-2.11.1.so
b6c42000-b6c43000 r-xp 00023000 08:02 127031     /lib/tls/i686/cmov/libm-2.11.1.so
b6c43000-b6c44000 rwxp 00024000 08:02 127031     /lib/tls/i686/cmov/libm-2.11.1.so
b6c44000-b7125000 r-xp 00000000 08:02 241946     /usr/lib/jvm/java-6-sun-1.6.0.26/jre/lib/i386/client/libjvm.so
b7125000-b7148000 rwxp 004e1000 08:02 241946     /usr/lib/jvm/java-6-sun-1.6.0.26/jre/lib/i386/client/libjvm.so
b7148000-b7565000 rwxp 00000000 00:00 0 
b7565000-b76b8000 r-xp 00000000 08:02 96547      /lib/tls/i686/cmov/libc-2.11.1.so
b76b8000-b76b9000 ---p 00153000 08:02 96547      /lib/tls/i686/cmov/libc-2.11.1.so
b76b9000-b76bb000 r-xp 00153000 08:02 96547      /lib/tls/i686/cmov/libc-2.11.1.so
b76bb000-b76bc000 rwxp 00155000 08:02 96547      /lib/tls/i686/cmov/libc-2.11.1.so
b76bc000-b76bf000 rwxp 00000000 00:00 0 
b76bf000-b76c1000 r-xp 00000000 08:02 127010     /lib/tls/i686/cmov/libdl-2.11.1.so
b76c1000-b76c2000 r-xp 00001000 08:02 127010     /lib/tls/i686/cmov/libdl-2.11.1.so
b76c2000-b76c3000 rwxp 00002000 08:02 127010     /lib/tls/i686/cmov/libdl-2.11.1.so
b76c3000-b76ca000 r-xp 00000000 08:02 241958     /usr/lib/jvm/java-6-sun-1.6.0.26/jre/lib/i386/jli/libjli.so
b76ca000-b76cc000 rwxp 00006000 08:02 241958     /usr/lib/jvm/java-6-sun-1.6.0.26/jre/lib/i386/jli/libjli.so
b76cc000-b76cd000 rwxp 00000000 00:00 0 
b76cd000-b76e2000 r-xp 00000000 08:02 158590     /lib/tls/i686/cmov/libpthread-2.11.1.so
b76e2000-b76e3000 r-xp 00014000 08:02 158590     /lib/tls/i686/cmov/libpthread-2.11.1.so
b76e3000-b76e4000 rwxp 00015000 08:02 158590     /lib/tls/i686/cmov/libpthread-2.11.1.so
b76e4000-b76e6000 rwxp 00000000 00:00 0 
b76e6000-b76e7000 r-xs 00003000 08:05 581232     /home/manu/Documents/sources/contiki/tools/cooja/apps/serial_socket/lib/serial_socket.jar
b76e7000-b76ed000 r-xp 00000000 08:02 136301     /lib/tls/i686/cmov/libnss_compat-2.11.1.so
b76ed000-b76ee000 r-xp 00006000 08:02 136301     /lib/tls/i686/cmov/libnss_compat-2.11.1.so
b76ee000-b76ef000 rwxp 00007000 08:02 136301     /lib/tls/i686/cmov/libnss_compat-2.11.1.so
b76ef000-b76f0000 rwxp 00000000 00:00 0 
b76f0000-b76f1000 r-xp 00000000 00:00 0 
b76f1000-b76fc000 r-xp 00000000 08:02 241954     /usr/lib/jvm/java-6-sun-1.6.0.26/jre/lib/i386/libverify.so
b76fc000-b76fd000 rwxp 0000b000 08:02 241954     /usr/lib/jvm/java-6-sun-1.6.0.26/jre/lib/i386/libverify.so
b76fd000-b76ff000 rwxp 00000000 00:00 0 
b76ff000-b7700000 r-xp 00000000 00:00 0          [vdso]
b7700000-b771b000 r-xp 00000000 08:02 40758      /lib/ld-2.11.1.so
b771b000-b771c000 r-xp 0001a000 08:02 40758      /lib/ld-2.11.1.so
b771c000-b771d000 rwxp 0001b000 08:02 40758      /lib/ld-2.11.1.so
bfa5f000-bfa74000 rwxp 00000000 00:00 0          [stack]

VM Arguments:
jvm_args: -Xmx512m -Duser.language=en 
java_command: se.sics.cooja.GUI
Launcher Type: SUN_STANDARD

Environment Variables:
JAVA_HOME=/usr/lib/jvm/java-6-sun
PATH=/usr/local/sbin:/usr/local/bin:/usr/sbin:/usr/bin:/sbin:/bin:/usr/games:/opt/msp430-gcc-4.4.5/bin
USERNAME=manu
LD_LIBRARY_PATH=/usr/lib/jvm/java-6-sun-1.6.0.26/jre/lib/i386/client:/usr/lib/jvm/java-6-sun-1.6.0.26/jre/lib/i386:/usr/lib/jvm/java-6-sun-1.6.0.26/jre/../lib/i386:.
SHELL=/bin/bash
DISPLAY=:0.0

Signal Handlers:
SIGSEGV: [libjvm.so+0x469ec0], sa_mask[0]=0x7ffbfeff, sa_flags=0x10000004
SIGBUS: [libjvm.so+0x469ec0], sa_mask[0]=0x7ffbfeff, sa_flags=0x10000004
SIGFPE: [libjvm.so+0x38bf10], sa_mask[0]=0x7ffbfeff, sa_flags=0x10000004
SIGPIPE: [libjvm.so+0x38bf10], sa_mask[0]=0x7ffbfeff, sa_flags=0x10000004
SIGXFSZ: [libjvm.so+0x38bf10], sa_mask[0]=0x7ffbfeff, sa_flags=0x10000004
SIGILL: [libjvm.so+0x38bf10], sa_mask[0]=0x7ffbfeff, sa_flags=0x10000004
SIGUSR1: SIG_DFL, sa_mask[0]=0x00000000, sa_flags=0x00000000
SIGUSR2: [libjvm.so+0x38f150], sa_mask[0]=0x00000004, sa_flags=0x10000004
SIGHUP: [libjvm.so+0x38ed30], sa_mask[0]=0x7ffbfeff, sa_flags=0x10000004
SIGINT: [libjvm.so+0x38ed30], sa_mask[0]=0x7ffbfeff, sa_flags=0x10000004
SIGTERM: [libjvm.so+0x38ed30], sa_mask[0]=0x7ffbfeff, sa_flags=0x10000004
SIGQUIT: [libjvm.so+0x38ed30], sa_mask[0]=0x7ffbfeff, sa_flags=0x10000004


---------------  S Y S T E M  ---------------

OS:squeeze/sid

uname:Linux 2.6.32-34-generic #73-Ubuntu SMP Thu Aug 11 17:07:31 UTC 2011 i686
libc:glibc 2.11.1 NPTL 2.11.1 
rlimit: STACK 8192k, CORE 0k, NPROC infinity, NOFILE 1024, AS infinity
load average:0.75 0.58 0.43

/proc/meminfo:
MemTotal:        2060120 kB
MemFree:          369916 kB
Buffers:          183988 kB
Cached:           984500 kB
SwapCached:        38228 kB
Active:          1081792 kB
Inactive:         368304 kB
Active(anon):     137636 kB
Inactive(anon):   151308 kB
Active(file):     944156 kB
Inactive(file):   216996 kB
Unevictable:           0 kB
Mlocked:               0 kB
HighTotal:       1186352 kB
HighFree:          25332 kB
LowTotal:         873768 kB
LowFree:          344584 kB
SwapTotal:       2554292 kB
SwapFree:        2341668 kB
Dirty:              6184 kB
Writeback:             0 kB
AnonPages:        266280 kB
Mapped:           110336 kB
Shmem:              7360 kB
Slab:             150008 kB
SReclaimable:     137608 kB
SUnreclaim:        12400 kB
KernelStack:        2376 kB
PageTables:         6160 kB
NFS_Unstable:          0 kB
Bounce:                0 kB
WritebackTmp:          0 kB
CommitLimit:     3584352 kB
Committed_AS:    1143604 kB
VmallocTotal:     122880 kB
VmallocUsed:       62208 kB
VmallocChunk:      52220 kB
HardwareCorrupted:     0 kB
HugePages_Total:       0
HugePages_Free:        0
HugePages_Rsvd:        0
HugePages_Surp:        0
Hugepagesize:       4096 kB
DirectMap4k:      872440 kB
DirectMap4M:       36864 kB


CPU:total 2 (1 cores per cpu, 2 threads per core) family 15 model 4 stepping 3, cmov, cx8, fxsr, mmx, sse, sse2, sse3, ht

/proc/cpuinfo:
processor	: 0
vendor_id	: GenuineIntel
cpu family	: 15
model		: 4
model name	: Intel(R) Pentium(R) 4 CPU 3.40GHz
stepping	: 3
cpu MHz		: 3391.922
cache size	: 2048 KB
physical id	: 0
siblings	: 2
core id		: 0
cpu cores	: 1
apicid		: 0
initial apicid	: 0
fdiv_bug	: no
hlt_bug		: no
f00f_bug	: no
coma_bug	: no
fpu		: yes
fpu_exception	: yes
cpuid level	: 5
wp		: yes
flags		: fpu vme de pse tsc msr pae mce cx8 apic mtrr pge mca cmov pat pse36 clflush dts acpi mmx fxsr sse sse2 ss ht tm pbe nx lm constant_tsc pebs bts pni dtes64 monitor ds_cpl est cid cx16 xtpr
bogomips	: 6783.84
clflush size	: 64
cache_alignment	: 128
address sizes	: 36 bits physical, 48 bits virtual
power management:

processor	: 1
vendor_id	: GenuineIntel
cpu family	: 15
model		: 4
model name	: Intel(R) Pentium(R) 4 CPU 3.40GHz
stepping	: 3
cpu MHz		: 3391.922
cache size	: 2048 KB
physical id	: 0
siblings	: 2
core id		: 0
cpu cores	: 1
apicid		: 1
initial apicid	: 1
fdiv_bug	: no
hlt_bug		: no
f00f_bug	: no
coma_bug	: no
fpu		: yes
fpu_exception	: yes
cpuid level	: 5
wp		: yes
flags		: fpu vme de pse tsc msr pae mce cx8 apic mtrr pge mca cmov pat pse36 clflush dts acpi mmx fxsr sse sse2 ss ht tm pbe nx lm constant_tsc pebs bts pni dtes64 monitor ds_cpl est cid cx16 xtpr
bogomips	: 6783.16
clflush size	: 64
cache_alignment	: 128
address sizes	: 36 bits physical, 48 bits virtual
power management:



Memory: 4k page, physical 2060120k(369916k free), swap 2554292k(2341668k free)

vm_info: Java HotSpot(TM) Client VM (20.1-b02) for linux-x86 JRE (1.6.0_26-b03), built on May  4 2011 01:23:42 by "java_re" with gcc 3.2.1-7a (J2SE release)

time: Tue Sep 20 16:44:02 2011
elapsed time: 18 seconds

