#
# A fatal error has been detected by the Java Runtime Environment:
#
#  SIGSEGV (0xb) at pc=0xb34ddaad, pid=6163, tid=3009850224
#
# JRE version: 6.0_26-b03
# Java VM: Java HotSpot(TM) Client VM (20.1-b02 mixed mode, sharing linux-x86 )
# Problematic frame:
# C  [mtype418.cooja+0x12aad]  double+0x3c5
#
# If you would like to submit a bug report, please visit:
#   http://java.sun.com/webapps/bugreport/crash.jsp
# The crash happened outside the Java Virtual Machine in native code.
# See problematic frame for where to report the bug.
#

---------------  T H R E A D  ---------------

Current thread (0xb3de6800):  JavaThread "Thread-10" [_thread_in_native, id=10591, stack(0xb361a000,0xb366b000)]

siginfo:si_signo=SIGSEGV: si_errno=0, si_code=1 (SEGV_MAPERR), si_addr=0x00000004

Registers:
EAX=0x00000000, EBX=0x00000000, ECX=0x00000008, EDX=0x00000003
ESP=0xb34f2e6c, EBP=0xb34f2f64, ESI=0x00000000, EDI=0x00000000
EIP=0xb34ddaad, EFLAGS=0x00010296, CR2=0x00000004

Top of Stack: (sp=0xb34f2e6c)
0xb34f2e6c:   b34f1104 b34f40b0 0000002a 00000001
0xb34f2e7c:   00000000 b7789f03 00000000 b34ee66d
0xb34f2e8c:   b3000000 00000000 00000000 b34ed339
0xb34f2e9c:   b34ed339 00000000 00000000 b34f2240
0xb34f2eac:   b34f2eb4 ffffffff 00000000 00000036
0xb34f2ebc:   00010d91 b34f77fc 0000002c 00000018
0xb34f2ecc:   b34f764c 7402451f 0000aaaa 00000000
0xb34f2edc:   00000000 01000000 0100000f 00000200 

Instructions: (pc=0xb34ddaad)
0xb34dda8d:   e8 10 4b 00 00 89 85 50 ff ff ff 8b 85 54 ff ff
0xb34dda9d:   ff 03 85 68 ff ff ff 0f b6 10 8b 85 50 ff ff ff
0xb34ddaad:   88 50 04 83 85 54 ff ff ff 01 8b 85 54 ff ff ff
0xb34ddabd:   03 85 68 ff ff ff 0f b6 00 8d 14 00 8b 85 50 ff 

Register to memory mapping:

EAX=0x00000000 is an unknown value
EBX=0x00000000 is an unknown value
ECX=0x00000008 is an unknown value
EDX=0x00000003 is an unknown value
ESP=0xb34f2e6c: <offset 0x27e6c> in /home/manu/Documents/sources/contiki/examples/ipv6/rpl-fuzzy/obj_cooja/mtype418.cooja at 0xb34cb000
EBP=0xb34f2f64: <offset 0x27f64> in /home/manu/Documents/sources/contiki/examples/ipv6/rpl-fuzzy/obj_cooja/mtype418.cooja at 0xb34cb000
ESI=0x00000000 is an unknown value
EDI=0x00000000 is an unknown value


Stack: [0xb361a000,0xb366b000],  sp=0xb34f2e6c,  free space=4193123k
Native frames: (J=compiled Java code, j=interpreted, Vv=VM code, C=native code)
C  [mtype418.cooja+0x12aad]  double+0x3c5
C  [mtype418.cooja+0x1404c]  uip_rpl_input+0x4f
C  [mtype418.cooja+0x19f86]  uip_process+0x9cc
C  [mtype418.cooja+0x1bc08]  packet_input+0x23
C  [mtype418.cooja+0x1c056]  long double+0x1f4
C  [mtype418.cooja+0x1c51d]  process_thread_tcpip_process+0xbe
C  [mtype418.cooja+0x16ef7]  char+0x57
C  [mtype418.cooja+0x17249]  process_post_synch+0x2e
C  [mtype418.cooja+0x1c08a]  unsigned short+0x22
C  [mtype418.cooja+0x1fbd2]  int+0x45f
C  [mtype418.cooja+0xfc92]  int+0xd
C  [mtype418.cooja+0x108d1]  int+0x1d1
C  [mtype418.cooja+0x2245c]  process_thread_cooja_radio_process+0x7e
C  [mtype418.cooja+0x16ef7]  char+0x57
C  [mtype418.cooja+0x16fca]  double+0x4b
C  [mtype418.cooja+0x17130]  process_run+0x16
C  [mtype418.cooja+0xf10b]  process_run_thread_loop+0x1f

Java frames: (J=compiled Java code, j=interpreted, Vv=VM code)
J  se.sics.cooja.corecomm.Lib4.tick()V

[error occurred during error reporting (printing Java stack), id 0xb]


---------------  P R O C E S S  ---------------

Java Threads: ( => current thread )
=>