#
# A fatal error has been detected by the Java Runtime Environment:
#
#  SIGSEGV (0xb) at pc=0xb361e251, pid=30195, tid=3010317168
#
# JRE version: 6.0_26-b03
# Java VM: Java HotSpot(TM) Client VM (20.1-b02 mixed mode, sharing linux-x86 )
# Problematic frame:
# C  [mtype774.cooja+0x13251]  double+0x3c5
#
# If you would like to submit a bug report, please visit:
#   http://java.sun.com/webapps/bugreport/crash.jsp
# The crash happened outside the Java Virtual Machine in native code.
# See problematic frame for where to report the bug.
#

---------------  T H R E A D  ---------------

Current thread (0xb3de9000):  JavaThread "Thread-204" [_thread_in_native, id=30538, stack(0xb368c000,0xb36dd000)]

siginfo:si_signo=SIGSEGV: si_errno=0, si_code=1 (SEGV_MAPERR), si_addr=0x00000004

Registers:
EAX=0x00000000, EBX=0x00000000, ECX=0x00000008, EDX=0x00000003
ESP=0xb3634e6c, EBP=0xb3634f64, ESI=0x00000000, EDI=0x00000000
EIP=0xb361e251, EFLAGS=0x00010292, CR2=0x00000004

Top of Stack: (sp=0xb3634e6c)
0xb3634e6c:   b3633104 b36360b0 0000002a 00000001
0xb3634e7c:   00000000 0000030c 00000000 b76978f4
0xb3634e8c:   00000000 00000000 b7783ff4 b3634ee8
0xb3634e9c:   b3635010 b7698c22 00000000 b3634ecc
0xb3634eac:   b7783ff4 ffffffff 00000000 00000036
0xb3634ebc:   000009d0 b3639d84 0000002c 00000018
0xb3634ecc:   b363968c 740210d2 0000aaaa 00000000
0xb3634edc:   00000000 01000000 010003ff 00000200 

Instructions: (pc=0xb361e251)
0xb361e231:   e8 e8 4b 00 00 89 85 50 ff ff ff 8b 85 54 ff ff
0xb361e241:   ff 03 85 68 ff ff ff 0f b6 10 8b 85 50 ff ff ff
0xb361e251:   88 50 04 83 85 54 ff ff ff 01 8b 85 54 ff ff ff
0xb361e261:   03 85 68 ff ff ff 0f b6 00 8d 14 00 8b 85 50 ff 

Register to memory mapping:

EAX=0x00000000 is an unknown value
EBX=0x00000000 is an unknown value
ECX=0x00000008 is an unknown value
EDX=0x00000003 is an unknown value
ESP=0xb3634e6c: <offset 0x29e6c> in /home/manu/Documents/sources/contiki/examples/ipv6/rpl-fuzzy/obj_cooja/mtype774.cooja at 0xb360b000
EBP=0xb3634f64: <offset 0x29f64> in /home/manu/Documents/sources/contiki/examples/ipv6/rpl-fuzzy/obj_cooja/mtype774.cooja at 0xb360b000
ESI=0x00000000 is an unknown value
EDI=0x00000000 is an unknown value


Stack: [0xb368c000,0xb36dd000],  sp=0xb3634e6c,  free space=4193955k
Native frames: (J=compiled Java code, j=interpreted, Vv=VM code, C=native code)
C  [mtype774.cooja+0x13251]  double+0x3c5
C  [mtype774.cooja+0x147f0]  uip_rpl_input+0x4f
C  [mtype774.cooja+0x1a816]  uip_process+0x9cc
C  [mtype774.cooja+0x1c530]  packet_input+0x23
C  [mtype774.cooja+0x1c97e]  long double+0x1f4
C  [mtype774.cooja+0x1ce45]  process_thread_tcpip_process+0xbe
C  [mtype774.cooja+0x17773]  char+0x57
C  [mtype774.cooja+0x17ac5]  process_post_synch+0x2e
C  [mtype774.cooja+0x1c9b2]  unsigned short+0x22
C  [mtype774.cooja+0x20ced]  int+0x658
C  [mtype774.cooja+0x10436]  int+0xd
C  [mtype774.cooja+0x11075]  int+0x1d1
C  [mtype774.cooja+0x235bc]  process_thread_cooja_radio_process+0xd2
C  [mtype774.cooja+0x17773]  char+0x57
C  [mtype774.cooja+0x17846]  double+0x4b
C  [mtype774.cooja+0x179ac]  process_run+0x16
C  [mtype774.cooja+0xf8ae]  process_run_thread_loop+0x1f

Java frames: (J=compiled Java code, j=interpreted, Vv=VM code)
j  se.sics.cooja.corecomm.Lib2.tick()V+0
j  se.sics.cooja.contikimote.ContikiMoteType.tick()V+4
j  se.sics.cooja.contikimote.ContikiMote.execute(J)V+63
j  se.sics.cooja.motes.AbstractWakeupMote$1.execute(J)V+5
J  se.sics.cooja.Simulation.run()V

[error occurred during error reporting (printing Java stack), id 0xb]


---------------  P R O C E S S  ---------------

Java Threads: ( => current thread )
=>