#
# A fatal error has been detected by the Java Runtime Environment:
#
#  SIGSEGV (0xb) at pc=0xb35e8881, pid=24077, tid=3012942704
#
# JRE version: 6.0_26-b03
# Java VM: Java HotSpot(TM) Client VM (20.1-b02 mixed mode, sharing linux-x86 )
# Problematic frame:
# C  [mtype291.cooja+0x13881]  double+0x3c5
#
# If you would like to submit a bug report, please visit:
#   http://java.sun.com/webapps/bugreport/crash.jsp
# The crash happened outside the Java Virtual Machine in native code.
# See problematic frame for where to report the bug.
#

---------------  T H R E A D  ---------------

Current thread (0xb3803400):  JavaThread "Thread-9" [_thread_in_native, id=24257, stack(0xb390d000,0xb395e000)]

siginfo:si_signo=SIGSEGV: si_errno=0, si_code=1 (SEGV_MAPERR), si_addr=0x00000004

Registers:
EAX=0x00000000, EBX=0x00000000, ECX=0x00000008, EDX=0x00000003
ESP=0xb35ffe8c, EBP=0xb35fff84, ESI=0x00000000, EDI=0x00000000
EIP=0xb35e8881, EFLAGS=0x00010292, CR2=0x00000004

Top of Stack: (sp=0xb35ffe8c)
0xb35ffe8c:   b35fe104 b36010d0 0000002a 00000001
0xb35ffe9c:   00000000 0000030c 00000000 b77878f4
0xb35ffeac:   00000000 00000000 b7873ff4 b35fff08
0xb35ffebc:   b3600030 b7788c22 00000000 b35ffeec
0xb35ffecc:   b7873ff4 ffffffff 00000000 00000036
0xb35ffedc:   000009d0 b3605ffc 0000002c 00000018
0xb35ffeec:   b3605a3a 6602c09a 0000aaaa 00000000
0xb35ffefc:   00000000 01000000 010003ff 00000200 

Instructions: (pc=0xb35e8881)
0xb35e8861:   e8 e8 4b 00 00 89 85 50 ff ff ff 8b 85 54 ff ff
0xb35e8871:   ff 03 85 68 ff ff ff 0f b6 10 8b 85 50 ff ff ff
0xb35e8881:   88 50 04 83 85 54 ff ff ff 01 8b 85 54 ff ff ff
0xb35e8891:   03 85 68 ff ff ff 0f b6 00 8d 14 00 8b 85 50 ff 

Register to memory mapping:

EAX=0x00000000 is an unknown value
EBX=0x00000000 is an unknown value
ECX=0x00000008 is an unknown value
EDX=0x00000003 is an unknown value
ESP=0xb35ffe8c: <offset 0x2ae8c> in /home/manu/Documents/sources/contiki/examples/ipv6/rpl-fuzzy/obj_cooja/mtype291.cooja at 0xb35d5000
EBP=0xb35fff84: <offset 0x2af84> in /home/manu/Documents/sources/contiki/examples/ipv6/rpl-fuzzy/obj_cooja/mtype291.cooja at 0xb35d5000
ESI=0x00000000 is an unknown value
EDI=0x00000000 is an unknown value


Stack: [0xb390d000,0xb395e000],  sp=0xb35ffe8c,  free space=4191179k
Native frames: (J=compiled Java code, j=interpreted, Vv=VM code, C=native code)
C  [mtype291.cooja+0x13881]  double+0x3c5
C  [mtype291.cooja+0x14e20]  uip_rpl_input+0x4f
C  [mtype291.cooja+0x1b477]  uip_process+0xa2e
C  [mtype291.cooja+0x1d126]  packet_input+0x23
C  [mtype291.cooja+0x1d597]  long double+0x217
C  [mtype291.cooja+0x1dba5]  process_thread_tcpip_process+0xbe
C  [mtype291.cooja+0x17da3]  char+0x57
C  [mtype291.cooja+0x180f5]  process_post_synch+0x2e
C  [mtype291.cooja+0x1d5cb]  unsigned short+0x22
C  [mtype291.cooja+0x21ce6]  int+0x663
C  [mtype291.cooja+0x10a66]  int+0xd
C  [mtype291.cooja+0x116a5]  int+0x1d1
C  [mtype291.cooja+0x24588]  process_thread_cooja_radio_process+0x7e
C  [mtype291.cooja+0x17da3]  char+0x57
C  [mtype291.cooja+0x17e76]  double+0x4b
C  [mtype291.cooja+0x17fdc]  process_run+0x16
C  [mtype291.cooja+0xfede]  process_run_thread_loop+0x1f

Java frames: (J=compiled Java code, j=interpreted, Vv=VM code)
j  se.sics.cooja.corecomm.Lib2.tick()V+0
j  se.sics.cooja.contikimote.ContikiMoteType.tick()V+4
j  se.sics.cooja.contikimote.ContikiMote.execute(J)V+63
j  se.sics.cooja.motes.AbstractWakeupMote$1.execute(J)V+5
j  se.sics.cooja.Simulation.run()V+174
j  java.lang.Thread.run()V+11
v  ~StubRoutines::call_stub

---------------  P R O C E S S  ---------------

Java Threads: ( => current thread )
=>0xb3803400 JavaThread "Thread-9" [_thread_in_native, id=24257, stack(0xb390d000,0xb395e000)]
  0x098c7000 JavaThread "Thread-7" [_thread_blocked, id=24244, stack(0xb372c000,0xb377d000)]
  0x0996a800 JavaThread "Thread-5" [_thread_blocked, id=24189, stack(0xb36db000,0xb372c000)]
  0xb3a0a000 JavaThread "Thread-4" [_thread_blocked, id=24145, stack(0xb395e000,0xb39af000)]
  0x09958400 JavaThread "Thread-2" [_thread_blocked, id=24133, stack(0xb39af000,0xb3a00000)]
  0xb46a8000 JavaThread "TimerQueue" daemon [_thread_blocked, id=24094, stack(0xb3f14000,0xb3f65000)]
  0x0971d000 JavaThread "DestroyJavaVM" [_thread_blocked, id=24081, stack(0xb6d86000,0xb6dd7000)]
  0x097e7800 JavaThread "AWT-EventQueue-0" [_thread_in_native, id=24092, stack(0xb3fb6000,0xb4007000)]
  0x097e6400 JavaThread "AWT-Shutdown" [_thread_blocked, id=24091, stack(0xb408e000,0xb40df000)]
  0x097e2400 JavaThread "AWT-XAWT" daemon [_thread_in_native, id=24090, stack(0xb40df000,0xb4130000)]
  0x097aa800 JavaThread "Java2D Disposer" daemon [_thread_blocked, id=24089, stack(0xb415b000,0xb41ac000)]
  0xb4608800 JavaThread "Low Memory Detector" daemon [_thread_blocked, id=24087, stack(0xb452e000,0xb457f000)]
  0xb4606c00 JavaThread "C1 CompilerThread0" daemon [_thread_blocked, id=24086, stack(0xb457f000,0xb4600000)]
  0xb4605000 JavaThread "Signal Dispatcher" daemon [_thread_blocked, id=24085, stack(0xb4705000,0xb4756000)]
  0x0974f800 JavaThread "Finalizer" daemon [_thread_blocked, id=24084, stack(0xb479c000,0xb47ed000)]
  0x0974b000 JavaThread "Reference Handler" daemon [_thread_blocked, id=24083, stack(0xb47ed000,0xb483e000)]

Other Threads:
  0x09740800 VMThread [stack: 0xb4a0a000,0xb4a8b000] [id=24082]
  0xb460b000 WatcherThread [stack: 0xb44ad000,0xb452e000] [id=24088]

VM state:not at safepoint (normal execution)

VM Mutex/Monitor currently owned by a thread: None

Heap
 def new generation   total 4992K, used 3431K [0x6ed90000, 0x6f2f0000, 0x79830000)
  eden space 4480K,  75% used [0x6ed90000, 0x6f0defd8, 0x6f1f0000)
  from space 512K,   8% used [0x6f1f0000, 0x6f1fac88, 0x6f270000)
  to   space 512K,   0% used [0x6f270000, 0x6f270000, 0x6f2f0000)
 tenured generation   total 10944K, used 7653K [0x79830000, 0x7a2e0000, 0x8ed90000)
   the space 10944K,  69% used [0x79830000, 0x79fa9718, 0x79fa9800, 0x7a2e0000)
 compacting perm gen  total 12288K, used 5306K [0x8ed90000, 0x8f990000, 0x92d90000)
   the space 12288K,  43% used [0x8ed90000, 0x8f2beac8, 0x8f2bec00, 0x8f990000)
    ro space 10240K,  61% used [0x92d90000, 0x933b9d08, 0x933b9e00, 0x93790000)
    rw space 12288K,  60% used [0x93790000, 0x93ecc660, 0x93ecc800, 0x94390000)

Code Cache  [0xb4d03000, 0xb4ebb000, 0xb6d03000)
 total_blobs=1101 nmethods=842 adapters=194 free_code_cache=31775360 largest_free_block=128

Dynamic libraries:
08048000-08052000 r-xp 00000000 08:02 241919     /usr/lib/jvm/java-6-sun-1.6.0.26/jre/bin/java
08052000-08053000 rwxp 00009000 08:02 241919     /usr/lib/jvm/java-6-sun-1.6.0.26/jre/bin/java
09717000-099c9000 rwxp 00000000 00:00 0          [heap]
6ed90000-6f2f0000 rwxp 00000000 00:00 0 
6f2f0000-79830000 rwxp 00000000 00:00 0 
79830000-7a2e0000 rwxp 00000000 00:00 0 
7a2e0000-8ed90000 rwxp 00000000 00:00 0 
8ed90000-8f990000 rwxp 00000000 00:00 0 
8f990000-92d90000 rwxp 00000000 00:00 0 
92d90000-933ba000 r-xs 00001000 08:02 128946     /usr/lib/jvm/java-6-sun-1.6.0.26/jre/lib/i386/client/classes.jsa
933ba000-93790000 rwxp 00000000 00:00 0 
93790000-93ecd000 rwxp 0062b000 08:02 128946     /usr/lib/jvm/java-6-sun-1.6.0.26/jre/lib/i386/client/classes.jsa
93ecd000-94390000 rwxp 00000000 00:00 0 
94390000-94472000 rwxp 00d68000 08:02 128946     /usr/lib/jvm/java-6-sun-1.6.0.26/jre/lib/i386/client/classes.jsa
94472000-94790000 rwxp 00000000 00:00 0 
94790000-94798000 r-xs 00e4a000 08:02 128946     /usr/lib/jvm/java-6-sun-1.6.0.26/jre/lib/i386/client/classes.jsa
94798000-94b90000 rwxp 00000000 00:00 0 
b35ad000-b35c2000 r-xp 00000000 08:02 241976     /usr/lib/jvm/java-6-sun-1.6.0.26/jre/lib/i386/libdcpr.so
b35c2000-b35d5000 rwxp 00014000 08:02 241976     /usr/lib/jvm/java-6-sun-1.6.0.26/jre/lib/i386/libdcpr.so
b35d5000-b35fd000 r-xp 00000000 08:05 585479     /home/manu/Documents/sources/contiki/examples/ipv6/rpl-fuzzy/obj_cooja/mtype291.cooja
b35fd000-b35fe000 r-xp 00027000 08:05 585479     /home/manu/Documents/sources/contiki/examples/ipv6/rpl-fuzzy/obj_cooja/mtype291.cooja
b35fe000-b35ff000 rwxp 00028000 08:05 585479     /home/manu/Documents/sources/contiki/examples/ipv6/rpl-fuzzy/obj_cooja/mtype291.cooja
b35ff000-b3607000 rwxp 00000000 00:00 0 
b3607000-b360a000 ---p 00000000 00:00 0 
b360a000-b3658000 rwxp 00000000 00:00 0 
b3658000-b365b000 ---p 00000000 00:00 0 
b365b000-b36a9000 rwxp 00000000 00:00 0 
b36a9000-b36d1000 r-xp 00000000 08:05 585475     /home/manu/Documents/sources/contiki/examples/ipv6/rpl-fuzzy/obj_cooja/mtype288.cooja
b36d1000-b36d2000 r-xp 00027000 08:05 585475     /home/manu/Documents/sources/contiki/examples/ipv6/rpl-fuzzy/obj_cooja/mtype288.cooja
b36d2000-b36d3000 rwxp 00028000 08:05 585475     /home/manu/Documents/sources/contiki/examples/ipv6/rpl-fuzzy/obj_cooja/mtype288.cooja
b36d3000-b36db000 rwxp 00000000 00:00 0 
b36db000-b36de000 ---p 00000000 00:00 0 
b36de000-b372c000 rwxp 00000000 00:00 0 
b372c000-b372f000 ---p 00000000 00:00 0 
b372f000-b377d000 rwxp 00000000 00:00 0 
b377d000-b37a5000 r-xp 00000000 08:05 585471     /home/manu/Documents/sources/contiki/examples/ipv6/rpl-fuzzy/obj_cooja/mtype517.cooja
b37a5000-b37a6000 r-xp 00027000 08:05 585471     /home/manu/Documents/sources/contiki/examples/ipv6/rpl-fuzzy/obj_cooja/mtype517.cooja
b37a6000-b37a7000 rwxp 00028000 08:05 585471     /home/manu/Documents/sources/contiki/examples/ipv6/rpl-fuzzy/obj_cooja/mtype517.cooja
b37a7000-b37af000 rwxp 00000000 00:00 0 
b37af000-b37b2000 ---p 00000000 00:00 0 
b37b2000-b3800000 rwxp 00000000 00:00 0 
b3800000-b3846000 rwxp 00000000 00:00 0 
b3846000-b3900000 ---p 00000000 00:00 0 
b390d000-b3910000 ---p 00000000 00:00 0 
b3910000-b395e000 rwxp 00000000 00:00 0 
b395e000-b3961000 ---p 00000000 00:00 0 
b3961000-b39af000 rwxp 00000000 00:00 0 
b39af000-b39b2000 ---p 00000000 00:00 0 
b39b2000-b3a00000 rwxp 00000000 00:00 0 
b3a00000-b3afe000 rwxp 00000000 00:00 0 
b3afe000-b3b00000 ---p 00000000 00:00 0 
b3b13000-b3b16000 ---p 00000000 00:00 0 
b3b16000-b3b64000 rwxp 00000000 00:00 0 
b3b64000-b3ec5000 rwxs 00000000 00:04 49872911   /SYSV00000000 (deleted)
b3ec5000-b3ed9000 r-xp 00000000 08:02 241963     /usr/lib/jvm/java-6-sun-1.6.0.26/jre/lib/i386/libnet.so
b3ed9000-b3eda000 rwxp 00013000 08:02 241963     /usr/lib/jvm/java-6-sun-1.6.0.26/jre/lib/i386/libnet.so
b3eda000-b3f14000 r-xs 001e1000 08:05 579634     /home/manu/Documents/sources/contiki/tools/cooja/apps/avrora/lib/avrora-small.jar
b3f14000-b3f17000 ---p 00000000 00:00 0 
b3f17000-b3f65000 rwxp 00000000 00:00 0 
b3f65000-b3f68000 ---p 00000000 00:00 0 
b3f68000-b3fb6000 rwxp 00000000 00:00 0 
b3fb6000-b3fb9000 ---p 00000000 00:00 0 
b3fb9000-b4007000 rwxp 00000000 00:00 0 
b4007000-b4008000 r-xs 00000000 08:02 15264      /var/cache/fontconfig/c05880de57d1f5e948fdfacc138775d9-le32d4.cache-3
b4008000-b400e000 r-xs 00000000 08:02 15238      /var/cache/fontconfig/945677eb7aeaf62f1d50efc3fb3ec7d8-le32d4.cache-3
b400e000-b4011000 r-xs 00000000 08:02 15230      /var/cache/fontconfig/99e8ed0e538f840c565b6ed5dad60d56-le32d4.cache-3
b4011000-b4013000 r-xs 00000000 08:02 15080      /var/cache/fontconfig/f24b2111ab8703b4e963115a8cf14259-le32d4.cache-3
b4013000-b4016000 r-xs 00000000 08:02 15079      /var/cache/fontconfig/e383d7ea5fbe662a33d9b44caf393297-le32d4.cache-3
b4016000-b4017000 r-xs 00000000 08:02 14751      /var/cache/fontconfig/e7071f4a29fa870f4323321c154eba04-le32d4.cache-3
b4017000-b401b000 r-xs 00000000 08:02 342749     /var/cache/fontconfig/926e794c3d5e5dffcaf2fa83ef8d36c2-le32d4.cache-3
b401b000-b401e000 r-xs 00000000 08:02 1661       /var/cache/fontconfig/6eb3985aa4124903f6ff08ba781cd364-le32d4.cache-3
b401e000-b401f000 r-xs 00000000 08:02 1660       /var/cache/fontconfig/4c73fe0c47614734b17d736dbde7580a-le32d4.cache-3
b401f000-b4020000 r-xs 00000000 08:02 1554       /var/cache/fontconfig/0d8c3b2ac0904cb8a57a757ad11a4a08-le32d4.cache-3
b4020000-b4021000 r-xs 00000000 08:02 1499       /var/cache/fontconfig/6a53c69dea097a2d716e069445527da8-le32d4.cache-3
b4021000-b4025000 r-xs 00000000 08:02 1498       /var/cache/fontconfig/062808c12e6e608270f93bb230aed730-le32d4.cache-3
b4025000-b4029000 r-xs 00000000 08:02 1497       /var/cache/fontconfig/a755afe4a08bf5b97852ceb7400b47bc-le32d4.cache-3
b4029000-b4030000 r-xs 00000000 08:02 1481       /var/cache/fontconfig/6d41288fd70b0be22e8c3a91e032eec0-le32d4.cache-3
b4030000-b403b000 r-xs 00000000 08:02 46600      /var/cache/fontconfig/0f34bcd4b6ee430af32735b75db7f02b-le32d4.cache-3
b403b000-b403e000 r-xs 00000000 08:02 1332       /var/cache/fontconfig/d60319d88cac85ba9e1a07bd06cfbb8c-le32d4.cache-3
b403e000-b403f000 r-xs 00000000 08:02 103569     /var/cache/fontconfig/4794a0821666d79190d59a36cb4f44b5-le32d4.cache-3
b403f000-b4061000 r-xs 00000000 08:02 1295       /var/cache/fontconfig/365b55f210c0a22e9a19e35191240f32-le32d4.cache-3
b4061000-b4063000 r-xs 00000000 08:02 1287       /var/cache/fontconfig/2c5ba8142dffc8bf0377700342b8ca1a-le32d4.cache-3
b4063000-b406b000 r-xs 00000000 08:02 1265       /var/cache/fontconfig/d52a8644073d54c13679302ca1180695-le32d4.cache-3
b406b000-b4079000 r-xs 00000000 08:02 310311     /var/cache/fontconfig/e13b20fdb08344e0e664864cc2ede53d-le32d4.cache-3
b4084000-b408b000 r-xp 00000000 08:02 241964     /usr/lib/jvm/java-6-sun-1.6.0.26/jre/lib/i386/libnio.so
b408b000-b408c000 rwxp 00006000 08:02 241964     /usr/lib/jvm/java-6-sun-1.6.0.26/jre/lib/i386/libnio.so
b408c000-b408e000 r-xs 00007000 08:05 581220     /home/manu/Documents/sources/contiki/tools/cooja/apps/avrora/lib/cooja_avrora.jar
b408e000-b4091000 ---p 00000000 00:00 0 
b4091000-b40df000 rwxp 00000000 00:00 0 
b40df000-b40e2000 ---p 00000000 00:00 0 
b40e2000-b4130000 rwxp 00000000 00:00 0 
b4130000-b4138000 r-xp 00000000 08:02 7389       /usr/lib/libXrender.so.1.3.0
b4138000-b4139000 r-xp 00007000 08:02 7389       /usr/lib/libXrender.so.1.3.0
b4139000-b413a000 rwxp 00008000 08:02 7389       /usr/lib/libXrender.so.1.3.0
b413a000-b4142000 r-xp 00000000 08:02 124118     /usr/lib/libXcursor.so.1.0.2
b4142000-b4143000 r-xp 00007000 08:02 124118     /usr/lib/libXcursor.so.1.0.2
b4143000-b4144000 rwxp 00008000 08:02 124118     /usr/lib/libXcursor.so.1.0.2
b4144000-b4145000 r-xs 00002000 08:05 581244     /home/manu/Documents/sources/contiki/tools/cooja/apps/collect-view/cooja-collect-view.jar
b4145000-b4146000 r-xs 00003000 08:05 580227     /home/manu/Documents/sources/contiki/tools/cooja/apps/mspsim/lib/coffee.jar
b4146000-b414f000 r-xs 0008e000 08:05 581040     /home/manu/Documents/sources/contiki/tools/cooja/apps/mspsim/lib/mspsim.jar
b414f000-b4153000 r-xs 0002a000 08:05 581193     /home/manu/Documents/sources/contiki/tools/cooja/apps/mspsim/lib/cooja_mspsim.jar
b4153000-b415b000 r-xs 00115000 08:02 242018     /usr/lib/jvm/java-6-sun-1.6.0.26/jre/lib/resources.jar
b415b000-b415e000 ---p 00000000 00:00 0 
b415e000-b41ac000 rwxp 00000000 00:00 0 
b41ac000-b4225000 r-xp 00000000 08:02 241988     /usr/lib/jvm/java-6-sun-1.6.0.26/jre/lib/i386/libfontmanager.so
b4225000-b422f000 rwxp 00078000 08:02 241988     /usr/lib/jvm/java-6-sun-1.6.0.26/jre/lib/i386/libfontmanager.so
b422f000-b4234000 rwxp 00000000 00:00 0 
b4234000-b4238000 r-xp 00000000 08:02 43742      /usr/lib/libXdmcp.so.6.0.0
b4238000-b4239000 r-xp 00003000 08:02 43742      /usr/lib/libXdmcp.so.6.0.0
b4239000-b423a000 rwxp 00004000 08:02 43742      /usr/lib/libXdmcp.so.6.0.0
b423a000-b423c000 r-xp 00000000 08:02 38105      /usr/lib/libXau.so.6.0.0
b423c000-b423d000 r-xp 00001000 08:02 38105      /usr/lib/libXau.so.6.0.0
b423d000-b423e000 rwxp 00002000 08:02 38105      /usr/lib/libXau.so.6.0.0
b423e000-b4256000 r-xp 00000000 08:02 89888      /usr/lib/libxcb.so.1.1.0
b4256000-b4257000 r-xp 00017000 08:02 89888      /usr/lib/libxcb.so.1.1.0
b4257000-b4258000 rwxp 00018000 08:02 89888      /usr/lib/libxcb.so.1.1.0
b4258000-b4264000 r-xp 00000000 08:02 28336      /usr/lib/libXi.so.6.1.0
b4264000-b4265000 r-xp 0000c000 08:02 28336      /usr/lib/libXi.so.6.1.0
b4265000-b4266000 rwxp 0000d000 08:02 28336      /usr/lib/libXi.so.6.1.0
b4266000-b426a000 r-xp 00000000 08:02 28351      /usr/lib/libXtst.so.6.1.0
b426a000-b426b000 r-xp 00003000 08:02 28351      /usr/lib/libXtst.so.6.1.0
b426b000-b426c000 rwxp 00004000 08:02 28351      /usr/lib/libXtst.so.6.1.0
b426c000-b4385000 r-xp 00000000 08:02 28304      /usr/lib/libX11.so.6.3.0
b4385000-b4386000 r-xp 00118000 08:02 28304      /usr/lib/libX11.so.6.3.0
b4386000-b4388000 rwxp 00119000 08:02 28304      /usr/lib/libX11.so.6.3.0
b4388000-b4389000 rwxp 00000000 00:00 0 
b4389000-b4397000 r-xp 00000000 08:02 28320      /usr/lib/libXext.so.6.4.0
b4397000-b4398000 r-xp 0000d000 08:02 28320      /usr/lib/libXext.so.6.4.0
b4398000-b4399000 rwxp 0000e000 08:02 28320      /usr/lib/libXext.so.6.4.0
b4399000-b439d000 r-xp 00000000 08:02 18946      /usr/lib/libXfixes.so.3.1.0
b439d000-b439e000 r-xp 00003000 08:02 18946      /usr/lib/libXfixes.so.3.1.0
b439e000-b439f000 rwxp 00004000 08:02 18946      /usr/lib/libXfixes.so.3.1.0
b439f000-b43a2000 r-xs 00000000 08:02 1235       /var/cache/fontconfig/7ef2298fde41cc6eeb7af42e48b7d293-le32d4.cache-3
b43a2000-b43b0000 r-xs 00000000 08:02 310345     /var/cache/fontconfig/865f88548240fee46819705c6468c165-le32d4.cache-3
b43b0000-b43f3000 r-xp 00000000 08:02 241982     /usr/lib/jvm/java-6-sun-1.6.0.26/jre/lib/i386/xawt/libmawt.so
b43f3000-b43f5000 rwxp 00043000 08:02 241982     /usr/lib/jvm/java-6-sun-1.6.0.26/jre/lib/i386/xawt/libmawt.so
b43f5000-b43f6000 rwxp 00000000 00:00 0 
b43f6000-b447b000 r-xp 00000000 08:02 241978     /usr/lib/jvm/java-6-sun-1.6.0.26/jre/lib/i386/libawt.so
b447b000-b4482000 rwxp 00085000 08:02 241978     /usr/lib/jvm/java-6-sun-1.6.0.26/jre/lib/i386/libawt.so
b4482000-b44a6000 rwxp 00000000 00:00 0 
b44a6000-b44ad000 r-xs 0004f000 08:05 580032     /home/manu/Documents/sources/contiki/tools/cooja/lib/log4j.jar
b44ad000-b44ae000 ---p 00000000 00:00 0 
b44ae000-b452e000 rwxp 00000000 00:00 0 
b452e000-b4531000 ---p 00000000 00:00 0 
b4531000-b457f000 rwxp 00000000 00:00 0 
b457f000-b4582000 ---p 00000000 00:00 0 
b4582000-b4600000 rwxp 00000000 00:00 0 
b4600000-b4700000 rwxp 00000000 00:00 0 
b4700000-b4702000 r-xs 00010000 08:05 581041     /home/manu/Documents/sources/contiki/tools/cooja/apps/mspsim/lib/jipv6.jar
b4702000-b4705000 r-xs 00022000 08:05 580031     /home/manu/Documents/sources/contiki/tools/cooja/lib/jdom.jar
b4705000-b4708000 ---p 00000000 00:00 0 
b4708000-b4756000 rwxp 00000000 00:00 0 
b4756000-b475d000 r-xs 00000000 08:02 88550      /usr/lib/gconv/gconv-modules.cache
b475d000-b479c000 r-xp 00000000 08:02 51679      /usr/lib/locale/fr_FR.utf8/LC_CTYPE
b479c000-b479f000 ---p 00000000 00:00 0 
b479f000-b47ed000 rwxp 00000000 00:00 0 
b47ed000-b47f0000 ---p 00000000 00:00 0 
b47f0000-b4872000 rwxp 00000000 00:00 0 
b4872000-b4a0a000 r-xs 03029000 08:02 242205     /usr/lib/jvm/java-6-sun-1.6.0.26/jre/lib/rt.jar
b4a0a000-b4a0b000 ---p 00000000 00:00 0 
b4a0b000-b4a92000 rwxp 00000000 00:00 0 
b4a92000-b4aac000 rwxp 00000000 00:00 0 
b4aac000-b4ab2000 rwxp 00000000 00:00 0 
b4ab2000-b4b57000 rwxp 00000000 00:00 0 
b4b57000-b4b5a000 rwxp 00000000 00:00 0 
b4b5a000-b4bac000 rwxp 00000000 00:00 0 
b4bac000-b4bb2000 rwxp 00000000 00:00 0 
b4bb2000-b4c57000 rwxp 00000000 00:00 0 
b4c57000-b4c5d000 rwxp 00000000 00:00 0 
b4c5d000-b4c77000 rwxp 00000000 00:00 0 
b4c77000-b4c8a000 rwxp 00000000 00:00 0 
b4c8a000-b4d03000 rwxp 00000000 00:00 0 
b4d03000-b4ebb000 rwxp 00000000 00:00 0 
b4ebb000-b6d03000 rwxp 00000000 00:00 0 
b6d03000-b6d12000 r-xp 00000000 08:02 241959     /usr/lib/jvm/java-6-sun-1.6.0.26/jre/lib/i386/libzip.so
b6d12000-b6d14000 rwxp 0000e000 08:02 241959     /usr/lib/jvm/java-6-sun-1.6.0.26/jre/lib/i386/libzip.so
b6d14000-b6d1e000 r-xp 00000000 08:02 137071     /lib/tls/i686/cmov/libnss_files-2.11.1.so
b6d1e000-b6d1f000 r-xp 00009000 08:02 137071     /lib/tls/i686/cmov/libnss_files-2.11.1.so
b6d1f000-b6d20000 rwxp 0000a000 08:02 137071     /lib/tls/i686/cmov/libnss_files-2.11.1.so
b6d20000-b6d28000 r-xp 00000000 08:02 158575     /lib/tls/i686/cmov/libnss_nis-2.11.1.so
b6d28000-b6d29000 r-xp 00007000 08:02 158575     /lib/tls/i686/cmov/libnss_nis-2.11.1.so
b6d29000-b6d2a000 rwxp 00008000 08:02 158575     /lib/tls/i686/cmov/libnss_nis-2.11.1.so
b6d2a000-b6d3d000 r-xp 00000000 08:02 135965     /lib/tls/i686/cmov/libnsl-2.11.1.so
b6d3d000-b6d3e000 r-xp 00012000 08:02 135965     /lib/tls/i686/cmov/libnsl-2.11.1.so
b6d3e000-b6d3f000 rwxp 00013000 08:02 135965     /lib/tls/i686/cmov/libnsl-2.11.1.so
b6d3f000-b6d41000 rwxp 00000000 00:00 0 
b6d41000-b6d43000 r-xs 0001a000 08:05 581037     /home/manu/Documents/sources/contiki/tools/cooja/apps/mrm/lib/mrm.jar
b6d43000-b6d50000 rwxp 00000000 00:00 0 
b6d50000-b6d58000 rwxs 00000000 08:02 11979      /tmp/hsperfdata_manu/24077
b6d58000-b6d7b000 r-xp 00000000 08:02 241955     /usr/lib/jvm/java-6-sun-1.6.0.26/jre/lib/i386/libjava.so
b6d7b000-b6d7d000 rwxp 00023000 08:02 241955     /usr/lib/jvm/java-6-sun-1.6.0.26/jre/lib/i386/libjava.so
b6d7d000-b6d84000 r-xp 00000000 08:02 158593     /lib/tls/i686/cmov/librt-2.11.1.so
b6d84000-b6d85000 r-xp 00006000 08:02 158593     /lib/tls/i686/cmov/librt-2.11.1.so
b6d85000-b6d86000 rwxp 00007000 08:02 158593     /lib/tls/i686/cmov/librt-2.11.1.so
b6d86000-b6d89000 ---p 00000000 00:00 0 
b6d89000-b6dd7000 rwxp 00000000 00:00 0 
b6dd7000-b6dfb000 r-xp 00000000 08:02 127031     /lib/tls/i686/cmov/libm-2.11.1.so
b6dfb000-b6dfc000 r-xp 00023000 08:02 127031     /lib/tls/i686/cmov/libm-2.11.1.so
b6dfc000-b6dfd000 rwxp 00024000 08:02 127031     /lib/tls/i686/cmov/libm-2.11.1.so
b6dfd000-b72de000 r-xp 00000000 08:02 241946     /usr/lib/jvm/java-6-sun-1.6.0.26/jre/lib/i386/client/libjvm.so
b72de000-b7301000 rwxp 004e1000 08:02 241946     /usr/lib/jvm/java-6-sun-1.6.0.26/jre/lib/i386/client/libjvm.so
b7301000-b771e000 rwxp 00000000 00:00 0 
b771e000-b7871000 r-xp 00000000 08:02 96547      /lib/tls/i686/cmov/libc-2.11.1.so
b7871000-b7872000 ---p 00153000 08:02 96547      /lib/tls/i686/cmov/libc-2.11.1.so
b7872000-b7874000 r-xp 00153000 08:02 96547      /lib/tls/i686/cmov/libc-2.11.1.so
b7874000-b7875000 rwxp 00155000 08:02 96547      /lib/tls/i686/cmov/libc-2.11.1.so
b7875000-b7878000 rwxp 00000000 00:00 0 
b7878000-b787a000 r-xp 00000000 08:02 127010     /lib/tls/i686/cmov/libdl-2.11.1.so
b787a000-b787b000 r-xp 00001000 08:02 127010     /lib/tls/i686/cmov/libdl-2.11.1.so
b787b000-b787c000 rwxp 00002000 08:02 127010     /lib/tls/i686/cmov/libdl-2.11.1.so
b787c000-b7883000 r-xp 00000000 08:02 241958     /usr/lib/jvm/java-6-sun-1.6.0.26/jre/lib/i386/jli/libjli.so
b7883000-b7885000 rwxp 00006000 08:02 241958     /usr/lib/jvm/java-6-sun-1.6.0.26/jre/lib/i386/jli/libjli.so
b7885000-b7886000 rwxp 00000000 00:00 0 
b7886000-b789b000 r-xp 00000000 08:02 158590     /lib/tls/i686/cmov/libpthread-2.11.1.so
b789b000-b789c000 r-xp 00014000 08:02 158590     /lib/tls/i686/cmov/libpthread-2.11.1.so
b789c000-b789d000 rwxp 00015000 08:02 158590     /lib/tls/i686/cmov/libpthread-2.11.1.so
b789d000-b789f000 rwxp 00000000 00:00 0 
b789f000-b78a0000 r-xs 00003000 08:05 581232     /home/manu/Documents/sources/contiki/tools/cooja/apps/serial_socket/lib/serial_socket.jar
b78a0000-b78a6000 r-xp 00000000 08:02 136301     /lib/tls/i686/cmov/libnss_compat-2.11.1.so
b78a6000-b78a7000 r-xp 00006000 08:02 136301     /lib/tls/i686/cmov/libnss_compat-2.11.1.so
b78a7000-b78a8000 rwxp 00007000 08:02 136301     /lib/tls/i686/cmov/libnss_compat-2.11.1.so
b78a8000-b78a9000 rwxp 00000000 00:00 0 
b78a9000-b78aa000 r-xp 00000000 00:00 0 
b78aa000-b78b5000 r-xp 00000000 08:02 241954     /usr/lib/jvm/java-6-sun-1.6.0.26/jre/lib/i386/libverify.so
b78b5000-b78b6000 rwxp 0000b000 08:02 241954     /usr/lib/jvm/java-6-sun-1.6.0.26/jre/lib/i386/libverify.so
b78b6000-b78b8000 rwxp 00000000 00:00 0 
b78b8000-b78b9000 r-xp 00000000 00:00 0          [vdso]
b78b9000-b78d4000 r-xp 00000000 08:02 40758      /lib/ld-2.11.1.so
b78d4000-b78d5000 r-xp 0001a000 08:02 40758      /lib/ld-2.11.1.so
b78d5000-b78d6000 rwxp 0001b000 08:02 40758      /lib/ld-2.11.1.so
bf994000-bf9a9000 rwxp 00000000 00:00 0          [stack]

VM Arguments:
jvm_args: -Xmx512m -Duser.language=en 
java_command: se.sics.cooja.GUI
Launcher Type: SUN_STANDARD

Environment Variables:
JAVA_HOME=/usr/lib/jvm/java-6-sun
PATH=/usr/local/sbin:/usr/local/bin:/usr/sbin:/usr/bin:/sbin:/bin:/usr/games:/opt/msp430-gcc-4.4.5/bin
USERNAME=manu
LD_LIBRARY_PATH=/usr/lib/jvm/java-6-sun-1.6.0.26/jre/lib/i386/client:/usr/lib/jvm/java-6-sun-1.6.0.26/jre/lib/i386:/usr/lib/jvm/java-6-sun-1.6.0.26/jre/../lib/i386:.
SHELL=/bin/bash
DISPLAY=:0.0

Signal Handlers:
SIGSEGV: [libjvm.so+0x469ec0], sa_mask[0]=0x7ffbfeff, sa_flags=0x10000004
SIGBUS: [libjvm.so+0x469ec0], sa_mask[0]=0x7ffbfeff, sa_flags=0x10000004
SIGFPE: [libjvm.so+0x38bf10], sa_mask[0]=0x7ffbfeff, sa_flags=0x10000004
SIGPIPE: [libjvm.so+0x38bf10], sa_mask[0]=0x7ffbfeff, sa_flags=0x10000004
SIGXFSZ: [libjvm.so+0x38bf10], sa_mask[0]=0x7ffbfeff, sa_flags=0x10000004
SIGILL: [libjvm.so+0x38bf10], sa_mask[0]=0x7ffbfeff, sa_flags=0x10000004
SIGUSR1: SIG_DFL, sa_mask[0]=0x00000000, sa_flags=0x00000000
SIGUSR2: [libjvm.so+0x38f150], sa_mask[0]=0x00000004, sa_flags=0x10000004
SIGHUP: [libjvm.so+0x38ed30], sa_mask[0]=0x7ffbfeff, sa_flags=0x10000004
SIGINT: [libjvm.so+0x38ed30], sa_mask[0]=0x7ffbfeff, sa_flags=0x10000004
SIGTERM: [libjvm.so+0x38ed30], sa_mask[0]=0x7ffbfeff, sa_flags=0x10000004
SIGQUIT: [libjvm.so+0x38ed30], sa_mask[0]=0x7ffbfeff, sa_flags=0x10000004


---------------  S Y S T E M  ---------------

OS:squeeze/sid

uname:Linux 2.6.32-34-generic #73-Ubuntu SMP Thu Aug 11 17:07:31 UTC 2011 i686
libc:glibc 2.11.1 NPTL 2.11.1 
rlimit: STACK 8192k, CORE 0k, NPROC infinity, NOFILE 1024, AS infinity
load average:0.46 0.35 0.24

/proc/meminfo:
MemTotal:        2060120 kB
MemFree:          380280 kB
Buffers:          183608 kB
Cached:           975460 kB
SwapCached:        38228 kB
Active:          1076644 kB
Inactive:         364980 kB
Active(anon):     138592 kB
Inactive(anon):   151284 kB
Active(file):     938052 kB
Inactive(file):   213696 kB
Unevictable:           0 kB
Mlocked:               0 kB
HighTotal:       1186352 kB
HighFree:          33516 kB
LowTotal:         873768 kB
LowFree:          346764 kB
SwapTotal:       2554292 kB
SwapFree:        2341668 kB
Dirty:              8232 kB
Writeback:             0 kB
AnonPages:        267276 kB
Mapped:           109224 kB
Shmem:              7336 kB
Slab:             149328 kB
SReclaimable:     136944 kB
SUnreclaim:        12384 kB
KernelStack:        2392 kB
PageTables:         6156 kB
NFS_Unstable:          0 kB
Bounce:                0 kB
WritebackTmp:          0 kB
CommitLimit:     3584352 kB
Committed_AS:    1143792 kB
VmallocTotal:     122880 kB
VmallocUsed:       62208 kB
VmallocChunk:      52220 kB
HardwareCorrupted:     0 kB
HugePages_Total:       0
HugePages_Free:        0
HugePages_Rsvd:        0
HugePages_Surp:        0
Hugepagesize:       4096 kB
DirectMap4k:      872440 kB
DirectMap4M:       36864 kB


CPU:total 2 (1 cores per cpu, 2 threads per core) family 15 model 4 stepping 3, cmov, cx8, fxsr, mmx, sse, sse2, sse3, ht

/proc/cpuinfo:
processor	: 0
vendor_id	: GenuineIntel
cpu family	: 15
model		: 4
model name	: Intel(R) Pentium(R) 4 CPU 3.40GHz
stepping	: 3
cpu MHz		: 3391.922
cache size	: 2048 KB
physical id	: 0
siblings	: 2
core id		: 0
cpu cores	: 1
apicid		: 0
initial apicid	: 0
fdiv_bug	: no
hlt_bug		: no
f00f_bug	: no
coma_bug	: no
fpu		: yes
fpu_exception	: yes
cpuid level	: 5
wp		: yes
flags		: fpu vme de pse tsc msr pae mce cx8 apic mtrr pge mca cmov pat pse36 clflush dts acpi mmx fxsr sse sse2 ss ht tm pbe nx lm constant_tsc pebs bts pni dtes64 monitor ds_cpl est cid cx16 xtpr
bogomips	: 6783.84
clflush size	: 64
cache_alignment	: 128
address sizes	: 36 bits physical, 48 bits virtual
power management:

processor	: 1
vendor_id	: GenuineIntel
cpu family	: 15
model		: 4
model name	: Intel(R) Pentium(R) 4 CPU 3.40GHz
stepping	: 3
cpu MHz		: 3391.922
cache size	: 2048 KB
physical id	: 0
siblings	: 2
core id		: 0
cpu cores	: 1
apicid		: 1
initial apicid	: 1
fdiv_bug	: no
hlt_bug		: no
f00f_bug	: no
coma_bug	: no
fpu		: yes
fpu_exception	: yes
cpuid level	: 5
wp		: yes
flags		: fpu vme de pse tsc msr pae mce cx8 apic mtrr pge mca cmov pat pse36 clflush dts acpi mmx fxsr sse sse2 ss ht tm pbe nx lm constant_tsc pebs bts pni dtes64 monitor ds_cpl est cid cx16 xtpr
bogomips	: 6783.16
clflush size	: 64
cache_alignment	: 128
address sizes	: 36 bits physical, 48 bits virtual
power management:



Memory: 4k page, physical 2060120k(380280k free), swap 2554292k(2341668k free)

vm_info: Java HotSpot(TM) Client VM (20.1-b02) for linux-x86 JRE (1.6.0_26-b03), built on May  4 2011 01:23:42 by "java_re" with gcc 3.2.1-7a (J2SE release)

time: Tue Sep 20 16:27:00 2011
elapsed time: 18 seconds

