#
# A fatal error has been detected by the Java Runtime Environment:
#
#  SIGSEGV (0xb) at pc=0xb2ff6221, pid=31939, tid=3003861872
#
# JRE version: 6.0_26-b03
# Java VM: Java HotSpot(TM) Client VM (20.1-b02 mixed mode, sharing linux-x86 )
# Problematic frame:
# C  [mtype647.cooja+0x13221]  double+0x3c5
#
# If you would like to submit a bug report, please visit:
#   http://java.sun.com/webapps/bugreport/crash.jsp
# The crash happened outside the Java Virtual Machine in native code.
# See problematic frame for where to report the bug.
#

---------------  T H R E A D  ---------------

Current thread (0xb45a9c00):  JavaThread "Thread-223" [_thread_in_native, id=2169, stack(0xb3064000,0xb30b5000)]

siginfo:si_signo=SIGSEGV: si_errno=0, si_code=1 (SEGV_MAPERR), si_addr=0x00000004

Registers:
EAX=0x00000000, EBX=0x00000000, ECX=0x00000008, EDX=0x00000003
ESP=0xb300ce6c, EBP=0xb300cf64, ESI=0x00000000, EDI=0x00000000
EIP=0xb2ff6221, EFLAGS=0x00010292, CR2=0x00000004

Top of Stack: (sp=0xb300ce6c)
0xb300ce6c:   b300b104 b300e0b0 0000002a 00000001
0xb300ce7c:   00000000 0000030c 00000000 b76b28f4
0xb300ce8c:   00000000 00000000 b779eff4 b300cee8
0xb300ce9c:   b300d010 b76b3c22 00000000 b300cecc
0xb300ceac:   b779eff4 ffffffff 00000000 00000036
0xb300cebc:   000009d0 b3011d84 0000002c 00000018
0xb300cecc:   b301168c 74029052 0000aaaa 00000000
0xb300cedc:   00000000 01000000 010003ff 00000200 

Instructions: (pc=0xb2ff6221)
0xb2ff6201:   e8 e8 4b 00 00 89 85 50 ff ff ff 8b 85 54 ff ff
0xb2ff6211:   ff 03 85 68 ff ff ff 0f b6 10 8b 85 50 ff ff ff
0xb2ff6221:   88 50 04 83 85 54 ff ff ff 01 8b 85 54 ff ff ff
0xb2ff6231:   03 85 68 ff ff ff 0f b6 00 8d 14 00 8b 85 50 ff 

Register to memory mapping:

EAX=0x00000000 is an unknown value
EBX=0x00000000 is an unknown value
ECX=0x00000008 is an unknown value
EDX=0x00000003 is an unknown value
ESP=0xb300ce6c: <offset 0x29e6c> in /home/manu/Documents/sources/contiki/examples/ipv6/rpl-fuzzy/obj_cooja/mtype647.cooja at 0xb2fe3000
EBP=0xb300cf64: <offset 0x29f64> in /home/manu/Documents/sources/contiki/examples/ipv6/rpl-fuzzy/obj_cooja/mtype647.cooja at 0xb2fe3000
ESI=0x00000000 is an unknown value
EDI=0x00000000 is an unknown value


Stack: [0xb3064000,0xb30b5000],  sp=0xb300ce6c,  free space=4193955k
Native frames: (J=compiled Java code, j=interpreted, Vv=VM code, C=native code)
C  [mtype647.cooja+0x13221]  double+0x3c5
C  [mtype647.cooja+0x147c0]  uip_rpl_input+0x4f
C  [mtype647.cooja+0x1a7e6]  uip_process+0x9cc
C  [mtype647.cooja+0x1c500]  packet_input+0x23
C  [mtype647.cooja+0x1c94e]  long double+0x1f4
C  [mtype647.cooja+0x1ce15]  process_thread_tcpip_process+0xbe
C  [mtype647.cooja+0x17743]  char+0x57
C  [mtype647.cooja+0x17a95]  process_post_synch+0x2e
C  [mtype647.cooja+0x1c982]  unsigned short+0x22
C  [mtype647.cooja+0x20cbd]  int+0x658
C  [mtype647.cooja+0x10406]  int+0xd
C  [mtype647.cooja+0x11045]  int+0x1d1
C  [mtype647.cooja+0x23538]  process_thread_cooja_radio_process+0x7e
C  [mtype647.cooja+0x17743]  char+0x57
C  [mtype647.cooja+0x17816]  double+0x4b
C  [mtype647.cooja+0x1797c]  process_run+0x16
C  [mtype647.cooja+0xf87e]  process_run_thread_loop+0x1f

Java frames: (J=compiled Java code, j=interpreted, Vv=VM code)
j  se.sics.cooja.corecomm.Lib4.tick()V+0
j  se.sics.cooja.contikimote.ContikiMoteType.tick()V+4
j  se.sics.cooja.contikimote.ContikiMote.execute(J)V+63
j  se.sics.cooja.motes.AbstractWakeupMote$1.execute(J)V+5
J  se.sics.cooja.Simulation.run()V

[error occurred during error reporting (printing Java stack), id 0xb]


---------------  P R O C E S S  ---------------

Java Threads: ( => current thread )
=>