#
# A fatal error has been detected by the Java Runtime Environment:
#
#  SIGSEGV (0xb) at pc=0xb379d861, pid=28538, tid=3011894128
#
# JRE version: 6.0_26-b03
# Java VM: Java HotSpot(TM) Client VM (20.1-b02 mixed mode, sharing linux-x86 )
# Problematic frame:
# C  [mtype209.cooja+0x13861]  double+0x3c5
#
# If you would like to submit a bug report, please visit:
#   http://java.sun.com/webapps/bugreport/crash.jsp
# The crash happened outside the Java Virtual Machine in native code.
# See problematic frame for where to report the bug.
#

---------------  T H R E A D  ---------------

Current thread (0x0864b000):  JavaThread "Thread-155" [_thread_in_native, id=28828, stack(0xb380d000,0xb385e000)]

siginfo:si_signo=SIGSEGV: si_errno=0, si_code=1 (SEGV_MAPERR), si_addr=0x00000004

Registers:
EAX=0x00000000, EBX=0x00000000, ECX=0x00000008, EDX=0x00000003
ESP=0xb37b4e6c, EBP=0xb37b4f64, ESI=0x00000000, EDI=0x00000000
EIP=0xb379d861, EFLAGS=0x00010296, CR2=0x00000004

Top of Stack: (sp=0xb37b4e6c)
0xb37b4e6c:   b37b3104 b37b60b0 0000002a 00000001
0xb37b4e7c:   00000000 0000030c 00000000 b77038f4
0xb37b4e8c:   00000000 00000000 b77efff4 b37b4ee8
0xb37b4e9c:   b37b5010 b7704c22 00000000 b37b4ecc
0xb37b4eac:   b77efff4 ffffffff 00000000 00000036
0xb37b4ebc:   000009d0 b37ba158 0000002c 00000018
0xb37b4ecc:   b37b99ec 74020efa 0000aaaa 00000000
0xb37b4edc:   00000000 01000000 010003ff 00000200 

Instructions: (pc=0xb379d861)
0xb379d841:   e8 e8 4b 00 00 89 85 50 ff ff ff 8b 85 54 ff ff
0xb379d851:   ff 03 85 68 ff ff ff 0f b6 10 8b 85 50 ff ff ff
0xb379d861:   88 50 04 83 85 54 ff ff ff 01 8b 85 54 ff ff ff
0xb379d871:   03 85 68 ff ff ff 0f b6 00 8d 14 00 8b 85 50 ff 

Register to memory mapping:

EAX=0x00000000 is an unknown value
EBX=0x00000000 is an unknown value
ECX=0x00000008 is an unknown value
EDX=0x00000003 is an unknown value
ESP=0xb37b4e6c: <offset 0x2ae6c> in /home/manu/Documents/sources/contiki/examples/ipv6/rpl-fuzzy/obj_cooja/mtype209.cooja at 0xb378a000
EBP=0xb37b4f64: <offset 0x2af64> in /home/manu/Documents/sources/contiki/examples/ipv6/rpl-fuzzy/obj_cooja/mtype209.cooja at 0xb378a000
ESI=0x00000000 is an unknown value
EDI=0x00000000 is an unknown value


Stack: [0xb380d000,0xb385e000],  sp=0xb37b4e6c,  free space=4193951k
Native frames: (J=compiled Java code, j=interpreted, Vv=VM code, C=native code)
C  [mtype209.cooja+0x13861]  double+0x3c5
C  [mtype209.cooja+0x14e00]  uip_rpl_input+0x4f
C  [mtype209.cooja+0x1b3e5]  uip_process+0xa16
C  [mtype209.cooja+0x1d06c]  packet_input+0x23
C  [mtype209.cooja+0x1d4dd]  long double+0x217
C  [mtype209.cooja+0x1dae6]  process_thread_tcpip_process+0xbe
C  [mtype209.cooja+0x17d83]  char+0x57
C  [mtype209.cooja+0x180d5]  process_post_synch+0x2e
C  [mtype209.cooja+0x1d511]  unsigned short+0x22
C  [mtype209.cooja+0x21b41]  int+0x658
C  [mtype209.cooja+0x10a46]  int+0xd
C  [mtype209.cooja+0x11685]  int+0x1d1
C  [mtype209.cooja+0x243e9]  process_thread_cooja_radio_process+0x8b
C  [mtype209.cooja+0x17d83]  char+0x57
C  [mtype209.cooja+0x17e56]  double+0x4b
C  [mtype209.cooja+0x17fbc]  process_run+0x16
C  [mtype209.cooja+0xfebe]  process_run_thread_loop+0x1f

Java frames: (J=compiled Java code, j=interpreted, Vv=VM code)
j  se.sics.cooja.corecomm.Lib2.tick()V+0
j  se.sics.cooja.contikimote.ContikiMoteType.tick()V+4
j  se.sics.cooja.contikimote.ContikiMote.execute(J)V+63
j  se.sics.cooja.motes.AbstractWakeupMote$1.execute(J)V+5
J  se.sics.cooja.Simulation.run()V

[error occurred during error reporting (printing Java stack), id 0xb]


---------------  P R O C E S S  ---------------

Java Threads: ( => current thread )
=>