#
# A fatal error has been detected by the Java Runtime Environment:
#
#  SIGSEGV (0xb) at pc=0xb3590881, pid=24275, tid=3010845552
#
# JRE version: 6.0_26-b03
# Java VM: Java HotSpot(TM) Client VM (20.1-b02 mixed mode, sharing linux-x86 )
# Problematic frame:
# C  [mtype715.cooja+0x13881]  double+0x3c5
#
# If you would like to submit a bug report, please visit:
#   http://java.sun.com/webapps/bugreport/crash.jsp
# The crash happened outside the Java Virtual Machine in native code.
# See problematic frame for where to report the bug.
#

---------------  T H R E A D  ---------------

Current thread (0x08a3a400):  JavaThread "Thread-154" [_thread_in_native, id=24554, stack(0xb370d000,0xb375e000)]

siginfo:si_signo=SIGSEGV: si_errno=0, si_code=1 (SEGV_MAPERR), si_addr=0x00000004

Registers:
EAX=0x00000000, EBX=0x00000000, ECX=0x00000008, EDX=0x00000003
ESP=0xb35a7e8c, EBP=0xb35a7f84, ESI=0x00000000, EDI=0x00000000
EIP=0xb3590881, EFLAGS=0x00010292, CR2=0x00000004

Top of Stack: (sp=0xb35a7e8c)
0xb35a7e8c:   b35a6104 b35a90d0 0000002a 00000001
0xb35a7e9c:   00000000 0000030c 00000000 b76558f4
0xb35a7eac:   00000000 00000000 b7741ff4 b35a7f08
0xb35a7ebc:   b35a8030 b7656c22 00000000 b35a7eec
0xb35a7ecc:   b7741ff4 ffffffff 00000000 00000036
0xb35a7edc:   000009d0 b35adffc 0000002c 00000018
0xb35a7eec:   b35ada3a 6602409a 0000aaaa 00000000
0xb35a7efc:   00000000 01000000 010003ff 00000200 

Instructions: (pc=0xb3590881)
0xb3590861:   e8 e8 4b 00 00 89 85 50 ff ff ff 8b 85 54 ff ff
0xb3590871:   ff 03 85 68 ff ff ff 0f b6 10 8b 85 50 ff ff ff
0xb3590881:   88 50 04 83 85 54 ff ff ff 01 8b 85 54 ff ff ff
0xb3590891:   03 85 68 ff ff ff 0f b6 00 8d 14 00 8b 85 50 ff 

Register to memory mapping:

EAX=0x00000000 is an unknown value
EBX=0x00000000 is an unknown value
ECX=0x00000008 is an unknown value
EDX=0x00000003 is an unknown value
ESP=0xb35a7e8c: <offset 0x2ae8c> in /home/manu/Documents/sources/contiki/examples/ipv6/rpl-fuzzy/obj_cooja/mtype715.cooja at 0xb357d000
EBP=0xb35a7f84: <offset 0x2af84> in /home/manu/Documents/sources/contiki/examples/ipv6/rpl-fuzzy/obj_cooja/mtype715.cooja at 0xb357d000
ESI=0x00000000 is an unknown value
EDI=0x00000000 is an unknown value


Stack: [0xb370d000,0xb375e000],  sp=0xb35a7e8c,  free space=4192875k
Native frames: (J=compiled Java code, j=interpreted, Vv=VM code, C=native code)
C  [mtype715.cooja+0x13881]  double+0x3c5
C  [mtype715.cooja+0x14e20]  uip_rpl_input+0x4f
C  [mtype715.cooja+0x1b477]  uip_process+0xa2e
C  [mtype715.cooja+0x1d126]  packet_input+0x23
C  [mtype715.cooja+0x1d597]  long double+0x217
C  [mtype715.cooja+0x1dba5]  process_thread_tcpip_process+0xbe
C  [mtype715.cooja+0x17da3]  char+0x57
C  [mtype715.cooja+0x180f5]  process_post_synch+0x2e
C  [mtype715.cooja+0x1d5cb]  unsigned short+0x22
C  [mtype715.cooja+0x21ce6]  int+0x663
C  [mtype715.cooja+0x10a66]  int+0xd
C  [mtype715.cooja+0x116a5]  int+0x1d1
C  [mtype715.cooja+0x24588]  process_thread_cooja_radio_process+0x7e
C  [mtype715.cooja+0x17da3]  char+0x57
C  [mtype715.cooja+0x17e76]  double+0x4b
C  [mtype715.cooja+0x17fdc]  process_run+0x16
C  [mtype715.cooja+0xfede]  process_run_thread_loop+0x1f

Java frames: (J=compiled Java code, j=interpreted, Vv=VM code)
j  se.sics.cooja.corecomm.Lib2.tick()V+0
j  se.sics.cooja.contikimote.ContikiMoteType.tick()V+4
j  se.sics.cooja.contikimote.ContikiMote.execute(J)V+63
j  se.sics.cooja.motes.AbstractWakeupMote$1.execute(J)V+5
J  se.sics.cooja.Simulation.run()V

[error occurred during error reporting (printing Java stack), id 0xb]


---------------  P R O C E S S  ---------------

Java Threads: ( => current thread )
=>