#
# A fatal error has been detected by the Java Runtime Environment:
#
#  SIGSEGV (0xb) at pc=0xb363f861, pid=27984, tid=3017124720
#
# JRE version: 6.0_26-b03
# Java VM: Java HotSpot(TM) Client VM (20.1-b02 mixed mode, sharing linux-x86 )
# Problematic frame:
# C  [mtype272.cooja+0x13861]  double+0x3c5
#
# If you would like to submit a bug report, please visit:
#   http://java.sun.com/webapps/bugreport/crash.jsp
# The crash happened outside the Java Virtual Machine in native code.
# See problematic frame for where to report the bug.
#

---------------  T H R E A D  ---------------

Current thread (0xb3c2b800):  JavaThread "Thread-6" [_thread_in_native, id=28124, stack(0xb3d0a000,0xb3d5b000)]

siginfo:si_signo=SIGSEGV: si_errno=0, si_code=1 (SEGV_MAPERR), si_addr=0x00000004

Registers:
EAX=0x00000000, EBX=0x00000000, ECX=0x00000008, EDX=0x00000003
ESP=0xb3656e6c, EBP=0xb3656f64, ESI=0x00000000, EDI=0x00000000
EIP=0xb363f861, EFLAGS=0x00010296, CR2=0x00000004

Top of Stack: (sp=0xb3656e6c)
0xb3656e6c:   b3655104 b36580b0 0000002a 00000001
0xb3656e7c:   00000000 0000030c 00000000 b76bb8f4
0xb3656e8c:   00000000 00000000 b77a7ff4 b3656ee8
0xb3656e9c:   b3657010 b76bcc22 00000000 b3656ecc
0xb3656eac:   b77a7ff4 ffffffff 00000000 00000036
0xb3656ebc:   000009d0 b365c158 0000002c 00000018
0xb3656ecc:   b365b9ec 74022efa 0000aaaa 00000000
0xb3656edc:   00000000 01000000 010003ff 00000200 

Instructions: (pc=0xb363f861)
0xb363f841:   e8 e8 4b 00 00 89 85 50 ff ff ff 8b 85 54 ff ff
0xb363f851:   ff 03 85 68 ff ff ff 0f b6 10 8b 85 50 ff ff ff
0xb363f861:   88 50 04 83 85 54 ff ff ff 01 8b 85 54 ff ff ff
0xb363f871:   03 85 68 ff ff ff 0f b6 00 8d 14 00 8b 85 50 ff 

Register to memory mapping:

EAX=0x00000000 is an unknown value
EBX=0x00000000 is an unknown value
ECX=0x00000008 is an unknown value
EDX=0x00000003 is an unknown value
ESP=0xb3656e6c: <offset 0x2ae6c> in /home/manu/Documents/sources/contiki/examples/ipv6/rpl-fuzzy/obj_cooja/mtype272.cooja at 0xb362c000
EBP=0xb3656f64: <offset 0x2af64> in /home/manu/Documents/sources/contiki/examples/ipv6/rpl-fuzzy/obj_cooja/mtype272.cooja at 0xb362c000
ESI=0x00000000 is an unknown value
EDI=0x00000000 is an unknown value


Stack: [0xb3d0a000,0xb3d5b000],  sp=0xb3656e6c,  free space=4187443k
Native frames: (J=compiled Java code, j=interpreted, Vv=VM code, C=native code)
C  [mtype272.cooja+0x13861]  double+0x3c5
C  [mtype272.cooja+0x14e00]  uip_rpl_input+0x4f
C  [mtype272.cooja+0x1b3e5]  uip_process+0xa16
C  [mtype272.cooja+0x1d06c]  packet_input+0x23
C  [mtype272.cooja+0x1d4dd]  long double+0x217
C  [mtype272.cooja+0x1dae6]  process_thread_tcpip_process+0xbe
C  [mtype272.cooja+0x17d83]  char+0x57
C  [mtype272.cooja+0x180d5]  process_post_synch+0x2e
C  [mtype272.cooja+0x1d511]  unsigned short+0x22
C  [mtype272.cooja+0x21b41]  int+0x658
C  [mtype272.cooja+0x10a46]  int+0xd
C  [mtype272.cooja+0x11685]  int+0x1d1
C  [mtype272.cooja+0x243e9]  process_thread_cooja_radio_process+0x7e
C  [mtype272.cooja+0x17d83]  char+0x57
C  [mtype272.cooja+0x17e56]  double+0x4b
C  [mtype272.cooja+0x17fbc]  process_run+0x16
C  [mtype272.cooja+0xfebe]  process_run_thread_loop+0x1f

Java frames: (J=compiled Java code, j=interpreted, Vv=VM code)
j  se.sics.cooja.corecomm.Lib2.tick()V+0
j  se.sics.cooja.contikimote.ContikiMoteType.tick()V+4
j  se.sics.cooja.contikimote.ContikiMote.execute(J)V+63
j  se.sics.cooja.motes.AbstractWakeupMote$1.execute(J)V+5
j  se.sics.cooja.Simulation.run()V+174
j  java.lang.Thread.run()V+11
v  ~StubRoutines::call_stub

---------------  P R O C E S S  ---------------

Java Threads: ( => current thread )
=>0xb3c2b800 JavaThread "Thread-6" [_thread_in_native, id=28124, stack(0xb3d0a000,0xb3d5b000)]
  0x08f31400 JavaThread "Thread-4" [_thread_blocked, id=28111, stack(0xb36af000,0xb3700000)]
  0x08f23000 JavaThread "Thread-2" [_thread_blocked, id=28056, stack(0xb3dac000,0xb3dfd000)]
  0x08d4f400 JavaThread "TimerQueue" daemon [_thread_blocked, id=28001, stack(0xb3e4c000,0xb3e9d000)]
  0xb45af400 JavaThread "DestroyJavaVM" [_thread_blocked, id=27988, stack(0xb6cba000,0xb6d0b000)]
  0xb45ae400 JavaThread "AWT-EventQueue-0" [_thread_in_native, id=27999, stack(0xb3eee000,0xb3f3f000)]
  0xb45ad000 JavaThread "AWT-Shutdown" [_thread_blocked, id=27998, stack(0xb3fbc000,0xb400d000)]
  0xb45ac800 JavaThread "AWT-XAWT" daemon [_thread_blocked, id=27997, stack(0xb400d000,0xb405e000)]
  0xb4574c00 JavaThread "Java2D Disposer" daemon [_thread_blocked, id=27996, stack(0xb408f000,0xb40e0000)]
  0xb4507800 JavaThread "Low Memory Detector" daemon [_thread_blocked, id=27994, stack(0xb442e000,0xb447f000)]
  0xb4505800 JavaThread "C1 CompilerThread0" daemon [_thread_blocked, id=27993, stack(0xb447f000,0xb4500000)]
  0xb4504000 JavaThread "Signal Dispatcher" daemon [_thread_blocked, id=27992, stack(0xb4639000,0xb468a000)]
  0x08cbb800 JavaThread "Finalizer" daemon [_thread_blocked, id=27991, stack(0xb46d0000,0xb4721000)]
  0x08cb7000 JavaThread "Reference Handler" daemon [_thread_blocked, id=27990, stack(0xb4721000,0xb4772000)]

Other Threads:
  0x08cac800 VMThread [stack: 0xb493e000,0xb49bf000] [id=27989]
  0xb4511c00 WatcherThread [stack: 0xb43ad000,0xb442e000] [id=27995]

VM state:not at safepoint (normal execution)

VM Mutex/Monitor currently owned by a thread: None

Heap
 def new generation   total 4992K, used 189K [0x6ed90000, 0x6f2f0000, 0x79830000)
  eden space 4480K,   2% used [0x6ed90000, 0x6edb0f68, 0x6f1f0000)
  from space 512K,  11% used [0x6f270000, 0x6f27e820, 0x6f2f0000)
  to   space 512K,   0% used [0x6f1f0000, 0x6f1f0000, 0x6f270000)
 tenured generation   total 10944K, used 7393K [0x79830000, 0x7a2e0000, 0x8ed90000)
   the space 10944K,  67% used [0x79830000, 0x79f685d8, 0x79f68600, 0x7a2e0000)
 compacting perm gen  total 12288K, used 5268K [0x8ed90000, 0x8f990000, 0x92d90000)
   the space 12288K,  42% used [0x8ed90000, 0x8f2b50f8, 0x8f2b5200, 0x8f990000)
    ro space 10240K,  61% used [0x92d90000, 0x933b9d08, 0x933b9e00, 0x93790000)
    rw space 12288K,  60% used [0x93790000, 0x93ecc660, 0x93ecc800, 0x94390000)

Code Cache  [0xb4c37000, 0xb4ddf000, 0xb6c37000)
 total_blobs=1076 nmethods=817 adapters=194 free_code_cache=31820352 largest_free_block=256

Dynamic libraries:
08048000-08052000 r-xp 00000000 08:02 241919     /usr/lib/jvm/java-6-sun-1.6.0.26/jre/bin/java
08052000-08053000 rwxp 00009000 08:02 241919     /usr/lib/jvm/java-6-sun-1.6.0.26/jre/bin/java
08c83000-08f5d000 rwxp 00000000 00:00 0          [heap]
6ed90000-6f2f0000 rwxp 00000000 00:00 0 
6f2f0000-79830000 rwxp 00000000 00:00 0 
79830000-7a2e0000 rwxp 00000000 00:00 0 
7a2e0000-8ed90000 rwxp 00000000 00:00 0 
8ed90000-8f990000 rwxp 00000000 00:00 0 
8f990000-92d90000 rwxp 00000000 00:00 0 
92d90000-933ba000 r-xs 00001000 08:02 128946     /usr/lib/jvm/java-6-sun-1.6.0.26/jre/lib/i386/client/classes.jsa
933ba000-93790000 rwxp 00000000 00:00 0 
93790000-93ecd000 rwxp 0062b000 08:02 128946     /usr/lib/jvm/java-6-sun-1.6.0.26/jre/lib/i386/client/classes.jsa
93ecd000-94390000 rwxp 00000000 00:00 0 
94390000-94472000 rwxp 00d68000 08:02 128946     /usr/lib/jvm/java-6-sun-1.6.0.26/jre/lib/i386/client/classes.jsa
94472000-94790000 rwxp 00000000 00:00 0 
94790000-94798000 r-xs 00e4a000 08:02 128946     /usr/lib/jvm/java-6-sun-1.6.0.26/jre/lib/i386/client/classes.jsa
94798000-94b90000 rwxp 00000000 00:00 0 
b3604000-b3619000 r-xp 00000000 08:02 241976     /usr/lib/jvm/java-6-sun-1.6.0.26/jre/lib/i386/libdcpr.so
b3619000-b362c000 rwxp 00014000 08:02 241976     /usr/lib/jvm/java-6-sun-1.6.0.26/jre/lib/i386/libdcpr.so
b362c000-b3654000 r-xp 00000000 08:05 585545     /home/manu/Documents/sources/contiki/examples/ipv6/rpl-fuzzy/obj_cooja/mtype272.cooja
b3654000-b3655000 r-xp 00027000 08:05 585545     /home/manu/Documents/sources/contiki/examples/ipv6/rpl-fuzzy/obj_cooja/mtype272.cooja
b3655000-b3656000 rwxp 00028000 08:05 585545     /home/manu/Documents/sources/contiki/examples/ipv6/rpl-fuzzy/obj_cooja/mtype272.cooja
b3656000-b365e000 rwxp 00000000 00:00 0 
b365e000-b3661000 ---p 00000000 00:00 0 
b3661000-b36af000 rwxp 00000000 00:00 0 
b36af000-b36b2000 ---p 00000000 00:00 0 
b36b2000-b3700000 rwxp 00000000 00:00 0 
b3700000-b375a000 rwxp 00000000 00:00 0 
b375a000-b3800000 ---p 00000000 00:00 0 
b381c000-b3844000 r-xp 00000000 08:05 585541     /home/manu/Documents/sources/contiki/examples/ipv6/rpl-fuzzy/obj_cooja/mtype785.cooja
b3844000-b3845000 r-xp 00027000 08:05 585541     /home/manu/Documents/sources/contiki/examples/ipv6/rpl-fuzzy/obj_cooja/mtype785.cooja
b3845000-b3846000 rwxp 00028000 08:05 585541     /home/manu/Documents/sources/contiki/examples/ipv6/rpl-fuzzy/obj_cooja/mtype785.cooja
b3846000-b384e000 rwxp 00000000 00:00 0 
b384e000-b3851000 ---p 00000000 00:00 0 
b3851000-b389f000 rwxp 00000000 00:00 0 
b389f000-b3c00000 rwxs 00000000 00:04 50331663   /SYSV00000000 (deleted)
b3c00000-b3cf6000 rwxp 00000000 00:00 0 
b3cf6000-b3d00000 ---p 00000000 00:00 0 
b3d0a000-b3d0d000 ---p 00000000 00:00 0 
b3d0d000-b3d5b000 rwxp 00000000 00:00 0 
b3d5b000-b3d5e000 ---p 00000000 00:00 0 
b3d5e000-b3dac000 rwxp 00000000 00:00 0 
b3dac000-b3daf000 ---p 00000000 00:00 0 
b3daf000-b3dfd000 rwxp 00000000 00:00 0 
b3dfd000-b3e11000 r-xp 00000000 08:02 241963     /usr/lib/jvm/java-6-sun-1.6.0.26/jre/lib/i386/libnet.so
b3e11000-b3e12000 rwxp 00013000 08:02 241963     /usr/lib/jvm/java-6-sun-1.6.0.26/jre/lib/i386/libnet.so
b3e12000-b3e4c000 r-xs 001e1000 08:05 579634     /home/manu/Documents/sources/contiki/tools/cooja/apps/avrora/lib/avrora-small.jar
b3e4c000-b3e4f000 ---p 00000000 00:00 0 
b3e4f000-b3e9d000 rwxp 00000000 00:00 0 
b3e9d000-b3ea0000 ---p 00000000 00:00 0 
b3ea0000-b3eee000 rwxp 00000000 00:00 0 
b3eee000-b3ef1000 ---p 00000000 00:00 0 
b3ef1000-b3f3f000 rwxp 00000000 00:00 0 
b3f3f000-b3f40000 r-xs 00000000 08:02 15264      /var/cache/fontconfig/c05880de57d1f5e948fdfacc138775d9-le32d4.cache-3
b3f40000-b3f46000 r-xs 00000000 08:02 15238      /var/cache/fontconfig/945677eb7aeaf62f1d50efc3fb3ec7d8-le32d4.cache-3
b3f46000-b3f49000 r-xs 00000000 08:02 15230      /var/cache/fontconfig/99e8ed0e538f840c565b6ed5dad60d56-le32d4.cache-3
b3f49000-b3f4b000 r-xs 00000000 08:02 15080      /var/cache/fontconfig/f24b2111ab8703b4e963115a8cf14259-le32d4.cache-3
b3f4b000-b3f4e000 r-xs 00000000 08:02 15079      /var/cache/fontconfig/e383d7ea5fbe662a33d9b44caf393297-le32d4.cache-3
b3f4e000-b3f4f000 r-xs 00000000 08:02 14751      /var/cache/fontconfig/e7071f4a29fa870f4323321c154eba04-le32d4.cache-3
b3f4f000-b3f53000 r-xs 00000000 08:02 342749     /var/cache/fontconfig/926e794c3d5e5dffcaf2fa83ef8d36c2-le32d4.cache-3
b3f53000-b3f56000 r-xs 00000000 08:02 1661       /var/cache/fontconfig/6eb3985aa4124903f6ff08ba781cd364-le32d4.cache-3
b3f56000-b3f57000 r-xs 00000000 08:02 1660       /var/cache/fontconfig/4c73fe0c47614734b17d736dbde7580a-le32d4.cache-3
b3f57000-b3f58000 r-xs 00000000 08:02 1554       /var/cache/fontconfig/0d8c3b2ac0904cb8a57a757ad11a4a08-le32d4.cache-3
b3f58000-b3f59000 r-xs 00000000 08:02 1499       /var/cache/fontconfig/6a53c69dea097a2d716e069445527da8-le32d4.cache-3
b3f59000-b3f5d000 r-xs 00000000 08:02 1498       /var/cache/fontconfig/062808c12e6e608270f93bb230aed730-le32d4.cache-3
b3f5d000-b3f61000 r-xs 00000000 08:02 1497       /var/cache/fontconfig/a755afe4a08bf5b97852ceb7400b47bc-le32d4.cache-3
b3f61000-b3f68000 r-xs 00000000 08:02 1481       /var/cache/fontconfig/6d41288fd70b0be22e8c3a91e032eec0-le32d4.cache-3
b3f68000-b3f73000 r-xs 00000000 08:02 46600      /var/cache/fontconfig/0f34bcd4b6ee430af32735b75db7f02b-le32d4.cache-3
b3f73000-b3f95000 r-xs 00000000 08:02 1295       /var/cache/fontconfig/365b55f210c0a22e9a19e35191240f32-le32d4.cache-3
b3f95000-b3f97000 r-xs 00000000 08:02 1287       /var/cache/fontconfig/2c5ba8142dffc8bf0377700342b8ca1a-le32d4.cache-3
b3f97000-b3f9f000 r-xs 00000000 08:02 1265       /var/cache/fontconfig/d52a8644073d54c13679302ca1180695-le32d4.cache-3
b3f9f000-b3fad000 r-xs 00000000 08:02 310311     /var/cache/fontconfig/e13b20fdb08344e0e664864cc2ede53d-le32d4.cache-3
b3fb4000-b3fbb000 r-xp 00000000 08:02 241964     /usr/lib/jvm/java-6-sun-1.6.0.26/jre/lib/i386/libnio.so
b3fbb000-b3fbc000 rwxp 00006000 08:02 241964     /usr/lib/jvm/java-6-sun-1.6.0.26/jre/lib/i386/libnio.so
b3fbc000-b3fbf000 ---p 00000000 00:00 0 
b3fbf000-b400d000 rwxp 00000000 00:00 0 
b400d000-b4010000 ---p 00000000 00:00 0 
b4010000-b405e000 rwxp 00000000 00:00 0 
b405e000-b4062000 r-xp 00000000 08:02 18946      /usr/lib/libXfixes.so.3.1.0
b4062000-b4063000 r-xp 00003000 08:02 18946      /usr/lib/libXfixes.so.3.1.0
b4063000-b4064000 rwxp 00004000 08:02 18946      /usr/lib/libXfixes.so.3.1.0
b4064000-b406c000 r-xp 00000000 08:02 7389       /usr/lib/libXrender.so.1.3.0
b406c000-b406d000 r-xp 00007000 08:02 7389       /usr/lib/libXrender.so.1.3.0
b406d000-b406e000 rwxp 00008000 08:02 7389       /usr/lib/libXrender.so.1.3.0
b406e000-b4076000 r-xp 00000000 08:02 124118     /usr/lib/libXcursor.so.1.0.2
b4076000-b4077000 r-xp 00007000 08:02 124118     /usr/lib/libXcursor.so.1.0.2
b4077000-b4078000 rwxp 00008000 08:02 124118     /usr/lib/libXcursor.so.1.0.2
b4078000-b4079000 r-xs 00002000 08:05 581244     /home/manu/Documents/sources/contiki/tools/cooja/apps/collect-view/cooja-collect-view.jar
b4079000-b407a000 r-xs 00003000 08:05 186462     /home/manu/Documents/sources/contiki/tools/cooja/apps/mspsim/lib/coffee.jar
b407a000-b4083000 r-xs 0008e000 08:05 581040     /home/manu/Documents/sources/contiki/tools/cooja/apps/mspsim/lib/mspsim.jar
b4083000-b4087000 r-xs 0002a000 08:05 581193     /home/manu/Documents/sources/contiki/tools/cooja/apps/mspsim/lib/cooja_mspsim.jar
b4087000-b408f000 r-xs 00115000 08:02 242018     /usr/lib/jvm/java-6-sun-1.6.0.26/jre/lib/resources.jar
b408f000-b4092000 ---p 00000000 00:00 0 
b4092000-b40e0000 rwxp 00000000 00:00 0 
b40e0000-b4159000 r-xp 00000000 08:02 241988     /usr/lib/jvm/java-6-sun-1.6.0.26/jre/lib/i386/libfontmanager.so
b4159000-b4163000 rwxp 00078000 08:02 241988     /usr/lib/jvm/java-6-sun-1.6.0.26/jre/lib/i386/libfontmanager.so
b4163000-b4168000 rwxp 00000000 00:00 0 
b4168000-b416c000 r-xp 00000000 08:02 43742      /usr/lib/libXdmcp.so.6.0.0
b416c000-b416d000 r-xp 00003000 08:02 43742      /usr/lib/libXdmcp.so.6.0.0
b416d000-b416e000 rwxp 00004000 08:02 43742      /usr/lib/libXdmcp.so.6.0.0
b416e000-b4170000 r-xp 00000000 08:02 38105      /usr/lib/libXau.so.6.0.0
b4170000-b4171000 r-xp 00001000 08:02 38105      /usr/lib/libXau.so.6.0.0
b4171000-b4172000 rwxp 00002000 08:02 38105      /usr/lib/libXau.so.6.0.0
b4172000-b418a000 r-xp 00000000 08:02 89888      /usr/lib/libxcb.so.1.1.0
b418a000-b418b000 r-xp 00017000 08:02 89888      /usr/lib/libxcb.so.1.1.0
b418b000-b418c000 rwxp 00018000 08:02 89888      /usr/lib/libxcb.so.1.1.0
b418c000-b4198000 r-xp 00000000 08:02 28336      /usr/lib/libXi.so.6.1.0
b4198000-b4199000 r-xp 0000c000 08:02 28336      /usr/lib/libXi.so.6.1.0
b4199000-b419a000 rwxp 0000d000 08:02 28336      /usr/lib/libXi.so.6.1.0
b419a000-b42b3000 r-xp 00000000 08:02 28304      /usr/lib/libX11.so.6.3.0
b42b3000-b42b4000 r-xp 00118000 08:02 28304      /usr/lib/libX11.so.6.3.0
b42b4000-b42b6000 rwxp 00119000 08:02 28304      /usr/lib/libX11.so.6.3.0
b42b6000-b42b7000 rwxp 00000000 00:00 0 
b42b7000-b42fa000 r-xp 00000000 08:02 241982     /usr/lib/jvm/java-6-sun-1.6.0.26/jre/lib/i386/xawt/libmawt.so
b42fa000-b42fc000 rwxp 00043000 08:02 241982     /usr/lib/jvm/java-6-sun-1.6.0.26/jre/lib/i386/xawt/libmawt.so
b42fc000-b42fd000 rwxp 00000000 00:00 0 
b42fd000-b4382000 r-xp 00000000 08:02 241978     /usr/lib/jvm/java-6-sun-1.6.0.26/jre/lib/i386/libawt.so
b4382000-b4389000 rwxp 00085000 08:02 241978     /usr/lib/jvm/java-6-sun-1.6.0.26/jre/lib/i386/libawt.so
b4389000-b43ad000 rwxp 00000000 00:00 0 
b43ad000-b43ae000 ---p 00000000 00:00 0 
b43ae000-b442e000 rwxp 00000000 00:00 0 
b442e000-b4431000 ---p 00000000 00:00 0 
b4431000-b447f000 rwxp 00000000 00:00 0 
b447f000-b4482000 ---p 00000000 00:00 0 
b4482000-b4500000 rwxp 00000000 00:00 0 
b4500000-b45ff000 rwxp 00000000 00:00 0 
b45ff000-b4600000 ---p 00000000 00:00 0 
b4600000-b4602000 r-xs 00007000 08:05 581220     /home/manu/Documents/sources/contiki/tools/cooja/apps/avrora/lib/cooja_avrora.jar
b4602000-b4606000 r-xp 00000000 08:02 28351      /usr/lib/libXtst.so.6.1.0
b4606000-b4607000 r-xp 00003000 08:02 28351      /usr/lib/libXtst.so.6.1.0
b4607000-b4608000 rwxp 00004000 08:02 28351      /usr/lib/libXtst.so.6.1.0
b4608000-b4616000 r-xp 00000000 08:02 28320      /usr/lib/libXext.so.6.4.0
b4616000-b4617000 r-xp 0000d000 08:02 28320      /usr/lib/libXext.so.6.4.0
b4617000-b4618000 rwxp 0000e000 08:02 28320      /usr/lib/libXext.so.6.4.0
b4618000-b4619000 r-xs 00003000 08:05 581232     /home/manu/Documents/sources/contiki/tools/cooja/apps/serial_socket/lib/serial_socket.jar
b4619000-b461b000 r-xs 00010000 08:05 581041     /home/manu/Documents/sources/contiki/tools/cooja/apps/mspsim/lib/jipv6.jar
b461b000-b461e000 r-xs 00000000 08:02 1332       /var/cache/fontconfig/d60319d88cac85ba9e1a07bd06cfbb8c-le32d4.cache-3
b461e000-b4621000 r-xs 00000000 08:02 1235       /var/cache/fontconfig/7ef2298fde41cc6eeb7af42e48b7d293-le32d4.cache-3
b4621000-b462f000 r-xs 00000000 08:02 310345     /var/cache/fontconfig/865f88548240fee46819705c6468c165-le32d4.cache-3
b462f000-b4636000 r-xs 0004f000 08:05 580032     /home/manu/Documents/sources/contiki/tools/cooja/lib/log4j.jar
b4636000-b4639000 r-xs 00022000 08:05 580031     /home/manu/Documents/sources/contiki/tools/cooja/lib/jdom.jar
b4639000-b463c000 ---p 00000000 00:00 0 
b463c000-b468a000 rwxp 00000000 00:00 0 
b468a000-b4691000 r-xs 00000000 08:02 88550      /usr/lib/gconv/gconv-modules.cache
b4691000-b46d0000 r-xp 00000000 08:02 51679      /usr/lib/locale/fr_FR.utf8/LC_CTYPE
b46d0000-b46d3000 ---p 00000000 00:00 0 
b46d3000-b4721000 rwxp 00000000 00:00 0 
b4721000-b4724000 ---p 00000000 00:00 0 
b4724000-b47a6000 rwxp 00000000 00:00 0 
b47a6000-b493e000 r-xs 03029000 08:02 242205     /usr/lib/jvm/java-6-sun-1.6.0.26/jre/lib/rt.jar
b493e000-b493f000 ---p 00000000 00:00 0 
b493f000-b49c6000 rwxp 00000000 00:00 0 
b49c6000-b49e0000 rwxp 00000000 00:00 0 
b49e0000-b49e6000 rwxp 00000000 00:00 0 
b49e6000-b4a8b000 rwxp 00000000 00:00 0 
b4a8b000-b4a8e000 rwxp 00000000 00:00 0 
b4a8e000-b4ae0000 rwxp 00000000 00:00 0 
b4ae0000-b4ae6000 rwxp 00000000 00:00 0 
b4ae6000-b4b8b000 rwxp 00000000 00:00 0 
b4b8b000-b4b91000 rwxp 00000000 00:00 0 
b4b91000-b4bab000 rwxp 00000000 00:00 0 
b4bab000-b4bbe000 rwxp 00000000 00:00 0 
b4bbe000-b4c37000 rwxp 00000000 00:00 0 
b4c37000-b4ddf000 rwxp 00000000 00:00 0 
b4ddf000-b6c37000 rwxp 00000000 00:00 0 
b6c37000-b6c46000 r-xp 00000000 08:02 241959     /usr/lib/jvm/java-6-sun-1.6.0.26/jre/lib/i386/libzip.so
b6c46000-b6c48000 rwxp 0000e000 08:02 241959     /usr/lib/jvm/java-6-sun-1.6.0.26/jre/lib/i386/libzip.so
b6c48000-b6c52000 r-xp 00000000 08:02 137071     /lib/tls/i686/cmov/libnss_files-2.11.1.so
b6c52000-b6c53000 r-xp 00009000 08:02 137071     /lib/tls/i686/cmov/libnss_files-2.11.1.so
b6c53000-b6c54000 rwxp 0000a000 08:02 137071     /lib/tls/i686/cmov/libnss_files-2.11.1.so
b6c54000-b6c5c000 r-xp 00000000 08:02 158575     /lib/tls/i686/cmov/libnss_nis-2.11.1.so
b6c5c000-b6c5d000 r-xp 00007000 08:02 158575     /lib/tls/i686/cmov/libnss_nis-2.11.1.so
b6c5d000-b6c5e000 rwxp 00008000 08:02 158575     /lib/tls/i686/cmov/libnss_nis-2.11.1.so
b6c5e000-b6c71000 r-xp 00000000 08:02 135965     /lib/tls/i686/cmov/libnsl-2.11.1.so
b6c71000-b6c72000 r-xp 00012000 08:02 135965     /lib/tls/i686/cmov/libnsl-2.11.1.so
b6c72000-b6c73000 rwxp 00013000 08:02 135965     /lib/tls/i686/cmov/libnsl-2.11.1.so
b6c73000-b6c75000 rwxp 00000000 00:00 0 
b6c75000-b6c77000 r-xs 0001a000 08:05 581037     /home/manu/Documents/sources/contiki/tools/cooja/apps/mrm/lib/mrm.jar
b6c77000-b6c84000 rwxp 00000000 00:00 0 
b6c84000-b6c8c000 rwxs 00000000 08:02 11979      /tmp/hsperfdata_manu/27984
b6c8c000-b6caf000 r-xp 00000000 08:02 241955     /usr/lib/jvm/java-6-sun-1.6.0.26/jre/lib/i386/libjava.so
b6caf000-b6cb1000 rwxp 00023000 08:02 241955     /usr/lib/jvm/java-6-sun-1.6.0.26/jre/lib/i386/libjava.so
b6cb1000-b6cb8000 r-xp 00000000 08:02 158593     /lib/tls/i686/cmov/librt-2.11.1.so
b6cb8000-b6cb9000 r-xp 00006000 08:02 158593     /lib/tls/i686/cmov/librt-2.11.1.so
b6cb9000-b6cba000 rwxp 00007000 08:02 158593     /lib/tls/i686/cmov/librt-2.11.1.so
b6cba000-b6cbd000 ---p 00000000 00:00 0 
b6cbd000-b6d0b000 rwxp 00000000 00:00 0 
b6d0b000-b6d2f000 r-xp 00000000 08:02 127031     /lib/tls/i686/cmov/libm-2.11.1.so
b6d2f000-b6d30000 r-xp 00023000 08:02 127031     /lib/tls/i686/cmov/libm-2.11.1.so
b6d30000-b6d31000 rwxp 00024000 08:02 127031     /lib/tls/i686/cmov/libm-2.11.1.so
b6d31000-b7212000 r-xp 00000000 08:02 241946     /usr/lib/jvm/java-6-sun-1.6.0.26/jre/lib/i386/client/libjvm.so
b7212000-b7235000 rwxp 004e1000 08:02 241946     /usr/lib/jvm/java-6-sun-1.6.0.26/jre/lib/i386/client/libjvm.so
b7235000-b7652000 rwxp 00000000 00:00 0 
b7652000-b77a5000 r-xp 00000000 08:02 96547      /lib/tls/i686/cmov/libc-2.11.1.so
b77a5000-b77a6000 ---p 00153000 08:02 96547      /lib/tls/i686/cmov/libc-2.11.1.so
b77a6000-b77a8000 r-xp 00153000 08:02 96547      /lib/tls/i686/cmov/libc-2.11.1.so
b77a8000-b77a9000 rwxp 00155000 08:02 96547      /lib/tls/i686/cmov/libc-2.11.1.so
b77a9000-b77ac000 rwxp 00000000 00:00 0 
b77ac000-b77ae000 r-xp 00000000 08:02 127010     /lib/tls/i686/cmov/libdl-2.11.1.so
b77ae000-b77af000 r-xp 00001000 08:02 127010     /lib/tls/i686/cmov/libdl-2.11.1.so
b77af000-b77b0000 rwxp 00002000 08:02 127010     /lib/tls/i686/cmov/libdl-2.11.1.so
b77b0000-b77b7000 r-xp 00000000 08:02 241958     /usr/lib/jvm/java-6-sun-1.6.0.26/jre/lib/i386/jli/libjli.so
b77b7000-b77b9000 rwxp 00006000 08:02 241958     /usr/lib/jvm/java-6-sun-1.6.0.26/jre/lib/i386/jli/libjli.so
b77b9000-b77ba000 rwxp 00000000 00:00 0 
b77ba000-b77cf000 r-xp 00000000 08:02 158590     /lib/tls/i686/cmov/libpthread-2.11.1.so
b77cf000-b77d0000 r-xp 00014000 08:02 158590     /lib/tls/i686/cmov/libpthread-2.11.1.so
b77d0000-b77d1000 rwxp 00015000 08:02 158590     /lib/tls/i686/cmov/libpthread-2.11.1.so
b77d1000-b77d3000 rwxp 00000000 00:00 0 
b77d3000-b77d4000 r-xs 00000000 08:02 103569     /var/cache/fontconfig/4794a0821666d79190d59a36cb4f44b5-le32d4.cache-3
b77d4000-b77da000 r-xp 00000000 08:02 136301     /lib/tls/i686/cmov/libnss_compat-2.11.1.so
b77da000-b77db000 r-xp 00006000 08:02 136301     /lib/tls/i686/cmov/libnss_compat-2.11.1.so
b77db000-b77dc000 rwxp 00007000 08:02 136301     /lib/tls/i686/cmov/libnss_compat-2.11.1.so
b77dc000-b77dd000 rwxp 00000000 00:00 0 
b77dd000-b77de000 r-xp 00000000 00:00 0 
b77de000-b77e9000 r-xp 00000000 08:02 241954     /usr/lib/jvm/java-6-sun-1.6.0.26/jre/lib/i386/libverify.so
b77e9000-b77ea000 rwxp 0000b000 08:02 241954     /usr/lib/jvm/java-6-sun-1.6.0.26/jre/lib/i386/libverify.so
b77ea000-b77ec000 rwxp 00000000 00:00 0 
b77ec000-b77ed000 r-xp 00000000 00:00 0          [vdso]
b77ed000-b7808000 r-xp 00000000 08:02 40758      /lib/ld-2.11.1.so
b7808000-b7809000 r-xp 0001a000 08:02 40758      /lib/ld-2.11.1.so
b7809000-b780a000 rwxp 0001b000 08:02 40758      /lib/ld-2.11.1.so
bfe81000-bfe96000 rwxp 00000000 00:00 0          [stack]

VM Arguments:
jvm_args: -Xmx512m -Duser.language=en 
java_command: se.sics.cooja.GUI
Launcher Type: SUN_STANDARD

Environment Variables:
JAVA_HOME=/usr/lib/jvm/java-6-sun
PATH=/usr/local/sbin:/usr/local/bin:/usr/sbin:/usr/bin:/sbin:/bin:/usr/games:/opt/msp430-gcc-4.4.5/bin
USERNAME=manu
LD_LIBRARY_PATH=/usr/lib/jvm/java-6-sun-1.6.0.26/jre/lib/i386/client:/usr/lib/jvm/java-6-sun-1.6.0.26/jre/lib/i386:/usr/lib/jvm/java-6-sun-1.6.0.26/jre/../lib/i386:.
SHELL=/bin/bash
DISPLAY=:0.0

Signal Handlers:
SIGSEGV: [libjvm.so+0x469ec0], sa_mask[0]=0x7ffbfeff, sa_flags=0x10000004
SIGBUS: [libjvm.so+0x469ec0], sa_mask[0]=0x7ffbfeff, sa_flags=0x10000004
SIGFPE: [libjvm.so+0x38bf10], sa_mask[0]=0x7ffbfeff, sa_flags=0x10000004
SIGPIPE: [libjvm.so+0x38bf10], sa_mask[0]=0x7ffbfeff, sa_flags=0x10000004
SIGXFSZ: [libjvm.so+0x38bf10], sa_mask[0]=0x7ffbfeff, sa_flags=0x10000004
SIGILL: [libjvm.so+0x38bf10], sa_mask[0]=0x7ffbfeff, sa_flags=0x10000004
SIGUSR1: SIG_DFL, sa_mask[0]=0x00000000, sa_flags=0x00000000
SIGUSR2: [libjvm.so+0x38f150], sa_mask[0]=0x00000004, sa_flags=0x10000004
SIGHUP: [libjvm.so+0x38ed30], sa_mask[0]=0x7ffbfeff, sa_flags=0x10000004
SIGINT: [libjvm.so+0x38ed30], sa_mask[0]=0x7ffbfeff, sa_flags=0x10000004
SIGTERM: [libjvm.so+0x38ed30], sa_mask[0]=0x7ffbfeff, sa_flags=0x10000004
SIGQUIT: [libjvm.so+0x38ed30], sa_mask[0]=0x7ffbfeff, sa_flags=0x10000004


---------------  S Y S T E M  ---------------

OS:squeeze/sid

uname:Linux 2.6.32-34-generic #73-Ubuntu SMP Thu Aug 11 17:07:31 UTC 2011 i686
libc:glibc 2.11.1 NPTL 2.11.1 
rlimit: STACK 8192k, CORE 0k, NPROC infinity, NOFILE 1024, AS infinity
load average:0.48 0.53 0.44

/proc/meminfo:
MemTotal:        2060120 kB
MemFree:          344620 kB
Buffers:          190844 kB
Cached:           999856 kB
SwapCached:        38496 kB
Active:          1095008 kB
Inactive:         379040 kB
Active(anon):     139020 kB
Inactive(anon):   151688 kB
Active(file):     955988 kB
Inactive(file):   227352 kB
Unevictable:           0 kB
Mlocked:               0 kB
HighTotal:       1186352 kB
HighFree:           8344 kB
LowTotal:         873768 kB
LowFree:          336276 kB
SwapTotal:       2554292 kB
SwapFree:        2341788 kB
Dirty:              4792 kB
Writeback:             0 kB
AnonPages:        267808 kB
Mapped:           110592 kB
Shmem:              7384 kB
Slab:             151376 kB
SReclaimable:     138568 kB
SUnreclaim:        12808 kB
KernelStack:        2368 kB
PageTables:         6156 kB
NFS_Unstable:          0 kB
Bounce:                0 kB
WritebackTmp:          0 kB
CommitLimit:     3584352 kB
Committed_AS:    1143272 kB
VmallocTotal:     122880 kB
VmallocUsed:       62208 kB
VmallocChunk:      52220 kB
HardwareCorrupted:     0 kB
HugePages_Total:       0
HugePages_Free:        0
HugePages_Rsvd:        0
HugePages_Surp:        0
Hugepagesize:       4096 kB
DirectMap4k:      872440 kB
DirectMap4M:       36864 kB


CPU:total 2 (1 cores per cpu, 2 threads per core) family 15 model 4 stepping 3, cmov, cx8, fxsr, mmx, sse, sse2, sse3, ht

/proc/cpuinfo:
processor	: 0
vendor_id	: GenuineIntel
cpu family	: 15
model		: 4
model name	: Intel(R) Pentium(R) 4 CPU 3.40GHz
stepping	: 3
cpu MHz		: 3391.922
cache size	: 2048 KB
physical id	: 0
siblings	: 2
core id		: 0
cpu cores	: 1
apicid		: 0
initial apicid	: 0
fdiv_bug	: no
hlt_bug		: no
f00f_bug	: no
coma_bug	: no
fpu		: yes
fpu_exception	: yes
cpuid level	: 5
wp		: yes
flags		: fpu vme de pse tsc msr pae mce cx8 apic mtrr pge mca cmov pat pse36 clflush dts acpi mmx fxsr sse sse2 ss ht tm pbe nx lm constant_tsc pebs bts pni dtes64 monitor ds_cpl est cid cx16 xtpr
bogomips	: 6783.84
clflush size	: 64
cache_alignment	: 128
address sizes	: 36 bits physical, 48 bits virtual
power management:

processor	: 1
vendor_id	: GenuineIntel
cpu family	: 15
model		: 4
model name	: Intel(R) Pentium(R) 4 CPU 3.40GHz
stepping	: 3
cpu MHz		: 3391.922
cache size	: 2048 KB
physical id	: 0
siblings	: 2
core id		: 0
cpu cores	: 1
apicid		: 1
initial apicid	: 1
fdiv_bug	: no
hlt_bug		: no
f00f_bug	: no
coma_bug	: no
fpu		: yes
fpu_exception	: yes
cpuid level	: 5
wp		: yes
flags		: fpu vme de pse tsc msr pae mce cx8 apic mtrr pge mca cmov pat pse36 clflush dts acpi mmx fxsr sse sse2 ss ht tm pbe nx lm constant_tsc pebs bts pni dtes64 monitor ds_cpl est cid cx16 xtpr
bogomips	: 6783.16
clflush size	: 64
cache_alignment	: 128
address sizes	: 36 bits physical, 48 bits virtual
power management:



Memory: 4k page, physical 2060120k(344620k free), swap 2554292k(2341788k free)

vm_info: Java HotSpot(TM) Client VM (20.1-b02) for linux-x86 JRE (1.6.0_26-b03), built on May  4 2011 01:23:42 by "java_re" with gcc 3.2.1-7a (J2SE release)

time: Tue Sep 20 16:56:40 2011
elapsed time: 138 seconds

