#
# A fatal error has been detected by the Java Runtime Environment:
#
#  SIGSEGV (0xb) at pc=0xb392f881, pid=23737, tid=3010182000
#
# JRE version: 6.0_26-b03
# Java VM: Java HotSpot(TM) Client VM (20.1-b02 mixed mode, sharing linux-x86 )
# Problematic frame:
# C  [mtype606.cooja+0x13881]  double+0x3c5
#
# If you would like to submit a bug report, please visit:
#   http://java.sun.com/webapps/bugreport/crash.jsp
# The crash happened outside the Java Virtual Machine in native code.
# See problematic frame for where to report the bug.
#

---------------  T H R E A D  ---------------

Current thread (0x09fa6000):  JavaThread "Thread-7" [_thread_in_native, id=23868, stack(0xb366b000,0xb36bc000)]

siginfo:si_signo=SIGSEGV: si_errno=0, si_code=1 (SEGV_MAPERR), si_addr=0x00000004

Registers:
EAX=0x00000000, EBX=0x00000000, ECX=0x00000008, EDX=0x00000003
ESP=0xb3946e8c, EBP=0xb3946f84, ESI=0x00000000, EDI=0x00000000
EIP=0xb392f881, EFLAGS=0x00010292, CR2=0x00000004

Top of Stack: (sp=0xb3946e8c)
0xb3946e8c:   b3945104 b39480d0 0000002a 00000001
0xb3946e9c:   00000000 0000030c 00000000 b77058f4
0xb3946eac:   00000000 00000000 b77f1ff4 b3946f08
0xb3946ebc:   b3947030 b7706c22 00000000 b3946eec
0xb3946ecc:   b77f1ff4 ffffffff 00000000 00000036
0xb3946edc:   000009d0 b394cffc 0000002c 00000018
0xb3946eec:   b394ca3a 6602309a 0000aaaa 00000000
0xb3946efc:   00000000 01000000 010003ff 00000200 

Instructions: (pc=0xb392f881)
0xb392f861:   e8 e8 4b 00 00 89 85 50 ff ff ff 8b 85 54 ff ff
0xb392f871:   ff 03 85 68 ff ff ff 0f b6 10 8b 85 50 ff ff ff
0xb392f881:   88 50 04 83 85 54 ff ff ff 01 8b 85 54 ff ff ff
0xb392f891:   03 85 68 ff ff ff 0f b6 00 8d 14 00 8b 85 50 ff 

Register to memory mapping:

EAX=0x00000000 is an unknown value
EBX=0x00000000 is an unknown value
ECX=0x00000008 is an unknown value
EDX=0x00000003 is an unknown value
ESP=0xb3946e8c: <offset 0x2ae8c> in /home/manu/Documents/sources/contiki/examples/ipv6/rpl-fuzzy/obj_cooja/mtype606.cooja at 0xb391c000
EBP=0xb3946f84: <offset 0x2af84> in /home/manu/Documents/sources/contiki/examples/ipv6/rpl-fuzzy/obj_cooja/mtype606.cooja at 0xb391c000
ESI=0x00000000 is an unknown value
EDI=0x00000000 is an unknown value


Stack: [0xb366b000,0xb36bc000],  sp=0xb3946e8c,  free space=2927k
Native frames: (J=compiled Java code, j=interpreted, Vv=VM code, C=native code)
C  [mtype606.cooja+0x13881]  double+0x3c5
C  [mtype606.cooja+0x14e20]  uip_rpl_input+0x4f
C  [mtype606.cooja+0x1b477]  uip_process+0xa2e
C  [mtype606.cooja+0x1d126]  packet_input+0x23
C  [mtype606.cooja+0x1d597]  long double+0x217
C  [mtype606.cooja+0x1dba5]  process_thread_tcpip_process+0xbe
C  [mtype606.cooja+0x17da3]  char+0x57
C  [mtype606.cooja+0x180f5]  process_post_synch+0x2e
C  [mtype606.cooja+0x1d5cb]  unsigned short+0x22
C  [mtype606.cooja+0x21ce6]  int+0x663
C  [mtype606.cooja+0x10a66]  int+0xd
C  [mtype606.cooja+0x116a5]  int+0x1d1
C  [mtype606.cooja+0x24588]  process_thread_cooja_radio_process+0x7e
C  [mtype606.cooja+0x17da3]  char+0x57
C  [mtype606.cooja+0x17e76]  double+0x4b
C  [mtype606.cooja+0x17fdc]  process_run+0x16
C  [mtype606.cooja+0xfede]  process_run_thread_loop+0x1f

Java frames: (J=compiled Java code, j=interpreted, Vv=VM code)
j  se.sics.cooja.corecomm.Lib2.tick()V+0
j  se.sics.cooja.contikimote.ContikiMoteType.tick()V+4
j  se.sics.cooja.contikimote.ContikiMote.execute(J)V+63
j  se.sics.cooja.motes.AbstractWakeupMote$1.execute(J)V+5
j  se.sics.cooja.Simulation.run()V+174
j  java.lang.Thread.run()V+11
v  ~StubRoutines::call_stub

---------------  P R O C E S S  ---------------

Java Threads: ( => current thread )
=>0x09fa6000 JavaThread "Thread-7" [_thread_in_native, id=23868, stack(0xb366b000,0xb36bc000)]
  0xb3d18400 JavaThread "Thread-4" [_thread_blocked, id=23854, stack(0xb3ee3000,0xb3f34000)]
  0x09fad800 JavaThread "Thread-2" [_thread_blocked, id=23799, stack(0xb37af000,0xb3800000)]
  0x09de3000 JavaThread "TimerQueue" daemon [_thread_blocked, id=23754, stack(0xb3e92000,0xb3ee3000)]
  0xb45a0800 JavaThread "DestroyJavaVM" [_thread_blocked, id=23741, stack(0xb6d04000,0xb6d55000)]
  0xb459f800 JavaThread "AWT-EventQueue-0" [_thread_blocked, id=23752, stack(0xb3f34000,0xb3f85000)]
  0xb459e400 JavaThread "AWT-Shutdown" [_thread_blocked, id=23751, stack(0xb400c000,0xb405d000)]
  0xb459d800 JavaThread "AWT-XAWT" daemon [_thread_in_native, id=23750, stack(0xb405d000,0xb40ae000)]
  0xb4566000 JavaThread "Java2D Disposer" daemon [_thread_blocked, id=23749, stack(0xb40d9000,0xb412a000)]
  0xb4500c00 JavaThread "Low Memory Detector" daemon [_thread_blocked, id=23747, stack(0xb44af000,0xb4500000)]
  0x09d47400 JavaThread "C1 CompilerThread0" daemon [_thread_blocked, id=23746, stack(0xb4602000,0xb4683000)]
  0x09d45800 JavaThread "Signal Dispatcher" daemon [_thread_blocked, id=23745, stack(0xb4683000,0xb46d4000)]
  0x09d40800 JavaThread "Finalizer" daemon [_thread_blocked, id=23744, stack(0xb471a000,0xb476b000)]
  0x09d3c000 JavaThread "Reference Handler" daemon [_thread_blocked, id=23743, stack(0xb476b000,0xb47bc000)]

Other Threads:
  0x09d31800 VMThread [stack: 0xb4988000,0xb4a09000] [id=23742]
  0xb4503000 WatcherThread [stack: 0xb442e000,0xb44af000] [id=23748]

VM state:not at safepoint (normal execution)

VM Mutex/Monitor currently owned by a thread: None

Heap
 def new generation   total 4992K, used 888K [0x6ed90000, 0x6f2f0000, 0x79830000)
  eden space 4480K,  18% used [0x6ed90000, 0x6ee61240, 0x6f1f0000)
  from space 512K,  10% used [0x6f270000, 0x6f27cdf8, 0x6f2f0000)
  to   space 512K,   0% used [0x6f1f0000, 0x6f1f0000, 0x6f270000)
 tenured generation   total 10944K, used 7409K [0x79830000, 0x7a2e0000, 0x8ed90000)
   the space 10944K,  67% used [0x79830000, 0x79f6c5a0, 0x79f6c600, 0x7a2e0000)
 compacting perm gen  total 12288K, used 5230K [0x8ed90000, 0x8f990000, 0x92d90000)
   the space 12288K,  42% used [0x8ed90000, 0x8f2ab820, 0x8f2aba00, 0x8f990000)
    ro space 10240K,  61% used [0x92d90000, 0x933b9d08, 0x933b9e00, 0x93790000)
    rw space 12288K,  60% used [0x93790000, 0x93ecc660, 0x93ecc800, 0x94390000)

Code Cache  [0xb4c81000, 0xb4e29000, 0xb6c81000)
 total_blobs=1070 nmethods=810 adapters=194 free_code_cache=31828672 largest_free_block=192

Dynamic libraries:
08048000-08052000 r-xp 00000000 08:02 241919     /usr/lib/jvm/java-6-sun-1.6.0.26/jre/bin/java
08052000-08053000 rwxp 00009000 08:02 241919     /usr/lib/jvm/java-6-sun-1.6.0.26/jre/bin/java
09d08000-09fd5000 rwxp 00000000 00:00 0          [heap]
6ed90000-6f2f0000 rwxp 00000000 00:00 0 
6f2f0000-79830000 rwxp 00000000 00:00 0 
79830000-7a2e0000 rwxp 00000000 00:00 0 
7a2e0000-8ed90000 rwxp 00000000 00:00 0 
8ed90000-8f990000 rwxp 00000000 00:00 0 
8f990000-92d90000 rwxp 00000000 00:00 0 
92d90000-933ba000 r-xs 00001000 08:02 128946     /usr/lib/jvm/java-6-sun-1.6.0.26/jre/lib/i386/client/classes.jsa
933ba000-93790000 rwxp 00000000 00:00 0 
93790000-93ecd000 rwxp 0062b000 08:02 128946     /usr/lib/jvm/java-6-sun-1.6.0.26/jre/lib/i386/client/classes.jsa
93ecd000-94390000 rwxp 00000000 00:00 0 
94390000-94472000 rwxp 00d68000 08:02 128946     /usr/lib/jvm/java-6-sun-1.6.0.26/jre/lib/i386/client/classes.jsa
94472000-94790000 rwxp 00000000 00:00 0 
94790000-94798000 r-xs 00e4a000 08:02 128946     /usr/lib/jvm/java-6-sun-1.6.0.26/jre/lib/i386/client/classes.jsa
94798000-94b90000 rwxp 00000000 00:00 0 
b3643000-b3658000 r-xp 00000000 08:02 241976     /usr/lib/jvm/java-6-sun-1.6.0.26/jre/lib/i386/libdcpr.so
b3658000-b366b000 rwxp 00014000 08:02 241976     /usr/lib/jvm/java-6-sun-1.6.0.26/jre/lib/i386/libdcpr.so
b366b000-b366e000 ---p 00000000 00:00 0 
b366e000-b36bc000 rwxp 00000000 00:00 0 
b36bc000-b36bf000 ---p 00000000 00:00 0 
b36bf000-b370d000 rwxp 00000000 00:00 0 
b370d000-b3710000 ---p 00000000 00:00 0 
b3710000-b375e000 rwxp 00000000 00:00 0 
b375e000-b3761000 ---p 00000000 00:00 0 
b3761000-b37af000 rwxp 00000000 00:00 0 
b37af000-b37b2000 ---p 00000000 00:00 0 
b37b2000-b3800000 rwxp 00000000 00:00 0 
b3800000-b385a000 rwxp 00000000 00:00 0 
b385a000-b3900000 ---p 00000000 00:00 0 
b391c000-b3944000 r-xp 00000000 08:05 585461     /home/manu/Documents/sources/contiki/examples/ipv6/rpl-fuzzy/obj_cooja/mtype606.cooja
b3944000-b3945000 r-xp 00027000 08:05 585461     /home/manu/Documents/sources/contiki/examples/ipv6/rpl-fuzzy/obj_cooja/mtype606.cooja
b3945000-b3946000 rwxp 00028000 08:05 585461     /home/manu/Documents/sources/contiki/examples/ipv6/rpl-fuzzy/obj_cooja/mtype606.cooja
b3946000-b394e000 rwxp 00000000 00:00 0 
b394e000-b3951000 ---p 00000000 00:00 0 
b3951000-b399f000 rwxp 00000000 00:00 0 
b399f000-b3d00000 rwxs 00000000 00:04 49741839   /SYSV00000000 (deleted)
b3d00000-b3de5000 rwxp 00000000 00:00 0 
b3de5000-b3e00000 ---p 00000000 00:00 0 
b3e11000-b3e39000 r-xp 00000000 08:05 585457     /home/manu/Documents/sources/contiki/examples/ipv6/rpl-fuzzy/obj_cooja/mtype140.cooja
b3e39000-b3e3a000 r-xp 00027000 08:05 585457     /home/manu/Documents/sources/contiki/examples/ipv6/rpl-fuzzy/obj_cooja/mtype140.cooja
b3e3a000-b3e3b000 rwxp 00028000 08:05 585457     /home/manu/Documents/sources/contiki/examples/ipv6/rpl-fuzzy/obj_cooja/mtype140.cooja
b3e3b000-b3e43000 rwxp 00000000 00:00 0 
b3e43000-b3e57000 r-xp 00000000 08:02 241963     /usr/lib/jvm/java-6-sun-1.6.0.26/jre/lib/i386/libnet.so
b3e57000-b3e58000 rwxp 00013000 08:02 241963     /usr/lib/jvm/java-6-sun-1.6.0.26/jre/lib/i386/libnet.so
b3e58000-b3e92000 r-xs 001e1000 08:05 579634     /home/manu/Documents/sources/contiki/tools/cooja/apps/avrora/lib/avrora-small.jar
b3e92000-b3e95000 ---p 00000000 00:00 0 
b3e95000-b3ee3000 rwxp 00000000 00:00 0 
b3ee3000-b3ee6000 ---p 00000000 00:00 0 
b3ee6000-b3f34000 rwxp 00000000 00:00 0 
b3f34000-b3f37000 ---p 00000000 00:00 0 
b3f37000-b3f85000 rwxp 00000000 00:00 0 
b3f85000-b3f86000 r-xs 00000000 08:02 15264      /var/cache/fontconfig/c05880de57d1f5e948fdfacc138775d9-le32d4.cache-3
b3f86000-b3f8c000 r-xs 00000000 08:02 15238      /var/cache/fontconfig/945677eb7aeaf62f1d50efc3fb3ec7d8-le32d4.cache-3
b3f8c000-b3f8f000 r-xs 00000000 08:02 15230      /var/cache/fontconfig/99e8ed0e538f840c565b6ed5dad60d56-le32d4.cache-3
b3f8f000-b3f91000 r-xs 00000000 08:02 15080      /var/cache/fontconfig/f24b2111ab8703b4e963115a8cf14259-le32d4.cache-3
b3f91000-b3f94000 r-xs 00000000 08:02 15079      /var/cache/fontconfig/e383d7ea5fbe662a33d9b44caf393297-le32d4.cache-3
b3f94000-b3f95000 r-xs 00000000 08:02 14751      /var/cache/fontconfig/e7071f4a29fa870f4323321c154eba04-le32d4.cache-3
b3f95000-b3f99000 r-xs 00000000 08:02 342749     /var/cache/fontconfig/926e794c3d5e5dffcaf2fa83ef8d36c2-le32d4.cache-3
b3f99000-b3f9c000 r-xs 00000000 08:02 1661       /var/cache/fontconfig/6eb3985aa4124903f6ff08ba781cd364-le32d4.cache-3
b3f9c000-b3f9d000 r-xs 00000000 08:02 1660       /var/cache/fontconfig/4c73fe0c47614734b17d736dbde7580a-le32d4.cache-3
b3f9d000-b3f9e000 r-xs 00000000 08:02 1554       /var/cache/fontconfig/0d8c3b2ac0904cb8a57a757ad11a4a08-le32d4.cache-3
b3f9e000-b3f9f000 r-xs 00000000 08:02 1499       /var/cache/fontconfig/6a53c69dea097a2d716e069445527da8-le32d4.cache-3
b3f9f000-b3fa3000 r-xs 00000000 08:02 1498       /var/cache/fontconfig/062808c12e6e608270f93bb230aed730-le32d4.cache-3
b3fa3000-b3fa7000 r-xs 00000000 08:02 1497       /var/cache/fontconfig/a755afe4a08bf5b97852ceb7400b47bc-le32d4.cache-3
b3fa7000-b3fae000 r-xs 00000000 08:02 1481       /var/cache/fontconfig/6d41288fd70b0be22e8c3a91e032eec0-le32d4.cache-3
b3fae000-b3fb9000 r-xs 00000000 08:02 46600      /var/cache/fontconfig/0f34bcd4b6ee430af32735b75db7f02b-le32d4.cache-3
b3fb9000-b3fbc000 r-xs 00000000 08:02 1332       /var/cache/fontconfig/d60319d88cac85ba9e1a07bd06cfbb8c-le32d4.cache-3
b3fbc000-b3fbd000 r-xs 00000000 08:02 103569     /var/cache/fontconfig/4794a0821666d79190d59a36cb4f44b5-le32d4.cache-3
b3fbd000-b3fdf000 r-xs 00000000 08:02 1295       /var/cache/fontconfig/365b55f210c0a22e9a19e35191240f32-le32d4.cache-3
b3fdf000-b3fe1000 r-xs 00000000 08:02 1287       /var/cache/fontconfig/2c5ba8142dffc8bf0377700342b8ca1a-le32d4.cache-3
b3fe1000-b3fe9000 r-xs 00000000 08:02 1265       /var/cache/fontconfig/d52a8644073d54c13679302ca1180695-le32d4.cache-3
b3fe9000-b3ff7000 r-xs 00000000 08:02 310311     /var/cache/fontconfig/e13b20fdb08344e0e664864cc2ede53d-le32d4.cache-3
b4002000-b4009000 r-xp 00000000 08:02 241964     /usr/lib/jvm/java-6-sun-1.6.0.26/jre/lib/i386/libnio.so
b4009000-b400a000 rwxp 00006000 08:02 241964     /usr/lib/jvm/java-6-sun-1.6.0.26/jre/lib/i386/libnio.so
b400a000-b400b000 r-xs 00002000 08:05 581244     /home/manu/Documents/sources/contiki/tools/cooja/apps/collect-view/cooja-collect-view.jar
b400b000-b400c000 r-xs 00003000 08:05 581232     /home/manu/Documents/sources/contiki/tools/cooja/apps/serial_socket/lib/serial_socket.jar
b400c000-b400f000 ---p 00000000 00:00 0 
b400f000-b405d000 rwxp 00000000 00:00 0 
b405d000-b4060000 ---p 00000000 00:00 0 
b4060000-b40ae000 rwxp 00000000 00:00 0 
b40ae000-b40b6000 r-xp 00000000 08:02 7389       /usr/lib/libXrender.so.1.3.0
b40b6000-b40b7000 r-xp 00007000 08:02 7389       /usr/lib/libXrender.so.1.3.0
b40b7000-b40b8000 rwxp 00008000 08:02 7389       /usr/lib/libXrender.so.1.3.0
b40b8000-b40c0000 r-xp 00000000 08:02 124118     /usr/lib/libXcursor.so.1.0.2
b40c0000-b40c1000 r-xp 00007000 08:02 124118     /usr/lib/libXcursor.so.1.0.2
b40c1000-b40c2000 rwxp 00008000 08:02 124118     /usr/lib/libXcursor.so.1.0.2
b40c2000-b40c4000 r-xs 00007000 08:05 581220     /home/manu/Documents/sources/contiki/tools/cooja/apps/avrora/lib/cooja_avrora.jar
b40c4000-b40cd000 r-xs 0008e000 08:05 581040     /home/manu/Documents/sources/contiki/tools/cooja/apps/mspsim/lib/mspsim.jar
b40cd000-b40d1000 r-xs 0002a000 08:05 581193     /home/manu/Documents/sources/contiki/tools/cooja/apps/mspsim/lib/cooja_mspsim.jar
b40d1000-b40d9000 r-xs 00115000 08:02 242018     /usr/lib/jvm/java-6-sun-1.6.0.26/jre/lib/resources.jar
b40d9000-b40dc000 ---p 00000000 00:00 0 
b40dc000-b412a000 rwxp 00000000 00:00 0 
b412a000-b41a3000 r-xp 00000000 08:02 241988     /usr/lib/jvm/java-6-sun-1.6.0.26/jre/lib/i386/libfontmanager.so
b41a3000-b41ad000 rwxp 00078000 08:02 241988     /usr/lib/jvm/java-6-sun-1.6.0.26/jre/lib/i386/libfontmanager.so
b41ad000-b41b2000 rwxp 00000000 00:00 0 
b41b2000-b41b6000 r-xp 00000000 08:02 43742      /usr/lib/libXdmcp.so.6.0.0
b41b6000-b41b7000 r-xp 00003000 08:02 43742      /usr/lib/libXdmcp.so.6.0.0
b41b7000-b41b8000 rwxp 00004000 08:02 43742      /usr/lib/libXdmcp.so.6.0.0
b41b8000-b41ba000 r-xp 00000000 08:02 38105      /usr/lib/libXau.so.6.0.0
b41ba000-b41bb000 r-xp 00001000 08:02 38105      /usr/lib/libXau.so.6.0.0
b41bb000-b41bc000 rwxp 00002000 08:02 38105      /usr/lib/libXau.so.6.0.0
b41bc000-b41d4000 r-xp 00000000 08:02 89888      /usr/lib/libxcb.so.1.1.0
b41d4000-b41d5000 r-xp 00017000 08:02 89888      /usr/lib/libxcb.so.1.1.0
b41d5000-b41d6000 rwxp 00018000 08:02 89888      /usr/lib/libxcb.so.1.1.0
b41d6000-b41e2000 r-xp 00000000 08:02 28336      /usr/lib/libXi.so.6.1.0
b41e2000-b41e3000 r-xp 0000c000 08:02 28336      /usr/lib/libXi.so.6.1.0
b41e3000-b41e4000 rwxp 0000d000 08:02 28336      /usr/lib/libXi.so.6.1.0
b41e4000-b41e8000 r-xp 00000000 08:02 28351      /usr/lib/libXtst.so.6.1.0
b41e8000-b41e9000 r-xp 00003000 08:02 28351      /usr/lib/libXtst.so.6.1.0
b41e9000-b41ea000 rwxp 00004000 08:02 28351      /usr/lib/libXtst.so.6.1.0
b41ea000-b4303000 r-xp 00000000 08:02 28304      /usr/lib/libX11.so.6.3.0
b4303000-b4304000 r-xp 00118000 08:02 28304      /usr/lib/libX11.so.6.3.0
b4304000-b4306000 rwxp 00119000 08:02 28304      /usr/lib/libX11.so.6.3.0
b4306000-b4307000 rwxp 00000000 00:00 0 
b4307000-b4315000 r-xp 00000000 08:02 28320      /usr/lib/libXext.so.6.4.0
b4315000-b4316000 r-xp 0000d000 08:02 28320      /usr/lib/libXext.so.6.4.0
b4316000-b4317000 rwxp 0000e000 08:02 28320      /usr/lib/libXext.so.6.4.0
b4317000-b431b000 r-xp 00000000 08:02 18946      /usr/lib/libXfixes.so.3.1.0
b431b000-b431c000 r-xp 00003000 08:02 18946      /usr/lib/libXfixes.so.3.1.0
b431c000-b431d000 rwxp 00004000 08:02 18946      /usr/lib/libXfixes.so.3.1.0
b431d000-b4320000 r-xs 00000000 08:02 1235       /var/cache/fontconfig/7ef2298fde41cc6eeb7af42e48b7d293-le32d4.cache-3
b4320000-b432e000 r-xs 00000000 08:02 310345     /var/cache/fontconfig/865f88548240fee46819705c6468c165-le32d4.cache-3
b432e000-b4371000 r-xp 00000000 08:02 241982     /usr/lib/jvm/java-6-sun-1.6.0.26/jre/lib/i386/xawt/libmawt.so
b4371000-b4373000 rwxp 00043000 08:02 241982     /usr/lib/jvm/java-6-sun-1.6.0.26/jre/lib/i386/xawt/libmawt.so
b4373000-b4374000 rwxp 00000000 00:00 0 
b4374000-b43f9000 r-xp 00000000 08:02 241978     /usr/lib/jvm/java-6-sun-1.6.0.26/jre/lib/i386/libawt.so
b43f9000-b4400000 rwxp 00085000 08:02 241978     /usr/lib/jvm/java-6-sun-1.6.0.26/jre/lib/i386/libawt.so
b4400000-b4424000 rwxp 00000000 00:00 0 
b4424000-b442b000 r-xs 0004f000 08:05 580032     /home/manu/Documents/sources/contiki/tools/cooja/lib/log4j.jar
b442b000-b442e000 r-xs 00022000 08:05 580031     /home/manu/Documents/sources/contiki/tools/cooja/lib/jdom.jar
b442e000-b442f000 ---p 00000000 00:00 0 
b442f000-b44af000 rwxp 00000000 00:00 0 
b44af000-b44b2000 ---p 00000000 00:00 0 
b44b2000-b4500000 rwxp 00000000 00:00 0 
b4500000-b4600000 rwxp 00000000 00:00 0 
b4600000-b4602000 r-xs 00010000 08:05 581041     /home/manu/Documents/sources/contiki/tools/cooja/apps/mspsim/lib/jipv6.jar
b4602000-b4605000 ---p 00000000 00:00 0 
b4605000-b4683000 rwxp 00000000 00:00 0 
b4683000-b4686000 ---p 00000000 00:00 0 
b4686000-b46d4000 rwxp 00000000 00:00 0 
b46d4000-b46db000 r-xs 00000000 08:02 88550      /usr/lib/gconv/gconv-modules.cache
b46db000-b471a000 r-xp 00000000 08:02 51679      /usr/lib/locale/fr_FR.utf8/LC_CTYPE
b471a000-b471d000 ---p 00000000 00:00 0 
b471d000-b476b000 rwxp 00000000 00:00 0 
b476b000-b476e000 ---p 00000000 00:00 0 
b476e000-b47f0000 rwxp 00000000 00:00 0 
b47f0000-b4988000 r-xs 03029000 08:02 242205     /usr/lib/jvm/java-6-sun-1.6.0.26/jre/lib/rt.jar
b4988000-b4989000 ---p 00000000 00:00 0 
b4989000-b4a10000 rwxp 00000000 00:00 0 
b4a10000-b4a2a000 rwxp 00000000 00:00 0 
b4a2a000-b4a30000 rwxp 00000000 00:00 0 
b4a30000-b4ad5000 rwxp 00000000 00:00 0 
b4ad5000-b4ad8000 rwxp 00000000 00:00 0 
b4ad8000-b4b2a000 rwxp 00000000 00:00 0 
b4b2a000-b4b30000 rwxp 00000000 00:00 0 
b4b30000-b4bd5000 rwxp 00000000 00:00 0 
b4bd5000-b4bdb000 rwxp 00000000 00:00 0 
b4bdb000-b4bf5000 rwxp 00000000 00:00 0 
b4bf5000-b4c08000 rwxp 00000000 00:00 0 
b4c08000-b4c81000 rwxp 00000000 00:00 0 
b4c81000-b4e29000 rwxp 00000000 00:00 0 
b4e29000-b6c81000 rwxp 00000000 00:00 0 
b6c81000-b6c90000 r-xp 00000000 08:02 241959     /usr/lib/jvm/java-6-sun-1.6.0.26/jre/lib/i386/libzip.so
b6c90000-b6c92000 rwxp 0000e000 08:02 241959     /usr/lib/jvm/java-6-sun-1.6.0.26/jre/lib/i386/libzip.so
b6c92000-b6c9c000 r-xp 00000000 08:02 137071     /lib/tls/i686/cmov/libnss_files-2.11.1.so
b6c9c000-b6c9d000 r-xp 00009000 08:02 137071     /lib/tls/i686/cmov/libnss_files-2.11.1.so
b6c9d000-b6c9e000 rwxp 0000a000 08:02 137071     /lib/tls/i686/cmov/libnss_files-2.11.1.so
b6c9e000-b6ca6000 r-xp 00000000 08:02 158575     /lib/tls/i686/cmov/libnss_nis-2.11.1.so
b6ca6000-b6ca7000 r-xp 00007000 08:02 158575     /lib/tls/i686/cmov/libnss_nis-2.11.1.so
b6ca7000-b6ca8000 rwxp 00008000 08:02 158575     /lib/tls/i686/cmov/libnss_nis-2.11.1.so
b6ca8000-b6cbb000 r-xp 00000000 08:02 135965     /lib/tls/i686/cmov/libnsl-2.11.1.so
b6cbb000-b6cbc000 r-xp 00012000 08:02 135965     /lib/tls/i686/cmov/libnsl-2.11.1.so
b6cbc000-b6cbd000 rwxp 00013000 08:02 135965     /lib/tls/i686/cmov/libnsl-2.11.1.so
b6cbd000-b6cbf000 rwxp 00000000 00:00 0 
b6cbf000-b6cc1000 r-xs 0001a000 08:05 581037     /home/manu/Documents/sources/contiki/tools/cooja/apps/mrm/lib/mrm.jar
b6cc1000-b6cce000 rwxp 00000000 00:00 0 
b6cce000-b6cd6000 rwxs 00000000 08:02 11979      /tmp/hsperfdata_manu/23737
b6cd6000-b6cf9000 r-xp 00000000 08:02 241955     /usr/lib/jvm/java-6-sun-1.6.0.26/jre/lib/i386/libjava.so
b6cf9000-b6cfb000 rwxp 00023000 08:02 241955     /usr/lib/jvm/java-6-sun-1.6.0.26/jre/lib/i386/libjava.so
b6cfb000-b6d02000 r-xp 00000000 08:02 158593     /lib/tls/i686/cmov/librt-2.11.1.so
b6d02000-b6d03000 r-xp 00006000 08:02 158593     /lib/tls/i686/cmov/librt-2.11.1.so
b6d03000-b6d04000 rwxp 00007000 08:02 158593     /lib/tls/i686/cmov/librt-2.11.1.so
b6d04000-b6d07000 ---p 00000000 00:00 0 
b6d07000-b6d55000 rwxp 00000000 00:00 0 
b6d55000-b6d79000 r-xp 00000000 08:02 127031     /lib/tls/i686/cmov/libm-2.11.1.so
b6d79000-b6d7a000 r-xp 00023000 08:02 127031     /lib/tls/i686/cmov/libm-2.11.1.so
b6d7a000-b6d7b000 rwxp 00024000 08:02 127031     /lib/tls/i686/cmov/libm-2.11.1.so
b6d7b000-b725c000 r-xp 00000000 08:02 241946     /usr/lib/jvm/java-6-sun-1.6.0.26/jre/lib/i386/client/libjvm.so
b725c000-b727f000 rwxp 004e1000 08:02 241946     /usr/lib/jvm/java-6-sun-1.6.0.26/jre/lib/i386/client/libjvm.so
b727f000-b769c000 rwxp 00000000 00:00 0 
b769c000-b77ef000 r-xp 00000000 08:02 96547      /lib/tls/i686/cmov/libc-2.11.1.so
b77ef000-b77f0000 ---p 00153000 08:02 96547      /lib/tls/i686/cmov/libc-2.11.1.so
b77f0000-b77f2000 r-xp 00153000 08:02 96547      /lib/tls/i686/cmov/libc-2.11.1.so
b77f2000-b77f3000 rwxp 00155000 08:02 96547      /lib/tls/i686/cmov/libc-2.11.1.so
b77f3000-b77f6000 rwxp 00000000 00:00 0 
b77f6000-b77f8000 r-xp 00000000 08:02 127010     /lib/tls/i686/cmov/libdl-2.11.1.so
b77f8000-b77f9000 r-xp 00001000 08:02 127010     /lib/tls/i686/cmov/libdl-2.11.1.so
b77f9000-b77fa000 rwxp 00002000 08:02 127010     /lib/tls/i686/cmov/libdl-2.11.1.so
b77fa000-b7801000 r-xp 00000000 08:02 241958     /usr/lib/jvm/java-6-sun-1.6.0.26/jre/lib/i386/jli/libjli.so
b7801000-b7803000 rwxp 00006000 08:02 241958     /usr/lib/jvm/java-6-sun-1.6.0.26/jre/lib/i386/jli/libjli.so
b7803000-b7804000 rwxp 00000000 00:00 0 
b7804000-b7819000 r-xp 00000000 08:02 158590     /lib/tls/i686/cmov/libpthread-2.11.1.so
b7819000-b781a000 r-xp 00014000 08:02 158590     /lib/tls/i686/cmov/libpthread-2.11.1.so
b781a000-b781b000 rwxp 00015000 08:02 158590     /lib/tls/i686/cmov/libpthread-2.11.1.so
b781b000-b781d000 rwxp 00000000 00:00 0 
b781d000-b781e000 r-xs 00003000 08:05 580227     /home/manu/Documents/sources/contiki/tools/cooja/apps/mspsim/lib/coffee.jar
b781e000-b7824000 r-xp 00000000 08:02 136301     /lib/tls/i686/cmov/libnss_compat-2.11.1.so
b7824000-b7825000 r-xp 00006000 08:02 136301     /lib/tls/i686/cmov/libnss_compat-2.11.1.so
b7825000-b7826000 rwxp 00007000 08:02 136301     /lib/tls/i686/cmov/libnss_compat-2.11.1.so
b7826000-b7827000 rwxp 00000000 00:00 0 
b7827000-b7828000 r-xp 00000000 00:00 0 
b7828000-b7833000 r-xp 00000000 08:02 241954     /usr/lib/jvm/java-6-sun-1.6.0.26/jre/lib/i386/libverify.so
b7833000-b7834000 rwxp 0000b000 08:02 241954     /usr/lib/jvm/java-6-sun-1.6.0.26/jre/lib/i386/libverify.so
b7834000-b7836000 rwxp 00000000 00:00 0 
b7836000-b7837000 r-xp 00000000 00:00 0          [vdso]
b7837000-b7852000 r-xp 00000000 08:02 40758      /lib/ld-2.11.1.so
b7852000-b7853000 r-xp 0001a000 08:02 40758      /lib/ld-2.11.1.so
b7853000-b7854000 rwxp 0001b000 08:02 40758      /lib/ld-2.11.1.so
bf8cb000-bf8e0000 rwxp 00000000 00:00 0          [stack]

VM Arguments:
jvm_args: -Xmx512m -Duser.language=en 
java_command: se.sics.cooja.GUI
Launcher Type: SUN_STANDARD

Environment Variables:
JAVA_HOME=/usr/lib/jvm/java-6-sun
PATH=/usr/local/sbin:/usr/local/bin:/usr/sbin:/usr/bin:/sbin:/bin:/usr/games:/opt/msp430-gcc-4.4.5/bin
USERNAME=manu
LD_LIBRARY_PATH=/usr/lib/jvm/java-6-sun-1.6.0.26/jre/lib/i386/client:/usr/lib/jvm/java-6-sun-1.6.0.26/jre/lib/i386:/usr/lib/jvm/java-6-sun-1.6.0.26/jre/../lib/i386:.
SHELL=/bin/bash
DISPLAY=:0.0

Signal Handlers:
SIGSEGV: [libjvm.so+0x469ec0], sa_mask[0]=0x7ffbfeff, sa_flags=0x10000004
SIGBUS: [libjvm.so+0x469ec0], sa_mask[0]=0x7ffbfeff, sa_flags=0x10000004
SIGFPE: [libjvm.so+0x38bf10], sa_mask[0]=0x7ffbfeff, sa_flags=0x10000004
SIGPIPE: [libjvm.so+0x38bf10], sa_mask[0]=0x7ffbfeff, sa_flags=0x10000004
SIGXFSZ: [libjvm.so+0x38bf10], sa_mask[0]=0x7ffbfeff, sa_flags=0x10000004
SIGILL: [libjvm.so+0x38bf10], sa_mask[0]=0x7ffbfeff, sa_flags=0x10000004
SIGUSR1: SIG_DFL, sa_mask[0]=0x00000000, sa_flags=0x00000000
SIGUSR2: [libjvm.so+0x38f150], sa_mask[0]=0x00000004, sa_flags=0x10000004
SIGHUP: [libjvm.so+0x38ed30], sa_mask[0]=0x7ffbfeff, sa_flags=0x10000004
SIGINT: [libjvm.so+0x38ed30], sa_mask[0]=0x7ffbfeff, sa_flags=0x10000004
SIGTERM: [libjvm.so+0x38ed30], sa_mask[0]=0x7ffbfeff, sa_flags=0x10000004
SIGQUIT: [libjvm.so+0x38ed30], sa_mask[0]=0x7ffbfeff, sa_flags=0x10000004


---------------  S Y S T E M  ---------------

OS:squeeze/sid

uname:Linux 2.6.32-34-generic #73-Ubuntu SMP Thu Aug 11 17:07:31 UTC 2011 i686
libc:glibc 2.11.1 NPTL 2.11.1 
rlimit: STACK 8192k, CORE 0k, NPROC infinity, NOFILE 1024, AS infinity
load average:0.78 0.35 0.23

/proc/meminfo:
MemTotal:        2060120 kB
MemFree:          388256 kB
Buffers:          183432 kB
Cached:           968504 kB
SwapCached:        38228 kB
Active:          1071500 kB
Inactive:         362820 kB
Active(anon):     138412 kB
Inactive(anon):   151284 kB
Active(file):     933088 kB
Inactive(file):   211536 kB
Unevictable:           0 kB
Mlocked:               0 kB
HighTotal:       1186352 kB
HighFree:          40584 kB
LowTotal:         873768 kB
LowFree:          347672 kB
SwapTotal:       2554292 kB
SwapFree:        2341668 kB
Dirty:              6452 kB
Writeback:             0 kB
AnonPages:        266936 kB
Mapped:           109148 kB
Shmem:              7336 kB
Slab:             148972 kB
SReclaimable:     136584 kB
SUnreclaim:        12388 kB
KernelStack:        2376 kB
PageTables:         6148 kB
NFS_Unstable:          0 kB
Bounce:                0 kB
WritebackTmp:          0 kB
CommitLimit:     3584352 kB
Committed_AS:    1143316 kB
VmallocTotal:     122880 kB
VmallocUsed:       62208 kB
VmallocChunk:      52220 kB
HardwareCorrupted:     0 kB
HugePages_Total:       0
HugePages_Free:        0
HugePages_Rsvd:        0
HugePages_Surp:        0
Hugepagesize:       4096 kB
DirectMap4k:      872440 kB
DirectMap4M:       36864 kB


CPU:total 2 (1 cores per cpu, 2 threads per core) family 15 model 4 stepping 3, cmov, cx8, fxsr, mmx, sse, sse2, sse3, ht

/proc/cpuinfo:
processor	: 0
vendor_id	: GenuineIntel
cpu family	: 15
model		: 4
model name	: Intel(R) Pentium(R) 4 CPU 3.40GHz
stepping	: 3
cpu MHz		: 3391.922
cache size	: 2048 KB
physical id	: 0
siblings	: 2
core id		: 0
cpu cores	: 1
apicid		: 0
initial apicid	: 0
fdiv_bug	: no
hlt_bug		: no
f00f_bug	: no
coma_bug	: no
fpu		: yes
fpu_exception	: yes
cpuid level	: 5
wp		: yes
flags		: fpu vme de pse tsc msr pae mce cx8 apic mtrr pge mca cmov pat pse36 clflush dts acpi mmx fxsr sse sse2 ss ht tm pbe nx lm constant_tsc pebs bts pni dtes64 monitor ds_cpl est cid cx16 xtpr
bogomips	: 6783.84
clflush size	: 64
cache_alignment	: 128
address sizes	: 36 bits physical, 48 bits virtual
power management:

processor	: 1
vendor_id	: GenuineIntel
cpu family	: 15
model		: 4
model name	: Intel(R) Pentium(R) 4 CPU 3.40GHz
stepping	: 3
cpu MHz		: 3391.922
cache size	: 2048 KB
physical id	: 0
siblings	: 2
core id		: 0
cpu cores	: 1
apicid		: 1
initial apicid	: 1
fdiv_bug	: no
hlt_bug		: no
f00f_bug	: no
coma_bug	: no
fpu		: yes
fpu_exception	: yes
cpuid level	: 5
wp		: yes
flags		: fpu vme de pse tsc msr pae mce cx8 apic mtrr pge mca cmov pat pse36 clflush dts acpi mmx fxsr sse sse2 ss ht tm pbe nx lm constant_tsc pebs bts pni dtes64 monitor ds_cpl est cid cx16 xtpr
bogomips	: 6783.16
clflush size	: 64
cache_alignment	: 128
address sizes	: 36 bits physical, 48 bits virtual
power management:



Memory: 4k page, physical 2060120k(388256k free), swap 2554292k(2341668k free)

vm_info: Java HotSpot(TM) Client VM (20.1-b02) for linux-x86 JRE (1.6.0_26-b03), built on May  4 2011 01:23:42 by "java_re" with gcc 3.2.1-7a (J2SE release)

time: Tue Sep 20 16:25:29 2011
elapsed time: 14 seconds

