#
# A fatal error has been detected by the Java Runtime Environment:
#
#  SIGSEGV (0xb) at pc=0xb359f180, pid=2945, tid=3012160368
#
# JRE version: 6.0_26-b03
# Java VM: Java HotSpot(TM) Client VM (20.1-b02 mixed mode, sharing linux-x86 )
# Problematic frame:
# C  [mtype224.cooja+0x13180]  double+0x3c5
#
# If you would like to submit a bug report, please visit:
#   http://java.sun.com/webapps/bugreport/crash.jsp
# The crash happened outside the Java Virtual Machine in native code.
# See problematic frame for where to report the bug.
#

---------------  T H R E A D  ---------------

Current thread (0x09ed7c00):  JavaThread "Thread-6" [_thread_in_native, id=3084, stack(0xb384e000,0xb389f000)]

siginfo:si_signo=SIGSEGV: si_errno=0, si_code=1 (SEGV_MAPERR), si_addr=0x00000004

Registers:
EAX=0x00000000, EBX=0x00000000, ECX=0x00000008, EDX=0x00000003
ESP=0xb35b5e6c, EBP=0xb35b5f64, ESI=0x00000000, EDI=0x00000000
EIP=0xb359f180, EFLAGS=0x00010292, CR2=0x00000004

Top of Stack: (sp=0xb35b5e6c)
0xb35b5e6c:   b35b4104 b35b70b0 0000002a 00000001
0xb35b5e7c:   00000000 0000030c 00000000 b761d8f4
0xb35b5e8c:   00000000 00000000 b7709ff4 b35b5ee8
0xb35b5e9c:   b35b6010 b761ec22 00000000 b35b5ecc
0xb35b5eac:   b7709ff4 ffffffff 00000000 00000036
0xb35b5ebc:   000009d0 b35bad84 0000002c 00000018
0xb35b5ecc:   b35ba68c 74021fc2 0000aaaa 00000000
0xb35b5edc:   00000000 01000000 010003ff 00000200 

Instructions: (pc=0xb359f180)
0xb359f160:   e8 e9 4b 00 00 89 85 50 ff ff ff 8b 85 54 ff ff
0xb359f170:   ff 03 85 68 ff ff ff 0f b6 10 8b 85 50 ff ff ff
0xb359f180:   88 50 04 83 85 54 ff ff ff 01 8b 85 54 ff ff ff
0xb359f190:   03 85 68 ff ff ff 0f b6 00 8d 14 00 8b 85 50 ff 

Register to memory mapping:

EAX=0x00000000 is an unknown value
EBX=0x00000000 is an unknown value
ECX=0x00000008 is an unknown value
EDX=0x00000003 is an unknown value
ESP=0xb35b5e6c: <offset 0x29e6c> in /home/manu/Documents/sources/contiki/examples/ipv6/rpl-fuzzy/obj_cooja/mtype224.cooja at 0xb358c000
EBP=0xb35b5f64: <offset 0x29f64> in /home/manu/Documents/sources/contiki/examples/ipv6/rpl-fuzzy/obj_cooja/mtype224.cooja at 0xb358c000
ESI=0x00000000 is an unknown value
EDI=0x00000000 is an unknown value


Stack: [0xb384e000,0xb389f000],  sp=0xb35b5e6c,  free space=4191647k
Native frames: (J=compiled Java code, j=interpreted, Vv=VM code, C=native code)
C  [mtype224.cooja+0x13180]  double+0x3c5
C  [mtype224.cooja+0x1471f]  uip_rpl_input+0x4f
C  [mtype224.cooja+0x1a746]  uip_process+0x9cc
C  [mtype224.cooja+0x1c460]  packet_input+0x23
C  [mtype224.cooja+0x1c8ae]  long double+0x1f4
C  [mtype224.cooja+0x1cd75]  process_thread_tcpip_process+0xbe
C  [mtype224.cooja+0x176a3]  char+0x57
C  [mtype224.cooja+0x179f5]  process_post_synch+0x2e
C  [mtype224.cooja+0x1c8e2]  unsigned short+0x22
C  [mtype224.cooja+0x20c1d]  int+0x658
C  [mtype224.cooja+0x10406]  int+0xd
C  [mtype224.cooja+0x11045]  int+0x1d1
C  [mtype224.cooja+0x234cc]  process_thread_cooja_radio_process+0x7e
C  [mtype224.cooja+0x176a3]  char+0x57
C  [mtype224.cooja+0x17776]  double+0x4b
C  [mtype224.cooja+0x178dc]  process_run+0x16
C  [mtype224.cooja+0xf87e]  process_run_thread_loop+0x1f

Java frames: (J=compiled Java code, j=interpreted, Vv=VM code)
j  se.sics.cooja.corecomm.Lib2.tick()V+0
j  se.sics.cooja.contikimote.ContikiMoteType.tick()V+4
j  se.sics.cooja.contikimote.ContikiMote.execute(J)V+63
j  se.sics.cooja.motes.AbstractWakeupMote$1.execute(J)V+5
j  se.sics.cooja.Simulation.run()V+174
j  java.lang.Thread.run()V+11
v  ~StubRoutines::call_stub

---------------  P R O C E S S  ---------------

Java Threads: ( => current thread )
=>0x09ed7c00 JavaThread "Thread-6" [_thread_in_native, id=3084, stack(0xb384e000,0xb389f000)]
  0xb3cc2000 JavaThread "Image Fetcher 0" daemon [_thread_blocked, id=3083, stack(0xb3d0c000,0xb3d5d000)]
  0xb45a9800 JavaThread "Thread-4" [_thread_blocked, id=3071, stack(0xb3dfd000,0xb3e4e000)]
  0xb3cba400 JavaThread "Thread-3" [_thread_blocked, id=3017, stack(0xb360d000,0xb365e000)]
  0xb3cb8000 JavaThread "Thread-2" [_thread_blocked, id=3016, stack(0xb36af000,0xb3700000)]
  0xb45b3800 JavaThread "TimerQueue" daemon [_thread_blocked, id=2962, stack(0xb3dac000,0xb3dfd000)]
  0xb45a7400 JavaThread "DestroyJavaVM" [_thread_blocked, id=2949, stack(0xb6c1c000,0xb6c6d000)]
  0xb45a6000 JavaThread "AWT-EventQueue-0" [_thread_in_Java, id=2960, stack(0xb3e4e000,0xb3e9f000)]
  0xb45a4c00 JavaThread "AWT-Shutdown" [_thread_blocked, id=2959, stack(0xb3f26000,0xb3f77000)]
  0xb45a4800 JavaThread "AWT-XAWT" daemon [_thread_in_native, id=2958, stack(0xb3f77000,0xb3fc8000)]
  0xb456cc00 JavaThread "Java2D Disposer" daemon [_thread_blocked, id=2957, stack(0xb3ff3000,0xb4044000)]
  0xb4507800 JavaThread "Low Memory Detector" daemon [_thread_blocked, id=2955, stack(0xb439e000,0xb43ef000)]
  0xb4505800 JavaThread "C1 CompilerThread0" daemon [_thread_blocked, id=2954, stack(0xb43ef000,0xb4470000)]
  0xb4504000 JavaThread "Signal Dispatcher" daemon [_thread_blocked, id=2953, stack(0xb4470000,0xb44c1000)]
  0x09e07800 JavaThread "Finalizer" daemon [_thread_blocked, id=2952, stack(0xb4632000,0xb4683000)]
  0x09e03000 JavaThread "Reference Handler" daemon [_thread_blocked, id=2951, stack(0xb4683000,0xb46d4000)]

Other Threads:
  0x09df8800 VMThread [stack: 0xb48a0000,0xb4921000] [id=2950]
  0xb4509c00 WatcherThread [stack: 0xb431d000,0xb439e000] [id=2956]

VM state:not at safepoint (normal execution)

VM Mutex/Monitor currently owned by a thread: None

Heap
 def new generation   total 4992K, used 2703K [0x6ed90000, 0x6f2f0000, 0x79830000)
  eden space 4480K,  59% used [0x6ed90000, 0x6f025290, 0x6f1f0000)
  from space 512K,  11% used [0x6f270000, 0x6f27f200, 0x6f2f0000)
  to   space 512K,   0% used [0x6f1f0000, 0x6f1f0000, 0x6f270000)
 tenured generation   total 10944K, used 7353K [0x79830000, 0x7a2e0000, 0x8ed90000)
   the space 10944K,  67% used [0x79830000, 0x79f5e538, 0x79f5e600, 0x7a2e0000)
 compacting perm gen  total 12288K, used 5228K [0x8ed90000, 0x8f990000, 0x92d90000)
   the space 12288K,  42% used [0x8ed90000, 0x8f2ab378, 0x8f2ab400, 0x8f990000)
    ro space 10240K,  61% used [0x92d90000, 0x933b9d08, 0x933b9e00, 0x93790000)
    rw space 12288K,  60% used [0x93790000, 0x93ecc660, 0x93ecc800, 0x94390000)

Code Cache  [0xb4b99000, 0xb4d31000, 0xb6b99000)
 total_blobs=1033 nmethods=774 adapters=194 free_code_cache=31901760 largest_free_block=192

Dynamic libraries:
08048000-08052000 r-xp 00000000 08:02 241919     /usr/lib/jvm/java-6-sun-1.6.0.26/jre/bin/java
08052000-08053000 rwxp 00009000 08:02 241919     /usr/lib/jvm/java-6-sun-1.6.0.26/jre/bin/java
09dcf000-09fe2000 rwxp 00000000 00:00 0          [heap]
6ed90000-6f2f0000 rwxp 00000000 00:00 0 
6f2f0000-79830000 rwxp 00000000 00:00 0 
79830000-7a2e0000 rwxp 00000000 00:00 0 
7a2e0000-8ed90000 rwxp 00000000 00:00 0 
8ed90000-8f990000 rwxp 00000000 00:00 0 
8f990000-92d90000 rwxp 00000000 00:00 0 
92d90000-933ba000 r-xs 00001000 08:02 128946     /usr/lib/jvm/java-6-sun-1.6.0.26/jre/lib/i386/client/classes.jsa
933ba000-93790000 rwxp 00000000 00:00 0 
93790000-93ecd000 rwxp 0062b000 08:02 128946     /usr/lib/jvm/java-6-sun-1.6.0.26/jre/lib/i386/client/classes.jsa
93ecd000-94390000 rwxp 00000000 00:00 0 
94390000-94472000 rwxp 00d68000 08:02 128946     /usr/lib/jvm/java-6-sun-1.6.0.26/jre/lib/i386/client/classes.jsa
94472000-94790000 rwxp 00000000 00:00 0 
94790000-94798000 r-xs 00e4a000 08:02 128946     /usr/lib/jvm/java-6-sun-1.6.0.26/jre/lib/i386/client/classes.jsa
94798000-94b90000 rwxp 00000000 00:00 0 
b3564000-b3579000 r-xp 00000000 08:02 241976     /usr/lib/jvm/java-6-sun-1.6.0.26/jre/lib/i386/libdcpr.so
b3579000-b358c000 rwxp 00014000 08:02 241976     /usr/lib/jvm/java-6-sun-1.6.0.26/jre/lib/i386/libdcpr.so
b358c000-b35b3000 r-xp 00000000 08:05 585358     /home/manu/Documents/sources/contiki/examples/ipv6/rpl-fuzzy/obj_cooja/mtype224.cooja
b35b3000-b35b4000 r-xp 00026000 08:05 585358     /home/manu/Documents/sources/contiki/examples/ipv6/rpl-fuzzy/obj_cooja/mtype224.cooja
b35b4000-b35b5000 rwxp 00027000 08:05 585358     /home/manu/Documents/sources/contiki/examples/ipv6/rpl-fuzzy/obj_cooja/mtype224.cooja
b35b5000-b35bc000 rwxp 00000000 00:00 0 
b35bc000-b35bf000 ---p 00000000 00:00 0 
b35bf000-b360d000 rwxp 00000000 00:00 0 
b360d000-b3610000 ---p 00000000 00:00 0 
b3610000-b365e000 rwxp 00000000 00:00 0 
b365e000-b3661000 ---p 00000000 00:00 0 
b3661000-b36af000 rwxp 00000000 00:00 0 
b36af000-b36b2000 ---p 00000000 00:00 0 
b36b2000-b3700000 rwxp 00000000 00:00 0 
b3700000-b375a000 rwxp 00000000 00:00 0 
b375a000-b3800000 ---p 00000000 00:00 0 
b381e000-b3845000 r-xp 00000000 08:05 585351     /home/manu/Documents/sources/contiki/examples/ipv6/rpl-fuzzy/obj_cooja/mtype145.cooja
b3845000-b3846000 r-xp 00026000 08:05 585351     /home/manu/Documents/sources/contiki/examples/ipv6/rpl-fuzzy/obj_cooja/mtype145.cooja
b3846000-b3847000 rwxp 00027000 08:05 585351     /home/manu/Documents/sources/contiki/examples/ipv6/rpl-fuzzy/obj_cooja/mtype145.cooja
b3847000-b384e000 rwxp 00000000 00:00 0 
b384e000-b3851000 ---p 00000000 00:00 0 
b3851000-b389f000 rwxp 00000000 00:00 0 
b389f000-b3c00000 rwxs 00000000 00:04 51380239   /SYSV00000000 (deleted)
b3c00000-b3cfb000 rwxp 00000000 00:00 0 
b3cfb000-b3d00000 ---p 00000000 00:00 0 
b3d0c000-b3d0f000 ---p 00000000 00:00 0 
b3d0f000-b3d5d000 rwxp 00000000 00:00 0 
b3d5d000-b3d71000 r-xp 00000000 08:02 241963     /usr/lib/jvm/java-6-sun-1.6.0.26/jre/lib/i386/libnet.so
b3d71000-b3d72000 rwxp 00013000 08:02 241963     /usr/lib/jvm/java-6-sun-1.6.0.26/jre/lib/i386/libnet.so
b3d72000-b3dac000 r-xs 001e1000 08:05 579634     /home/manu/Documents/sources/contiki/tools/cooja/apps/avrora/lib/avrora-small.jar
b3dac000-b3daf000 ---p 00000000 00:00 0 
b3daf000-b3dfd000 rwxp 00000000 00:00 0 
b3dfd000-b3e00000 ---p 00000000 00:00 0 
b3e00000-b3e4e000 rwxp 00000000 00:00 0 
b3e4e000-b3e51000 ---p 00000000 00:00 0 
b3e51000-b3e9f000 rwxp 00000000 00:00 0 
b3e9f000-b3ea0000 r-xs 00000000 08:02 15264      /var/cache/fontconfig/c05880de57d1f5e948fdfacc138775d9-le32d4.cache-3
b3ea0000-b3ea6000 r-xs 00000000 08:02 15238      /var/cache/fontconfig/945677eb7aeaf62f1d50efc3fb3ec7d8-le32d4.cache-3
b3ea6000-b3ea9000 r-xs 00000000 08:02 15230      /var/cache/fontconfig/99e8ed0e538f840c565b6ed5dad60d56-le32d4.cache-3
b3ea9000-b3eab000 r-xs 00000000 08:02 15080      /var/cache/fontconfig/f24b2111ab8703b4e963115a8cf14259-le32d4.cache-3
b3eab000-b3eae000 r-xs 00000000 08:02 15079      /var/cache/fontconfig/e383d7ea5fbe662a33d9b44caf393297-le32d4.cache-3
b3eae000-b3eaf000 r-xs 00000000 08:02 14751      /var/cache/fontconfig/e7071f4a29fa870f4323321c154eba04-le32d4.cache-3
b3eaf000-b3eb3000 r-xs 00000000 08:02 342749     /var/cache/fontconfig/926e794c3d5e5dffcaf2fa83ef8d36c2-le32d4.cache-3
b3eb3000-b3eb6000 r-xs 00000000 08:02 1661       /var/cache/fontconfig/6eb3985aa4124903f6ff08ba781cd364-le32d4.cache-3
b3eb6000-b3eb7000 r-xs 00000000 08:02 1660       /var/cache/fontconfig/4c73fe0c47614734b17d736dbde7580a-le32d4.cache-3
b3eb7000-b3eb8000 r-xs 00000000 08:02 1554       /var/cache/fontconfig/0d8c3b2ac0904cb8a57a757ad11a4a08-le32d4.cache-3
b3eb8000-b3eb9000 r-xs 00000000 08:02 1499       /var/cache/fontconfig/6a53c69dea097a2d716e069445527da8-le32d4.cache-3
b3eb9000-b3ebd000 r-xs 00000000 08:02 1498       /var/cache/fontconfig/062808c12e6e608270f93bb230aed730-le32d4.cache-3
b3ebd000-b3ec1000 r-xs 00000000 08:02 1497       /var/cache/fontconfig/a755afe4a08bf5b97852ceb7400b47bc-le32d4.cache-3
b3ec1000-b3ec8000 r-xs 00000000 08:02 1481       /var/cache/fontconfig/6d41288fd70b0be22e8c3a91e032eec0-le32d4.cache-3
b3ec8000-b3ed3000 r-xs 00000000 08:02 46600      /var/cache/fontconfig/0f34bcd4b6ee430af32735b75db7f02b-le32d4.cache-3
b3ed3000-b3ed6000 r-xs 00000000 08:02 1332       /var/cache/fontconfig/d60319d88cac85ba9e1a07bd06cfbb8c-le32d4.cache-3
b3ed6000-b3ed7000 r-xs 00000000 08:02 103569     /var/cache/fontconfig/4794a0821666d79190d59a36cb4f44b5-le32d4.cache-3
b3ed7000-b3ef9000 r-xs 00000000 08:02 1295       /var/cache/fontconfig/365b55f210c0a22e9a19e35191240f32-le32d4.cache-3
b3ef9000-b3efb000 r-xs 00000000 08:02 1287       /var/cache/fontconfig/2c5ba8142dffc8bf0377700342b8ca1a-le32d4.cache-3
b3efb000-b3f03000 r-xs 00000000 08:02 1265       /var/cache/fontconfig/d52a8644073d54c13679302ca1180695-le32d4.cache-3
b3f03000-b3f11000 r-xs 00000000 08:02 310311     /var/cache/fontconfig/e13b20fdb08344e0e664864cc2ede53d-le32d4.cache-3
b3f1a000-b3f21000 r-xp 00000000 08:02 241964     /usr/lib/jvm/java-6-sun-1.6.0.26/jre/lib/i386/libnio.so
b3f21000-b3f22000 rwxp 00006000 08:02 241964     /usr/lib/jvm/java-6-sun-1.6.0.26/jre/lib/i386/libnio.so
b3f22000-b3f24000 r-xs 00007000 08:05 581220     /home/manu/Documents/sources/contiki/tools/cooja/apps/avrora/lib/cooja_avrora.jar
b3f24000-b3f26000 r-xs 00010000 08:05 581041     /home/manu/Documents/sources/contiki/tools/cooja/apps/mspsim/lib/jipv6.jar
b3f26000-b3f29000 ---p 00000000 00:00 0 
b3f29000-b3f77000 rwxp 00000000 00:00 0 
b3f77000-b3f7a000 ---p 00000000 00:00 0 
b3f7a000-b3fc8000 rwxp 00000000 00:00 0 
b3fc8000-b3fd0000 r-xp 00000000 08:02 7389       /usr/lib/libXrender.so.1.3.0
b3fd0000-b3fd1000 r-xp 00007000 08:02 7389       /usr/lib/libXrender.so.1.3.0
b3fd1000-b3fd2000 rwxp 00008000 08:02 7389       /usr/lib/libXrender.so.1.3.0
b3fd2000-b3fda000 r-xp 00000000 08:02 124118     /usr/lib/libXcursor.so.1.0.2
b3fda000-b3fdb000 r-xp 00007000 08:02 124118     /usr/lib/libXcursor.so.1.0.2
b3fdb000-b3fdc000 rwxp 00008000 08:02 124118     /usr/lib/libXcursor.so.1.0.2
b3fdc000-b3fdd000 r-xs 00002000 08:05 581244     /home/manu/Documents/sources/contiki/tools/cooja/apps/collect-view/cooja-collect-view.jar
b3fdd000-b3fde000 r-xs 00003000 08:05 186462     /home/manu/Documents/sources/contiki/tools/cooja/apps/mspsim/lib/coffee.jar
b3fde000-b3fe7000 r-xs 0008e000 08:05 581040     /home/manu/Documents/sources/contiki/tools/cooja/apps/mspsim/lib/mspsim.jar
b3fe7000-b3feb000 r-xs 0002a000 08:05 581193     /home/manu/Documents/sources/contiki/tools/cooja/apps/mspsim/lib/cooja_mspsim.jar
b3feb000-b3ff3000 r-xs 00115000 08:02 242018     /usr/lib/jvm/java-6-sun-1.6.0.26/jre/lib/resources.jar
b3ff3000-b3ff6000 ---p 00000000 00:00 0 
b3ff6000-b4044000 rwxp 00000000 00:00 0 
b4044000-b40bd000 r-xp 00000000 08:02 241988     /usr/lib/jvm/java-6-sun-1.6.0.26/jre/lib/i386/libfontmanager.so
b40bd000-b40c7000 rwxp 00078000 08:02 241988     /usr/lib/jvm/java-6-sun-1.6.0.26/jre/lib/i386/libfontmanager.so
b40c7000-b40cc000 rwxp 00000000 00:00 0 
b40cc000-b40d0000 r-xp 00000000 08:02 43742      /usr/lib/libXdmcp.so.6.0.0
b40d0000-b40d1000 r-xp 00003000 08:02 43742      /usr/lib/libXdmcp.so.6.0.0
b40d1000-b40d2000 rwxp 00004000 08:02 43742      /usr/lib/libXdmcp.so.6.0.0
b40d2000-b40ea000 r-xp 00000000 08:02 89888      /usr/lib/libxcb.so.1.1.0
b40ea000-b40eb000 r-xp 00017000 08:02 89888      /usr/lib/libxcb.so.1.1.0
b40eb000-b40ec000 rwxp 00018000 08:02 89888      /usr/lib/libxcb.so.1.1.0
b40ec000-b40f8000 r-xp 00000000 08:02 28336      /usr/lib/libXi.so.6.1.0
b40f8000-b40f9000 r-xp 0000c000 08:02 28336      /usr/lib/libXi.so.6.1.0
b40f9000-b40fa000 rwxp 0000d000 08:02 28336      /usr/lib/libXi.so.6.1.0
b40fa000-b4213000 r-xp 00000000 08:02 28304      /usr/lib/libX11.so.6.3.0
b4213000-b4214000 r-xp 00118000 08:02 28304      /usr/lib/libX11.so.6.3.0
b4214000-b4216000 rwxp 00119000 08:02 28304      /usr/lib/libX11.so.6.3.0
b4216000-b4217000 rwxp 00000000 00:00 0 
b4217000-b4225000 r-xp 00000000 08:02 28320      /usr/lib/libXext.so.6.4.0
b4225000-b4226000 r-xp 0000d000 08:02 28320      /usr/lib/libXext.so.6.4.0
b4226000-b4227000 rwxp 0000e000 08:02 28320      /usr/lib/libXext.so.6.4.0
b4227000-b426a000 r-xp 00000000 08:02 241982     /usr/lib/jvm/java-6-sun-1.6.0.26/jre/lib/i386/xawt/libmawt.so
b426a000-b426c000 rwxp 00043000 08:02 241982     /usr/lib/jvm/java-6-sun-1.6.0.26/jre/lib/i386/xawt/libmawt.so
b426c000-b426d000 rwxp 00000000 00:00 0 
b426d000-b42f2000 r-xp 00000000 08:02 241978     /usr/lib/jvm/java-6-sun-1.6.0.26/jre/lib/i386/libawt.so
b42f2000-b42f9000 rwxp 00085000 08:02 241978     /usr/lib/jvm/java-6-sun-1.6.0.26/jre/lib/i386/libawt.so
b42f9000-b431d000 rwxp 00000000 00:00 0 
b431d000-b431e000 ---p 00000000 00:00 0 
b431e000-b439e000 rwxp 00000000 00:00 0 
b439e000-b43a1000 ---p 00000000 00:00 0 
b43a1000-b43ef000 rwxp 00000000 00:00 0 
b43ef000-b43f2000 ---p 00000000 00:00 0 
b43f2000-b4470000 rwxp 00000000 00:00 0 
b4470000-b4473000 ---p 00000000 00:00 0 
b4473000-b44c1000 rwxp 00000000 00:00 0 
b44c1000-b4500000 r-xp 00000000 08:02 51679      /usr/lib/locale/fr_FR.utf8/LC_CTYPE
b4500000-b4600000 rwxp 00000000 00:00 0 
b4600000-b4602000 r-xp 00000000 08:02 38105      /usr/lib/libXau.so.6.0.0
b4602000-b4603000 r-xp 00001000 08:02 38105      /usr/lib/libXau.so.6.0.0
b4603000-b4604000 rwxp 00002000 08:02 38105      /usr/lib/libXau.so.6.0.0
b4604000-b4608000 r-xp 00000000 08:02 28351      /usr/lib/libXtst.so.6.1.0
b4608000-b4609000 r-xp 00003000 08:02 28351      /usr/lib/libXtst.so.6.1.0
b4609000-b460a000 rwxp 00004000 08:02 28351      /usr/lib/libXtst.so.6.1.0
b460a000-b460e000 r-xp 00000000 08:02 18946      /usr/lib/libXfixes.so.3.1.0
b460e000-b460f000 r-xp 00003000 08:02 18946      /usr/lib/libXfixes.so.3.1.0
b460f000-b4610000 rwxp 00004000 08:02 18946      /usr/lib/libXfixes.so.3.1.0
b4610000-b4613000 r-xs 00000000 08:02 1235       /var/cache/fontconfig/7ef2298fde41cc6eeb7af42e48b7d293-le32d4.cache-3
b4613000-b4621000 r-xs 00000000 08:02 310345     /var/cache/fontconfig/865f88548240fee46819705c6468c165-le32d4.cache-3
b4621000-b4628000 r-xs 0004f000 08:05 580032     /home/manu/Documents/sources/contiki/tools/cooja/lib/log4j.jar
b4628000-b462b000 r-xs 00022000 08:05 580031     /home/manu/Documents/sources/contiki/tools/cooja/lib/jdom.jar
b462b000-b4632000 r-xs 00000000 08:02 88550      /usr/lib/gconv/gconv-modules.cache
b4632000-b4635000 ---p 00000000 00:00 0 
b4635000-b4683000 rwxp 00000000 00:00 0 
b4683000-b4686000 ---p 00000000 00:00 0 
b4686000-b4708000 rwxp 00000000 00:00 0 
b4708000-b48a0000 r-xs 03029000 08:02 242205     /usr/lib/jvm/java-6-sun-1.6.0.26/jre/lib/rt.jar
b48a0000-b48a1000 ---p 00000000 00:00 0 
b48a1000-b4928000 rwxp 00000000 00:00 0 
b4928000-b4942000 rwxp 00000000 00:00 0 
b4942000-b4948000 rwxp 00000000 00:00 0 
b4948000-b49ed000 rwxp 00000000 00:00 0 
b49ed000-b49f0000 rwxp 00000000 00:00 0 
b49f0000-b4a42000 rwxp 00000000 00:00 0 
b4a42000-b4a48000 rwxp 00000000 00:00 0 
b4a48000-b4aed000 rwxp 00000000 00:00 0 
b4aed000-b4af3000 rwxp 00000000 00:00 0 
b4af3000-b4b0d000 rwxp 00000000 00:00 0 
b4b0d000-b4b20000 rwxp 00000000 00:00 0 
b4b20000-b4b99000 rwxp 00000000 00:00 0 
b4b99000-b4d31000 rwxp 00000000 00:00 0 
b4d31000-b6b99000 rwxp 00000000 00:00 0 
b6b99000-b6ba8000 r-xp 00000000 08:02 241959     /usr/lib/jvm/java-6-sun-1.6.0.26/jre/lib/i386/libzip.so
b6ba8000-b6baa000 rwxp 0000e000 08:02 241959     /usr/lib/jvm/java-6-sun-1.6.0.26/jre/lib/i386/libzip.so
b6baa000-b6bb4000 r-xp 00000000 08:02 137071     /lib/tls/i686/cmov/libnss_files-2.11.1.so
b6bb4000-b6bb5000 r-xp 00009000 08:02 137071     /lib/tls/i686/cmov/libnss_files-2.11.1.so
b6bb5000-b6bb6000 rwxp 0000a000 08:02 137071     /lib/tls/i686/cmov/libnss_files-2.11.1.so
b6bb6000-b6bbe000 r-xp 00000000 08:02 158575     /lib/tls/i686/cmov/libnss_nis-2.11.1.so
b6bbe000-b6bbf000 r-xp 00007000 08:02 158575     /lib/tls/i686/cmov/libnss_nis-2.11.1.so
b6bbf000-b6bc0000 rwxp 00008000 08:02 158575     /lib/tls/i686/cmov/libnss_nis-2.11.1.so
b6bc0000-b6bd3000 r-xp 00000000 08:02 135965     /lib/tls/i686/cmov/libnsl-2.11.1.so
b6bd3000-b6bd4000 r-xp 00012000 08:02 135965     /lib/tls/i686/cmov/libnsl-2.11.1.so
b6bd4000-b6bd5000 rwxp 00013000 08:02 135965     /lib/tls/i686/cmov/libnsl-2.11.1.so
b6bd5000-b6bd7000 rwxp 00000000 00:00 0 
b6bd7000-b6bd9000 r-xs 0001a000 08:05 581037     /home/manu/Documents/sources/contiki/tools/cooja/apps/mrm/lib/mrm.jar
b6bd9000-b6be6000 rwxp 00000000 00:00 0 
b6be6000-b6bee000 rwxs 00000000 08:02 6171       /tmp/hsperfdata_manu/2945
b6bee000-b6c11000 r-xp 00000000 08:02 241955     /usr/lib/jvm/java-6-sun-1.6.0.26/jre/lib/i386/libjava.so
b6c11000-b6c13000 rwxp 00023000 08:02 241955     /usr/lib/jvm/java-6-sun-1.6.0.26/jre/lib/i386/libjava.so
b6c13000-b6c1a000 r-xp 00000000 08:02 158593     /lib/tls/i686/cmov/librt-2.11.1.so
b6c1a000-b6c1b000 r-xp 00006000 08:02 158593     /lib/tls/i686/cmov/librt-2.11.1.so
b6c1b000-b6c1c000 rwxp 00007000 08:02 158593     /lib/tls/i686/cmov/librt-2.11.1.so
b6c1c000-b6c1f000 ---p 00000000 00:00 0 
b6c1f000-b6c6d000 rwxp 00000000 00:00 0 
b6c6d000-b6c91000 r-xp 00000000 08:02 127031     /lib/tls/i686/cmov/libm-2.11.1.so
b6c91000-b6c92000 r-xp 00023000 08:02 127031     /lib/tls/i686/cmov/libm-2.11.1.so
b6c92000-b6c93000 rwxp 00024000 08:02 127031     /lib/tls/i686/cmov/libm-2.11.1.so
b6c93000-b7174000 r-xp 00000000 08:02 241946     /usr/lib/jvm/java-6-sun-1.6.0.26/jre/lib/i386/client/libjvm.so
b7174000-b7197000 rwxp 004e1000 08:02 241946     /usr/lib/jvm/java-6-sun-1.6.0.26/jre/lib/i386/client/libjvm.so
b7197000-b75b4000 rwxp 00000000 00:00 0 
b75b4000-b7707000 r-xp 00000000 08:02 96547      /lib/tls/i686/cmov/libc-2.11.1.so
b7707000-b7708000 ---p 00153000 08:02 96547      /lib/tls/i686/cmov/libc-2.11.1.so
b7708000-b770a000 r-xp 00153000 08:02 96547      /lib/tls/i686/cmov/libc-2.11.1.so
b770a000-b770b000 rwxp 00155000 08:02 96547      /lib/tls/i686/cmov/libc-2.11.1.so
b770b000-b770e000 rwxp 00000000 00:00 0 
b770e000-b7710000 r-xp 00000000 08:02 127010     /lib/tls/i686/cmov/libdl-2.11.1.so
b7710000-b7711000 r-xp 00001000 08:02 127010     /lib/tls/i686/cmov/libdl-2.11.1.so
b7711000-b7712000 rwxp 00002000 08:02 127010     /lib/tls/i686/cmov/libdl-2.11.1.so
b7712000-b7719000 r-xp 00000000 08:02 241958     /usr/lib/jvm/java-6-sun-1.6.0.26/jre/lib/i386/jli/libjli.so
b7719000-b771b000 rwxp 00006000 08:02 241958     /usr/lib/jvm/java-6-sun-1.6.0.26/jre/lib/i386/jli/libjli.so
b771b000-b771c000 rwxp 00000000 00:00 0 
b771c000-b7731000 r-xp 00000000 08:02 158590     /lib/tls/i686/cmov/libpthread-2.11.1.so
b7731000-b7732000 r-xp 00014000 08:02 158590     /lib/tls/i686/cmov/libpthread-2.11.1.so
b7732000-b7733000 rwxp 00015000 08:02 158590     /lib/tls/i686/cmov/libpthread-2.11.1.so
b7733000-b7735000 rwxp 00000000 00:00 0 
b7735000-b7736000 r-xs 00003000 08:05 581232     /home/manu/Documents/sources/contiki/tools/cooja/apps/serial_socket/lib/serial_socket.jar
b7736000-b773c000 r-xp 00000000 08:02 136301     /lib/tls/i686/cmov/libnss_compat-2.11.1.so
b773c000-b773d000 r-xp 00006000 08:02 136301     /lib/tls/i686/cmov/libnss_compat-2.11.1.so
b773d000-b773e000 rwxp 00007000 08:02 136301     /lib/tls/i686/cmov/libnss_compat-2.11.1.so
b773e000-b773f000 rwxp 00000000 00:00 0 
b773f000-b7740000 r-xp 00000000 00:00 0 
b7740000-b774b000 r-xp 00000000 08:02 241954     /usr/lib/jvm/java-6-sun-1.6.0.26/jre/lib/i386/libverify.so
b774b000-b774c000 rwxp 0000b000 08:02 241954     /usr/lib/jvm/java-6-sun-1.6.0.26/jre/lib/i386/libverify.so
b774c000-b774e000 rwxp 00000000 00:00 0 
b774e000-b774f000 r-xp 00000000 00:00 0          [vdso]
b774f000-b776a000 r-xp 00000000 08:02 40758      /lib/ld-2.11.1.so
b776a000-b776b000 r-xp 0001a000 08:02 40758      /lib/ld-2.11.1.so
b776b000-b776c000 rwxp 0001b000 08:02 40758      /lib/ld-2.11.1.so
bff8f000-bffa4000 rwxp 00000000 00:00 0          [stack]

VM Arguments:
jvm_args: -Xmx512m -Duser.language=en 
java_command: se.sics.cooja.GUI
Launcher Type: SUN_STANDARD

Environment Variables:
JAVA_HOME=/usr/lib/jvm/java-6-sun
PATH=/usr/local/sbin:/usr/local/bin:/usr/sbin:/usr/bin:/sbin:/bin:/usr/games:/opt/msp430-gcc-4.4.5/bin
USERNAME=manu
LD_LIBRARY_PATH=/usr/lib/jvm/java-6-sun-1.6.0.26/jre/lib/i386/client:/usr/lib/jvm/java-6-sun-1.6.0.26/jre/lib/i386:/usr/lib/jvm/java-6-sun-1.6.0.26/jre/../lib/i386:.
SHELL=/bin/bash
DISPLAY=:0.0

Signal Handlers:
SIGSEGV: [libjvm.so+0x469ec0], sa_mask[0]=0x7ffbfeff, sa_flags=0x10000004
SIGBUS: [libjvm.so+0x469ec0], sa_mask[0]=0x7ffbfeff, sa_flags=0x10000004
SIGFPE: [libjvm.so+0x38bf10], sa_mask[0]=0x7ffbfeff, sa_flags=0x10000004
SIGPIPE: [libjvm.so+0x38bf10], sa_mask[0]=0x7ffbfeff, sa_flags=0x10000004
SIGXFSZ: [libjvm.so+0x38bf10], sa_mask[0]=0x7ffbfeff, sa_flags=0x10000004
SIGILL: [libjvm.so+0x38bf10], sa_mask[0]=0x7ffbfeff, sa_flags=0x10000004
SIGUSR1: SIG_DFL, sa_mask[0]=0x00000000, sa_flags=0x00000000
SIGUSR2: [libjvm.so+0x38f150], sa_mask[0]=0x00000004, sa_flags=0x10000004
SIGHUP: [libjvm.so+0x38ed30], sa_mask[0]=0x7ffbfeff, sa_flags=0x10000004
SIGINT: [libjvm.so+0x38ed30], sa_mask[0]=0x7ffbfeff, sa_flags=0x10000004
SIGTERM: [libjvm.so+0x38ed30], sa_mask[0]=0x7ffbfeff, sa_flags=0x10000004
SIGQUIT: [libjvm.so+0x38ed30], sa_mask[0]=0x7ffbfeff, sa_flags=0x10000004


---------------  S Y S T E M  ---------------

OS:squeeze/sid

uname:Linux 2.6.32-34-generic #73-Ubuntu SMP Thu Aug 11 17:07:31 UTC 2011 i686
libc:glibc 2.11.1 NPTL 2.11.1 
rlimit: STACK 8192k, CORE 0k, NPROC infinity, NOFILE 1024, AS infinity
load average:0.58 0.53 0.51

/proc/meminfo:
MemTotal:        2060120 kB
MemFree:          383312 kB
Buffers:          191856 kB
Cached:           939580 kB
SwapCached:        38496 kB
Active:          1053100 kB
Inactive:         368496 kB
Active(anon):     145836 kB
Inactive(anon):   151748 kB
Active(file):     907264 kB
Inactive(file):   216748 kB
Unevictable:           0 kB
Mlocked:               0 kB
HighTotal:       1186352 kB
HighFree:          90308 kB
LowTotal:         873768 kB
LowFree:          293004 kB
SwapTotal:       2554292 kB
SwapFree:        2341788 kB
Dirty:              6832 kB
Writeback:             0 kB
AnonPages:        274636 kB
Mapped:           121252 kB
Shmem:              7448 kB
Slab:             154996 kB
SReclaimable:     142176 kB
SUnreclaim:        12820 kB
KernelStack:        2400 kB
PageTables:         6244 kB
NFS_Unstable:          0 kB
Bounce:                0 kB
WritebackTmp:          0 kB
CommitLimit:     3584352 kB
Committed_AS:    1154128 kB
VmallocTotal:     122880 kB
VmallocUsed:       62208 kB
VmallocChunk:      52220 kB
HardwareCorrupted:     0 kB
HugePages_Total:       0
HugePages_Free:        0
HugePages_Rsvd:        0
HugePages_Surp:        0
Hugepagesize:       4096 kB
DirectMap4k:      872440 kB
DirectMap4M:       36864 kB


CPU:total 2 (1 cores per cpu, 2 threads per core) family 15 model 4 stepping 3, cmov, cx8, fxsr, mmx, sse, sse2, sse3, ht

/proc/cpuinfo:
processor	: 0
vendor_id	: GenuineIntel
cpu family	: 15
model		: 4
model name	: Intel(R) Pentium(R) 4 CPU 3.40GHz
stepping	: 3
cpu MHz		: 3391.922
cache size	: 2048 KB
physical id	: 0
siblings	: 2
core id		: 0
cpu cores	: 1
apicid		: 0
initial apicid	: 0
fdiv_bug	: no
hlt_bug		: no
f00f_bug	: no
coma_bug	: no
fpu		: yes
fpu_exception	: yes
cpuid level	: 5
wp		: yes
flags		: fpu vme de pse tsc msr pae mce cx8 apic mtrr pge mca cmov pat pse36 clflush dts acpi mmx fxsr sse sse2 ss ht tm pbe nx lm constant_tsc pebs bts pni dtes64 monitor ds_cpl est cid cx16 xtpr
bogomips	: 6783.84
clflush size	: 64
cache_alignment	: 128
address sizes	: 36 bits physical, 48 bits virtual
power management:

processor	: 1
vendor_id	: GenuineIntel
cpu family	: 15
model		: 4
model name	: Intel(R) Pentium(R) 4 CPU 3.40GHz
stepping	: 3
cpu MHz		: 3391.922
cache size	: 2048 KB
physical id	: 0
siblings	: 2
core id		: 0
cpu cores	: 1
apicid		: 1
initial apicid	: 1
fdiv_bug	: no
hlt_bug		: no
f00f_bug	: no
coma_bug	: no
fpu		: yes
fpu_exception	: yes
cpuid level	: 5
wp		: yes
flags		: fpu vme de pse tsc msr pae mce cx8 apic mtrr pge mca cmov pat pse36 clflush dts acpi mmx fxsr sse sse2 ss ht tm pbe nx lm constant_tsc pebs bts pni dtes64 monitor ds_cpl est cid cx16 xtpr
bogomips	: 6783.16
clflush size	: 64
cache_alignment	: 128
address sizes	: 36 bits physical, 48 bits virtual
power management:



Memory: 4k page, physical 2060120k(383312k free), swap 2554292k(2341788k free)

vm_info: Java HotSpot(TM) Client VM (20.1-b02) for linux-x86 JRE (1.6.0_26-b03), built on May  4 2011 01:23:42 by "java_re" with gcc 3.2.1-7a (J2SE release)

time: Wed Sep 21 16:26:57 2011
elapsed time: 12 seconds

