#
# A fatal error has been detected by the Java Runtime Environment:
#
#  SIGSEGV (0xb) at pc=0x00000000, pid=18123, tid=3013208944
#
# JRE version: 6.0_26-b03
# Java VM: Java HotSpot(TM) Client VM (20.1-b02 mixed mode, sharing linux-x86 )
# Problematic frame:
# C  0x00000000
#
# If you would like to submit a bug report, please visit:
#   http://java.sun.com/webapps/bugreport/crash.jsp
# The crash happened outside the Java Virtual Machine in native code.
# See problematic frame for where to report the bug.
#

---------------  T H R E A D  ---------------

Current thread (0xb3dfac00):  JavaThread "Thread-6" [_thread_in_native, id=18262, stack(0xb394e000,0xb399f000)]

siginfo:si_signo=SIGSEGV: si_errno=0, si_code=1 (SEGV_MAPERR), si_addr=0x00000000

Registers:
EAX=0x00000000, EBX=0x00000000, ECX=0x00000060, EDX=0xb36b6860
ESP=0xb36b61a8, EBP=0xb36b61d4, ESI=0x00000000, EDI=0x00000000
EIP=0x00000000, EFLAGS=0x00010202, CR2=0x00000000

Top of Stack: (sp=0xb36b61a8)
0xb36b61a8:   b369fcbe 00000000 0000007e 00000001
0xb36b61b8:   b369e85e 00000000 00000000 b36b61e4
0xb36b61c8:   00000008 b36b4170 00000000 b36b61e4
0xb36b61d8:   b36a6bef b36b9b68 b36b6220 b36b6234
0xb36b61e8:   b369dcb4 b36b263a 00000002 000003e9
0xb36b61f8:   000003ea b36b621c b36b621c 00000000
0xb36b6208:   00000000 00000007 00000000 00000000
0xb36b6218:   b36b5240 b36b6224 b36b0002 b36b6234 

Instructions: (pc=0x00000000)
0xffffffe0:   

Register to memory mapping:

EAX=0x00000000 is an unknown value
EBX=0x00000000 is an unknown value
ECX=0x00000060 is an unknown value
EDX=0xb36b6860: lastqueued+0 in /home/manu/Documents/sources/contiki/examples/ipv6/rpl-fuzzy/obj_cooja/mtype44.cooja at 0xb368f000
ESP=0xb36b61a8: <offset 0x271a8> in /home/manu/Documents/sources/contiki/examples/ipv6/rpl-fuzzy/obj_cooja/mtype44.cooja at 0xb368f000
EBP=0xb36b61d4: <offset 0x271d4> in /home/manu/Documents/sources/contiki/examples/ipv6/rpl-fuzzy/obj_cooja/mtype44.cooja at 0xb368f000
ESI=0x00000000 is an unknown value
EDI=0x00000000 is an unknown value


Stack: [0xb394e000,0xb399f000],  sp=0xb36b61a8,  free space=4191648k
Java frames: (J=compiled Java code, j=interpreted, Vv=VM code)
j  se.sics.cooja.corecomm.Lib2.tick()V+0
j  se.sics.cooja.contikimote.ContikiMoteType.tick()V+4
j  se.sics.cooja.contikimote.ContikiMote.execute(J)V+63
j  se.sics.cooja.motes.AbstractWakeupMote$1.execute(J)V+5
j  se.sics.cooja.Simulation.run()V+174
j  java.lang.Thread.run()V+11
v  ~StubRoutines::call_stub

---------------  P R O C E S S  ---------------

Java Threads: ( => current thread )
=>0xb3dfac00 JavaThread "Thread-6" [_thread_in_native, id=18262, stack(0xb394e000,0xb399f000)]
  0xb450e800 JavaThread "Image Fetcher 0" daemon [_thread_blocked, id=18261, stack(0xb375e000,0xb37af000)]
  0xb3d50000 JavaThread "Thread-4" [_thread_blocked, id=18249, stack(0xb37af000,0xb3800000)]
  0x0894b400 JavaThread "Thread-2" [_thread_blocked, id=18194, stack(0xb370d000,0xb375e000)]
  0x087c7000 JavaThread "TimerQueue" daemon [_thread_blocked, id=18140, stack(0xb3ebd000,0xb3f0e000)]
  0xb45a0c00 JavaThread "DestroyJavaVM" [_thread_blocked, id=18127, stack(0xb6d2b000,0xb6d7c000)]
  0xb459f400 JavaThread "AWT-EventQueue-0" [_thread_blocked, id=18138, stack(0xb3f5f000,0xb3fb0000)]
  0xb459e400 JavaThread "AWT-Shutdown" [_thread_blocked, id=18137, stack(0xb402d000,0xb407e000)]
  0xb459d800 JavaThread "AWT-XAWT" daemon [_thread_in_native, id=18136, stack(0xb407e000,0xb40cf000)]
  0xb4566000 JavaThread "Java2D Disposer" daemon [_thread_blocked, id=18135, stack(0xb4100000,0xb4151000)]
  0xb4500800 JavaThread "Low Memory Detector" daemon [_thread_blocked, id=18133, stack(0xb44af000,0xb4500000)]
  0x0872b400 JavaThread "C1 CompilerThread0" daemon [_thread_blocked, id=18132, stack(0xb4629000,0xb46aa000)]
  0x08729800 JavaThread "Signal Dispatcher" daemon [_thread_blocked, id=18131, stack(0xb46aa000,0xb46fb000)]
  0x08724800 JavaThread "Finalizer" daemon [_thread_blocked, id=18130, stack(0xb4741000,0xb4792000)]
  0x08720000 JavaThread "Reference Handler" daemon [_thread_blocked, id=18129, stack(0xb4792000,0xb47e3000)]

Other Threads:
  0x08715800 VMThread [stack: 0xb49af000,0xb4a30000] [id=18128]
  0xb4503000 WatcherThread [stack: 0xb442e000,0xb44af000] [id=18134]

VM state:not at safepoint (normal execution)

VM Mutex/Monitor currently owned by a thread: None

Heap
 def new generation   total 4992K, used 1187K [0x6ed90000, 0x6f2f0000, 0x79830000)
  eden space 4480K,  22% used [0x6ed90000, 0x6ee8fd70, 0x6f1f0000)
  from space 512K,  31% used [0x6f270000, 0x6f298f40, 0x6f2f0000)
  to   space 512K,   0% used [0x6f1f0000, 0x6f1f0000, 0x6f270000)
 tenured generation   total 10944K, used 7492K [0x79830000, 0x7a2e0000, 0x8ed90000)
   the space 10944K,  68% used [0x79830000, 0x79f81080, 0x79f81200, 0x7a2e0000)
 compacting perm gen  total 12288K, used 5200K [0x8ed90000, 0x8f990000, 0x92d90000)
   the space 12288K,  42% used [0x8ed90000, 0x8f2a4258, 0x8f2a4400, 0x8f990000)
    ro space 10240K,  61% used [0x92d90000, 0x933b9d08, 0x933b9e00, 0x93790000)
    rw space 12288K,  60% used [0x93790000, 0x93ecc660, 0x93ecc800, 0x94390000)

Code Cache  [0xb4ca8000, 0xb4e20000, 0xb6ca8000)
 total_blobs=964 nmethods=705 adapters=194 free_code_cache=32042816 largest_free_block=64

Dynamic libraries:
08048000-08052000 r-xp 00000000 08:02 241919     /usr/lib/jvm/java-6-sun-1.6.0.26/jre/bin/java
08052000-08053000 rwxp 00009000 08:02 241919     /usr/lib/jvm/java-6-sun-1.6.0.26/jre/bin/java
086ec000-08963000 rwxp 00000000 00:00 0          [heap]
6ed90000-6f2f0000 rwxp 00000000 00:00 0 
6f2f0000-79830000 rwxp 00000000 00:00 0 
79830000-7a2e0000 rwxp 00000000 00:00 0 
7a2e0000-8ed90000 rwxp 00000000 00:00 0 
8ed90000-8f990000 rwxp 00000000 00:00 0 
8f990000-92d90000 rwxp 00000000 00:00 0 
92d90000-933ba000 r-xs 00001000 08:02 128946     /usr/lib/jvm/java-6-sun-1.6.0.26/jre/lib/i386/client/classes.jsa
933ba000-93790000 rwxp 00000000 00:00 0 
93790000-93ecd000 rwxp 0062b000 08:02 128946     /usr/lib/jvm/java-6-sun-1.6.0.26/jre/lib/i386/client/classes.jsa
93ecd000-94390000 rwxp 00000000 00:00 0 
94390000-94472000 rwxp 00d68000 08:02 128946     /usr/lib/jvm/java-6-sun-1.6.0.26/jre/lib/i386/client/classes.jsa
94472000-94790000 rwxp 00000000 00:00 0 
94790000-94798000 r-xs 00e4a000 08:02 128946     /usr/lib/jvm/java-6-sun-1.6.0.26/jre/lib/i386/client/classes.jsa
94798000-94b90000 rwxp 00000000 00:00 0 
b3667000-b367c000 r-xp 00000000 08:02 241976     /usr/lib/jvm/java-6-sun-1.6.0.26/jre/lib/i386/libdcpr.so
b367c000-b368f000 rwxp 00014000 08:02 241976     /usr/lib/jvm/java-6-sun-1.6.0.26/jre/lib/i386/libdcpr.so
b368f000-b36b4000 r-xp 00000000 08:05 585324     /home/manu/Documents/sources/contiki/examples/ipv6/rpl-fuzzy/obj_cooja/mtype44.cooja
b36b4000-b36b5000 rwxp 00025000 08:05 585324     /home/manu/Documents/sources/contiki/examples/ipv6/rpl-fuzzy/obj_cooja/mtype44.cooja
b36b5000-b36bc000 rwxp 00000000 00:00 0 
b36bc000-b36bf000 ---p 00000000 00:00 0 
b36bf000-b370d000 rwxp 00000000 00:00 0 
b370d000-b3710000 ---p 00000000 00:00 0 
b3710000-b375e000 rwxp 00000000 00:00 0 
b375e000-b3761000 ---p 00000000 00:00 0 
b3761000-b37af000 rwxp 00000000 00:00 0 
b37af000-b37b2000 ---p 00000000 00:00 0 
b37b2000-b3800000 rwxp 00000000 00:00 0 
b3800000-b3847000 rwxp 00000000 00:00 0 
b3847000-b3900000 ---p 00000000 00:00 0 
b3921000-b3945000 r-xp 00000000 08:05 585319     /home/manu/Documents/sources/contiki/examples/ipv6/rpl-fuzzy/obj_cooja/mtype543.cooja
b3945000-b3946000 r-xp 00023000 08:05 585319     /home/manu/Documents/sources/contiki/examples/ipv6/rpl-fuzzy/obj_cooja/mtype543.cooja
b3946000-b3947000 rwxp 00024000 08:05 585319     /home/manu/Documents/sources/contiki/examples/ipv6/rpl-fuzzy/obj_cooja/mtype543.cooja
b3947000-b394e000 rwxp 00000000 00:00 0 
b394e000-b3951000 ---p 00000000 00:00 0 
b3951000-b399f000 rwxp 00000000 00:00 0 
b399f000-b3d00000 rwxs 00000000 00:04 52166675   /SYSV00000000 (deleted)
b3d00000-b3dff000 rwxp 00000000 00:00 0 
b3dff000-b3e00000 ---p 00000000 00:00 0 
b3e1d000-b3e20000 ---p 00000000 00:00 0 
b3e20000-b3e6e000 rwxp 00000000 00:00 0 
b3e6e000-b3e82000 r-xp 00000000 08:02 241963     /usr/lib/jvm/java-6-sun-1.6.0.26/jre/lib/i386/libnet.so
b3e82000-b3e83000 rwxp 00013000 08:02 241963     /usr/lib/jvm/java-6-sun-1.6.0.26/jre/lib/i386/libnet.so
b3e83000-b3ebd000 r-xs 001e1000 08:05 579634     /home/manu/Documents/sources/contiki/tools/cooja/apps/avrora/lib/avrora-small.jar
b3ebd000-b3ec0000 ---p 00000000 00:00 0 
b3ec0000-b3f0e000 rwxp 00000000 00:00 0 
b3f0e000-b3f11000 ---p 00000000 00:00 0 
b3f11000-b3f5f000 rwxp 00000000 00:00 0 
b3f5f000-b3f62000 ---p 00000000 00:00 0 
b3f62000-b3fb0000 rwxp 00000000 00:00 0 
b3fb0000-b3fb1000 r-xs 00000000 08:02 15264      /var/cache/fontconfig/c05880de57d1f5e948fdfacc138775d9-le32d4.cache-3
b3fb1000-b3fb7000 r-xs 00000000 08:02 15238      /var/cache/fontconfig/945677eb7aeaf62f1d50efc3fb3ec7d8-le32d4.cache-3
b3fb7000-b3fba000 r-xs 00000000 08:02 15230      /var/cache/fontconfig/99e8ed0e538f840c565b6ed5dad60d56-le32d4.cache-3
b3fba000-b3fbc000 r-xs 00000000 08:02 15080      /var/cache/fontconfig/f24b2111ab8703b4e963115a8cf14259-le32d4.cache-3
b3fbc000-b3fbf000 r-xs 00000000 08:02 15079      /var/cache/fontconfig/e383d7ea5fbe662a33d9b44caf393297-le32d4.cache-3
b3fbf000-b3fc0000 r-xs 00000000 08:02 14751      /var/cache/fontconfig/e7071f4a29fa870f4323321c154eba04-le32d4.cache-3
b3fc0000-b3fc4000 r-xs 00000000 08:02 342749     /var/cache/fontconfig/926e794c3d5e5dffcaf2fa83ef8d36c2-le32d4.cache-3
b3fc4000-b3fc7000 r-xs 00000000 08:02 1661       /var/cache/fontconfig/6eb3985aa4124903f6ff08ba781cd364-le32d4.cache-3
b3fc7000-b3fc8000 r-xs 00000000 08:02 1660       /var/cache/fontconfig/4c73fe0c47614734b17d736dbde7580a-le32d4.cache-3
b3fc8000-b3fc9000 r-xs 00000000 08:02 1554       /var/cache/fontconfig/0d8c3b2ac0904cb8a57a757ad11a4a08-le32d4.cache-3
b3fc9000-b3fca000 r-xs 00000000 08:02 1499       /var/cache/fontconfig/6a53c69dea097a2d716e069445527da8-le32d4.cache-3
b3fca000-b3fce000 r-xs 00000000 08:02 1498       /var/cache/fontconfig/062808c12e6e608270f93bb230aed730-le32d4.cache-3
b3fce000-b3fd2000 r-xs 00000000 08:02 1497       /var/cache/fontconfig/a755afe4a08bf5b97852ceb7400b47bc-le32d4.cache-3
b3fd2000-b3fd9000 r-xs 00000000 08:02 1481       /var/cache/fontconfig/6d41288fd70b0be22e8c3a91e032eec0-le32d4.cache-3
b3fd9000-b3fe4000 r-xs 00000000 08:02 46600      /var/cache/fontconfig/0f34bcd4b6ee430af32735b75db7f02b-le32d4.cache-3
b3fe4000-b4006000 r-xs 00000000 08:02 1295       /var/cache/fontconfig/365b55f210c0a22e9a19e35191240f32-le32d4.cache-3
b4006000-b4008000 r-xs 00000000 08:02 1287       /var/cache/fontconfig/2c5ba8142dffc8bf0377700342b8ca1a-le32d4.cache-3
b4008000-b4010000 r-xs 00000000 08:02 1265       /var/cache/fontconfig/d52a8644073d54c13679302ca1180695-le32d4.cache-3
b4010000-b401e000 r-xs 00000000 08:02 310311     /var/cache/fontconfig/e13b20fdb08344e0e664864cc2ede53d-le32d4.cache-3
b4025000-b402c000 r-xp 00000000 08:02 241964     /usr/lib/jvm/java-6-sun-1.6.0.26/jre/lib/i386/libnio.so
b402c000-b402d000 rwxp 00006000 08:02 241964     /usr/lib/jvm/java-6-sun-1.6.0.26/jre/lib/i386/libnio.so
b402d000-b4030000 ---p 00000000 00:00 0 
b4030000-b407e000 rwxp 00000000 00:00 0 
b407e000-b4081000 ---p 00000000 00:00 0 
b4081000-b40cf000 rwxp 00000000 00:00 0 
b40cf000-b40d3000 r-xp 00000000 08:02 18946      /usr/lib/libXfixes.so.3.1.0
b40d3000-b40d4000 r-xp 00003000 08:02 18946      /usr/lib/libXfixes.so.3.1.0
b40d4000-b40d5000 rwxp 00004000 08:02 18946      /usr/lib/libXfixes.so.3.1.0
b40d5000-b40dd000 r-xp 00000000 08:02 7389       /usr/lib/libXrender.so.1.3.0
b40dd000-b40de000 r-xp 00007000 08:02 7389       /usr/lib/libXrender.so.1.3.0
b40de000-b40df000 rwxp 00008000 08:02 7389       /usr/lib/libXrender.so.1.3.0
b40df000-b40e7000 r-xp 00000000 08:02 124118     /usr/lib/libXcursor.so.1.0.2
b40e7000-b40e8000 r-xp 00007000 08:02 124118     /usr/lib/libXcursor.so.1.0.2
b40e8000-b40e9000 rwxp 00008000 08:02 124118     /usr/lib/libXcursor.so.1.0.2
b40e9000-b40ea000 r-xs 00002000 08:05 581244     /home/manu/Documents/sources/contiki/tools/cooja/apps/collect-view/cooja-collect-view.jar
b40ea000-b40eb000 r-xs 00003000 08:05 186462     /home/manu/Documents/sources/contiki/tools/cooja/apps/mspsim/lib/coffee.jar
b40eb000-b40f4000 r-xs 0008e000 08:05 581040     /home/manu/Documents/sources/contiki/tools/cooja/apps/mspsim/lib/mspsim.jar
b40f4000-b40f8000 r-xs 0002a000 08:05 581193     /home/manu/Documents/sources/contiki/tools/cooja/apps/mspsim/lib/cooja_mspsim.jar
b40f8000-b4100000 r-xs 00115000 08:02 242018     /usr/lib/jvm/java-6-sun-1.6.0.26/jre/lib/resources.jar
b4100000-b4103000 ---p 00000000 00:00 0 
b4103000-b4151000 rwxp 00000000 00:00 0 
b4151000-b41ca000 r-xp 00000000 08:02 241988     /usr/lib/jvm/java-6-sun-1.6.0.26/jre/lib/i386/libfontmanager.so
b41ca000-b41d4000 rwxp 00078000 08:02 241988     /usr/lib/jvm/java-6-sun-1.6.0.26/jre/lib/i386/libfontmanager.so
b41d4000-b41d9000 rwxp 00000000 00:00 0 
b41d9000-b41dd000 r-xp 00000000 08:02 43742      /usr/lib/libXdmcp.so.6.0.0
b41dd000-b41de000 r-xp 00003000 08:02 43742      /usr/lib/libXdmcp.so.6.0.0
b41de000-b41df000 rwxp 00004000 08:02 43742      /usr/lib/libXdmcp.so.6.0.0
b41df000-b41e1000 r-xp 00000000 08:02 38105      /usr/lib/libXau.so.6.0.0
b41e1000-b41e2000 r-xp 00001000 08:02 38105      /usr/lib/libXau.so.6.0.0
b41e2000-b41e3000 rwxp 00002000 08:02 38105      /usr/lib/libXau.so.6.0.0
b41e3000-b41fb000 r-xp 00000000 08:02 89888      /usr/lib/libxcb.so.1.1.0
b41fb000-b41fc000 r-xp 00017000 08:02 89888      /usr/lib/libxcb.so.1.1.0
b41fc000-b41fd000 rwxp 00018000 08:02 89888      /usr/lib/libxcb.so.1.1.0
b41fd000-b4209000 r-xp 00000000 08:02 28336      /usr/lib/libXi.so.6.1.0
b4209000-b420a000 r-xp 0000c000 08:02 28336      /usr/lib/libXi.so.6.1.0
b420a000-b420b000 rwxp 0000d000 08:02 28336      /usr/lib/libXi.so.6.1.0
b420b000-b4324000 r-xp 00000000 08:02 28304      /usr/lib/libX11.so.6.3.0
b4324000-b4325000 r-xp 00118000 08:02 28304      /usr/lib/libX11.so.6.3.0
b4325000-b4327000 rwxp 00119000 08:02 28304      /usr/lib/libX11.so.6.3.0
b4327000-b4328000 rwxp 00000000 00:00 0 
b4328000-b4336000 r-xp 00000000 08:02 28320      /usr/lib/libXext.so.6.4.0
b4336000-b4337000 r-xp 0000d000 08:02 28320      /usr/lib/libXext.so.6.4.0
b4337000-b4338000 rwxp 0000e000 08:02 28320      /usr/lib/libXext.so.6.4.0
b4338000-b437b000 r-xp 00000000 08:02 241982     /usr/lib/jvm/java-6-sun-1.6.0.26/jre/lib/i386/xawt/libmawt.so
b437b000-b437d000 rwxp 00043000 08:02 241982     /usr/lib/jvm/java-6-sun-1.6.0.26/jre/lib/i386/xawt/libmawt.so
b437d000-b437e000 rwxp 00000000 00:00 0 
b437e000-b4403000 r-xp 00000000 08:02 241978     /usr/lib/jvm/java-6-sun-1.6.0.26/jre/lib/i386/libawt.so
b4403000-b440a000 rwxp 00085000 08:02 241978     /usr/lib/jvm/java-6-sun-1.6.0.26/jre/lib/i386/libawt.so
b440a000-b442e000 rwxp 00000000 00:00 0 
b442e000-b442f000 ---p 00000000 00:00 0 
b442f000-b44af000 rwxp 00000000 00:00 0 
b44af000-b44b2000 ---p 00000000 00:00 0 
b44b2000-b4500000 rwxp 00000000 00:00 0 
b4500000-b4600000 rwxp 00000000 00:00 0 
b4600000-b4602000 r-xs 00007000 08:05 581220     /home/manu/Documents/sources/contiki/tools/cooja/apps/avrora/lib/cooja_avrora.jar
b4602000-b4606000 r-xp 00000000 08:02 28351      /usr/lib/libXtst.so.6.1.0
b4606000-b4607000 r-xp 00003000 08:02 28351      /usr/lib/libXtst.so.6.1.0
b4607000-b4608000 rwxp 00004000 08:02 28351      /usr/lib/libXtst.so.6.1.0
b4608000-b4609000 r-xs 00003000 08:05 581232     /home/manu/Documents/sources/contiki/tools/cooja/apps/serial_socket/lib/serial_socket.jar
b4609000-b460b000 r-xs 00010000 08:05 581041     /home/manu/Documents/sources/contiki/tools/cooja/apps/mspsim/lib/jipv6.jar
b460b000-b460e000 r-xs 00000000 08:02 1332       /var/cache/fontconfig/d60319d88cac85ba9e1a07bd06cfbb8c-le32d4.cache-3
b460e000-b4611000 r-xs 00000000 08:02 1235       /var/cache/fontconfig/7ef2298fde41cc6eeb7af42e48b7d293-le32d4.cache-3
b4611000-b461f000 r-xs 00000000 08:02 310345     /var/cache/fontconfig/865f88548240fee46819705c6468c165-le32d4.cache-3
b461f000-b4626000 r-xs 0004f000 08:05 580032     /home/manu/Documents/sources/contiki/tools/cooja/lib/log4j.jar
b4626000-b4629000 r-xs 00022000 08:05 580031     /home/manu/Documents/sources/contiki/tools/cooja/lib/jdom.jar
b4629000-b462c000 ---p 00000000 00:00 0 
b462c000-b46aa000 rwxp 00000000 00:00 0 
b46aa000-b46ad000 ---p 00000000 00:00 0 
b46ad000-b46fb000 rwxp 00000000 00:00 0 
b46fb000-b4702000 r-xs 00000000 08:02 88550      /usr/lib/gconv/gconv-modules.cache
b4702000-b4741000 r-xp 00000000 08:02 51679      /usr/lib/locale/fr_FR.utf8/LC_CTYPE
b4741000-b4744000 ---p 00000000 00:00 0 
b4744000-b4792000 rwxp 00000000 00:00 0 
b4792000-b4795000 ---p 00000000 00:00 0 
b4795000-b4817000 rwxp 00000000 00:00 0 
b4817000-b49af000 r-xs 03029000 08:02 242205     /usr/lib/jvm/java-6-sun-1.6.0.26/jre/lib/rt.jar
b49af000-b49b0000 ---p 00000000 00:00 0 
b49b0000-b4a37000 rwxp 00000000 00:00 0 
b4a37000-b4a51000 rwxp 00000000 00:00 0 
b4a51000-b4a57000 rwxp 00000000 00:00 0 
b4a57000-b4afc000 rwxp 00000000 00:00 0 
b4afc000-b4aff000 rwxp 00000000 00:00 0 
b4aff000-b4b51000 rwxp 00000000 00:00 0 
b4b51000-b4b57000 rwxp 00000000 00:00 0 
b4b57000-b4bfc000 rwxp 00000000 00:00 0 
b4bfc000-b4c02000 rwxp 00000000 00:00 0 
b4c02000-b4c1c000 rwxp 00000000 00:00 0 
b4c1c000-b4c2e000 rwxp 00000000 00:00 0 
b4c2e000-b4ca8000 rwxp 00000000 00:00 0 
b4ca8000-b4e20000 rwxp 00000000 00:00 0 
b4e20000-b6ca8000 rwxp 00000000 00:00 0 
b6ca8000-b6cb7000 r-xp 00000000 08:02 241959     /usr/lib/jvm/java-6-sun-1.6.0.26/jre/lib/i386/libzip.so
b6cb7000-b6cb9000 rwxp 0000e000 08:02 241959     /usr/lib/jvm/java-6-sun-1.6.0.26/jre/lib/i386/libzip.so
b6cb9000-b6cc3000 r-xp 00000000 08:02 137071     /lib/tls/i686/cmov/libnss_files-2.11.1.so
b6cc3000-b6cc4000 r-xp 00009000 08:02 137071     /lib/tls/i686/cmov/libnss_files-2.11.1.so
b6cc4000-b6cc5000 rwxp 0000a000 08:02 137071     /lib/tls/i686/cmov/libnss_files-2.11.1.so
b6cc5000-b6ccd000 r-xp 00000000 08:02 158575     /lib/tls/i686/cmov/libnss_nis-2.11.1.so
b6ccd000-b6cce000 r-xp 00007000 08:02 158575     /lib/tls/i686/cmov/libnss_nis-2.11.1.so
b6cce000-b6ccf000 rwxp 00008000 08:02 158575     /lib/tls/i686/cmov/libnss_nis-2.11.1.so
b6ccf000-b6ce2000 r-xp 00000000 08:02 135965     /lib/tls/i686/cmov/libnsl-2.11.1.so
b6ce2000-b6ce3000 r-xp 00012000 08:02 135965     /lib/tls/i686/cmov/libnsl-2.11.1.so
b6ce3000-b6ce4000 rwxp 00013000 08:02 135965     /lib/tls/i686/cmov/libnsl-2.11.1.so
b6ce4000-b6ce6000 rwxp 00000000 00:00 0 
b6ce6000-b6ce8000 r-xs 0001a000 08:05 581037     /home/manu/Documents/sources/contiki/tools/cooja/apps/mrm/lib/mrm.jar
b6ce8000-b6cf5000 rwxp 00000000 00:00 0 
b6cf5000-b6cfd000 rwxs 00000000 08:02 5080       /tmp/hsperfdata_manu/18123
b6cfd000-b6d20000 r-xp 00000000 08:02 241955     /usr/lib/jvm/java-6-sun-1.6.0.26/jre/lib/i386/libjava.so
b6d20000-b6d22000 rwxp 00023000 08:02 241955     /usr/lib/jvm/java-6-sun-1.6.0.26/jre/lib/i386/libjava.so
b6d22000-b6d29000 r-xp 00000000 08:02 158593     /lib/tls/i686/cmov/librt-2.11.1.so
b6d29000-b6d2a000 r-xp 00006000 08:02 158593     /lib/tls/i686/cmov/librt-2.11.1.so
b6d2a000-b6d2b000 rwxp 00007000 08:02 158593     /lib/tls/i686/cmov/librt-2.11.1.so
b6d2b000-b6d2e000 ---p 00000000 00:00 0 
b6d2e000-b6d7c000 rwxp 00000000 00:00 0 
b6d7c000-b6da0000 r-xp 00000000 08:02 127031     /lib/tls/i686/cmov/libm-2.11.1.so
b6da0000-b6da1000 r-xp 00023000 08:02 127031     /lib/tls/i686/cmov/libm-2.11.1.so
b6da1000-b6da2000 rwxp 00024000 08:02 127031     /lib/tls/i686/cmov/libm-2.11.1.so
b6da2000-b7283000 r-xp 00000000 08:02 241946     /usr/lib/jvm/java-6-sun-1.6.0.26/jre/lib/i386/client/libjvm.so
b7283000-b72a6000 rwxp 004e1000 08:02 241946     /usr/lib/jvm/java-6-sun-1.6.0.26/jre/lib/i386/client/libjvm.so
b72a6000-b76c3000 rwxp 00000000 00:00 0 
b76c3000-b7816000 r-xp 00000000 08:02 96547      /lib/tls/i686/cmov/libc-2.11.1.so
b7816000-b7817000 ---p 00153000 08:02 96547      /lib/tls/i686/cmov/libc-2.11.1.so
b7817000-b7819000 r-xp 00153000 08:02 96547      /lib/tls/i686/cmov/libc-2.11.1.so
b7819000-b781a000 rwxp 00155000 08:02 96547      /lib/tls/i686/cmov/libc-2.11.1.so
b781a000-b781d000 rwxp 00000000 00:00 0 
b781d000-b781f000 r-xp 00000000 08:02 127010     /lib/tls/i686/cmov/libdl-2.11.1.so
b781f000-b7820000 r-xp 00001000 08:02 127010     /lib/tls/i686/cmov/libdl-2.11.1.so
b7820000-b7821000 rwxp 00002000 08:02 127010     /lib/tls/i686/cmov/libdl-2.11.1.so
b7821000-b7828000 r-xp 00000000 08:02 241958     /usr/lib/jvm/java-6-sun-1.6.0.26/jre/lib/i386/jli/libjli.so
b7828000-b782a000 rwxp 00006000 08:02 241958     /usr/lib/jvm/java-6-sun-1.6.0.26/jre/lib/i386/jli/libjli.so
b782a000-b782b000 rwxp 00000000 00:00 0 
b782b000-b7840000 r-xp 00000000 08:02 158590     /lib/tls/i686/cmov/libpthread-2.11.1.so
b7840000-b7841000 r-xp 00014000 08:02 158590     /lib/tls/i686/cmov/libpthread-2.11.1.so
b7841000-b7842000 rwxp 00015000 08:02 158590     /lib/tls/i686/cmov/libpthread-2.11.1.so
b7842000-b7844000 rwxp 00000000 00:00 0 
b7844000-b7845000 r-xs 00000000 08:02 103569     /var/cache/fontconfig/4794a0821666d79190d59a36cb4f44b5-le32d4.cache-3
b7845000-b784b000 r-xp 00000000 08:02 136301     /lib/tls/i686/cmov/libnss_compat-2.11.1.so
b784b000-b784c000 r-xp 00006000 08:02 136301     /lib/tls/i686/cmov/libnss_compat-2.11.1.so
b784c000-b784d000 rwxp 00007000 08:02 136301     /lib/tls/i686/cmov/libnss_compat-2.11.1.so
b784d000-b784e000 rwxp 00000000 00:00 0 
b784e000-b784f000 r-xp 00000000 00:00 0 
b784f000-b785a000 r-xp 00000000 08:02 241954     /usr/lib/jvm/java-6-sun-1.6.0.26/jre/lib/i386/libverify.so
b785a000-b785b000 rwxp 0000b000 08:02 241954     /usr/lib/jvm/java-6-sun-1.6.0.26/jre/lib/i386/libverify.so
b785b000-b785d000 rwxp 00000000 00:00 0 
b785d000-b785e000 r-xp 00000000 00:00 0          [vdso]
b785e000-b7879000 r-xp 00000000 08:02 40758      /lib/ld-2.11.1.so
b7879000-b787a000 r-xp 0001a000 08:02 40758      /lib/ld-2.11.1.so
b787a000-b787b000 rwxp 0001b000 08:02 40758      /lib/ld-2.11.1.so
bfb59000-bfb6e000 rwxp 00000000 00:00 0          [stack]

VM Arguments:
jvm_args: -Xmx512m -Duser.language=en 
java_command: se.sics.cooja.GUI
Launcher Type: SUN_STANDARD

Environment Variables:
JAVA_HOME=/usr/lib/jvm/java-6-sun
PATH=/usr/local/sbin:/usr/local/bin:/usr/sbin:/usr/bin:/sbin:/bin:/usr/games:/opt/msp430-gcc-4.4.5/bin
USERNAME=manu
LD_LIBRARY_PATH=/usr/lib/jvm/java-6-sun-1.6.0.26/jre/lib/i386/client:/usr/lib/jvm/java-6-sun-1.6.0.26/jre/lib/i386:/usr/lib/jvm/java-6-sun-1.6.0.26/jre/../lib/i386:.
SHELL=/bin/bash
DISPLAY=:0.0

Signal Handlers:
SIGSEGV: [libjvm.so+0x469ec0], sa_mask[0]=0x7ffbfeff, sa_flags=0x10000004
SIGBUS: [libjvm.so+0x469ec0], sa_mask[0]=0x7ffbfeff, sa_flags=0x10000004
SIGFPE: [libjvm.so+0x38bf10], sa_mask[0]=0x7ffbfeff, sa_flags=0x10000004
SIGPIPE: [libjvm.so+0x38bf10], sa_mask[0]=0x7ffbfeff, sa_flags=0x10000004
SIGXFSZ: [libjvm.so+0x38bf10], sa_mask[0]=0x7ffbfeff, sa_flags=0x10000004
SIGILL: [libjvm.so+0x38bf10], sa_mask[0]=0x7ffbfeff, sa_flags=0x10000004
SIGUSR1: SIG_DFL, sa_mask[0]=0x00000000, sa_flags=0x00000000
SIGUSR2: [libjvm.so+0x38f150], sa_mask[0]=0x00000004, sa_flags=0x10000004
SIGHUP: [libjvm.so+0x38ed30], sa_mask[0]=0x7ffbfeff, sa_flags=0x10000004
SIGINT: [libjvm.so+0x38ed30], sa_mask[0]=0x7ffbfeff, sa_flags=0x10000004
SIGTERM: [libjvm.so+0x38ed30], sa_mask[0]=0x7ffbfeff, sa_flags=0x10000004
SIGQUIT: [libjvm.so+0x38ed30], sa_mask[0]=0x7ffbfeff, sa_flags=0x10000004


---------------  S Y S T E M  ---------------

OS:squeeze/sid

uname:Linux 2.6.32-34-generic #73-Ubuntu SMP Thu Aug 11 17:07:31 UTC 2011 i686
libc:glibc 2.11.1 NPTL 2.11.1 
rlimit: STACK 8192k, CORE 0k, NPROC infinity, NOFILE 1024, AS infinity
load average:0.51 0.31 0.36

/proc/meminfo:
MemTotal:        2060120 kB
MemFree:          331680 kB
Buffers:          194268 kB
Cached:           935628 kB
SwapCached:        38368 kB
Active:          1044496 kB
Inactive:         391612 kB
Active(anon):     159536 kB
Inactive(anon):   154320 kB
Active(file):     884960 kB
Inactive(file):   237292 kB
Unevictable:           0 kB
Mlocked:               0 kB
HighTotal:       1186352 kB
HighFree:         104196 kB
LowTotal:         873768 kB
LowFree:          227484 kB
SwapTotal:       2554292 kB
SwapFree:        2341892 kB
Dirty:              6452 kB
Writeback:             0 kB
AnonPages:        290812 kB
Mapped:           151100 kB
Shmem:              7668 kB
Slab:             162056 kB
SReclaimable:     148932 kB
SUnreclaim:        13124 kB
KernelStack:        2400 kB
PageTables:         6408 kB
NFS_Unstable:          0 kB
Bounce:                0 kB
WritebackTmp:          0 kB
CommitLimit:     3584352 kB
Committed_AS:    1184188 kB
VmallocTotal:     122880 kB
VmallocUsed:       62208 kB
VmallocChunk:      52220 kB
HardwareCorrupted:     0 kB
HugePages_Total:       0
HugePages_Free:        0
HugePages_Rsvd:        0
HugePages_Surp:        0
Hugepagesize:       4096 kB
DirectMap4k:      872440 kB
DirectMap4M:       36864 kB


CPU:total 2 (1 cores per cpu, 2 threads per core) family 15 model 4 stepping 3, cmov, cx8, fxsr, mmx, sse, sse2, sse3, ht

/proc/cpuinfo:
processor	: 0
vendor_id	: GenuineIntel
cpu family	: 15
model		: 4
model name	: Intel(R) Pentium(R) 4 CPU 3.40GHz
stepping	: 3
cpu MHz		: 3391.922
cache size	: 2048 KB
physical id	: 0
siblings	: 2
core id		: 0
cpu cores	: 1
apicid		: 0
initial apicid	: 0
fdiv_bug	: no
hlt_bug		: no
f00f_bug	: no
coma_bug	: no
fpu		: yes
fpu_exception	: yes
cpuid level	: 5
wp		: yes
flags		: fpu vme de pse tsc msr pae mce cx8 apic mtrr pge mca cmov pat pse36 clflush dts acpi mmx fxsr sse sse2 ss ht tm pbe nx lm constant_tsc pebs bts pni dtes64 monitor ds_cpl est cid cx16 xtpr
bogomips	: 6783.84
clflush size	: 64
cache_alignment	: 128
address sizes	: 36 bits physical, 48 bits virtual
power management:

processor	: 1
vendor_id	: GenuineIntel
cpu family	: 15
model		: 4
model name	: Intel(R) Pentium(R) 4 CPU 3.40GHz
stepping	: 3
cpu MHz		: 3391.922
cache size	: 2048 KB
physical id	: 0
siblings	: 2
core id		: 0
cpu cores	: 1
apicid		: 1
initial apicid	: 1
fdiv_bug	: no
hlt_bug		: no
f00f_bug	: no
coma_bug	: no
fpu		: yes
fpu_exception	: yes
cpuid level	: 5
wp		: yes
flags		: fpu vme de pse tsc msr pae mce cx8 apic mtrr pge mca cmov pat pse36 clflush dts acpi mmx fxsr sse sse2 ss ht tm pbe nx lm constant_tsc pebs bts pni dtes64 monitor ds_cpl est cid cx16 xtpr
bogomips	: 6783.16
clflush size	: 64
cache_alignment	: 128
address sizes	: 36 bits physical, 48 bits virtual
power management:



Memory: 4k page, physical 2060120k(331680k free), swap 2554292k(2341892k free)

vm_info: Java HotSpot(TM) Client VM (20.1-b02) for linux-x86 JRE (1.6.0_26-b03), built on May  4 2011 01:23:42 by "java_re" with gcc 3.2.1-7a (J2SE release)

time: Fri Sep 23 10:53:47 2011
elapsed time: 13 seconds

