#
# A fatal error has been detected by the Java Runtime Environment:
#
#  SIGSEGV (0xb) at pc=0xb369f241, pid=2193, tid=3010513776
#
# JRE version: 6.0_26-b03
# Java VM: Java HotSpot(TM) Client VM (20.1-b02 mixed mode, sharing linux-x86 )
# Problematic frame:
# C  [mtype65.cooja+0x13241]  double+0x3c5
#
# If you would like to submit a bug report, please visit:
#   http://java.sun.com/webapps/bugreport/crash.jsp
# The crash happened outside the Java Virtual Machine in native code.
# See problematic frame for where to report the bug.
#

---------------  T H R E A D  ---------------

Current thread (0xb4535c00):  JavaThread "Thread-174" [_thread_in_native, id=2500, stack(0xb36bc000,0xb370d000)]

siginfo:si_signo=SIGSEGV: si_errno=0, si_code=1 (SEGV_MAPERR), si_addr=0x00000004

Registers:
EAX=0x00000000, EBX=0x00000000, ECX=0x00000008, EDX=0x00000003
ESP=0xb36b5e6c, EBP=0xb36b5f64, ESI=0x00000000, EDI=0x00000000
EIP=0xb369f241, EFLAGS=0x00010292, CR2=0x00000004

Top of Stack: (sp=0xb36b5e6c)
0xb36b5e6c:   b36b4104 b36b70b0 0000002a 00000001
0xb36b5e7c:   00000000 0000030c 00000000 b77738f4
0xb36b5e8c:   00000000 00000000 b785fff4 b36b5ee8
0xb36b5e9c:   b36b6010 b7774c22 00000000 b36b5ecc
0xb36b5eac:   b785fff4 ffffffff 00000000 00000036
0xb36b5ebc:   000009d0 b36bad84 0000002c 00000018
0xb36b5ecc:   b36ba68c 74022092 0000aaaa 00000000
0xb36b5edc:   00000000 01000000 010003ff 00000200 

Instructions: (pc=0xb369f241)
0xb369f221:   e8 e8 4b 00 00 89 85 50 ff ff ff 8b 85 54 ff ff
0xb369f231:   ff 03 85 68 ff ff ff 0f b6 10 8b 85 50 ff ff ff
0xb369f241:   88 50 04 83 85 54 ff ff ff 01 8b 85 54 ff ff ff
0xb369f251:   03 85 68 ff ff ff 0f b6 00 8d 14 00 8b 85 50 ff 

Register to memory mapping:

EAX=0x00000000 is an unknown value
EBX=0x00000000 is an unknown value
ECX=0x00000008 is an unknown value
EDX=0x00000003 is an unknown value
ESP=0xb36b5e6c: <offset 0x29e6c> in /home/manu/Documents/sources/contiki/examples/ipv6/rpl-fuzzy/obj_cooja/mtype65.cooja at 0xb368c000
EBP=0xb36b5f64: <offset 0x29f64> in /home/manu/Documents/sources/contiki/examples/ipv6/rpl-fuzzy/obj_cooja/mtype65.cooja at 0xb368c000
ESI=0x00000000 is an unknown value
EDI=0x00000000 is an unknown value


Stack: [0xb36bc000,0xb370d000],  sp=0xb36b5e6c,  free space=4194279k
Native frames: (J=compiled Java code, j=interpreted, Vv=VM code, C=native code)
C  [mtype65.cooja+0x13241]  double+0x3c5
C  [mtype65.cooja+0x147e0]  uip_rpl_input+0x4f
C  [mtype65.cooja+0x1a806]  uip_process+0x9cc
C  [mtype65.cooja+0x1c520]  packet_input+0x23
C  [mtype65.cooja+0x1c96e]  long double+0x1f4
C  [mtype65.cooja+0x1ce35]  process_thread_tcpip_process+0xbe
C  [mtype65.cooja+0x17763]  char+0x57
C  [mtype65.cooja+0x17ab5]  process_post_synch+0x2e
C  [mtype65.cooja+0x1c9a2]  unsigned short+0x22
C  [mtype65.cooja+0x20cdd]  int+0x658
C  [mtype65.cooja+0x10426]  int+0xd
C  [mtype65.cooja+0x11065]  int+0x1d1
C  [mtype65.cooja+0x23572]  process_thread_cooja_radio_process+0x7e
C  [mtype65.cooja+0x17763]  char+0x57
C  [mtype65.cooja+0x17836]  double+0x4b
C  [mtype65.cooja+0x1799c]  process_run+0x16
C  [mtype65.cooja+0xf89e]  process_run_thread_loop+0x1f

Java frames: (J=compiled Java code, j=interpreted, Vv=VM code)
j  se.sics.cooja.corecomm.Lib2.tick()V+0
j  se.sics.cooja.contikimote.ContikiMoteType.tick()V+4
j  se.sics.cooja.contikimote.ContikiMote.execute(J)V+63
j  se.sics.cooja.motes.AbstractWakeupMote$1.execute(J)V+5
J  se.sics.cooja.Simulation.run()V

[error occurred during error reporting (printing Java stack), id 0xb]


---------------  P R O C E S S  ---------------

Java Threads: ( => current thread )
=>