#
# A fatal error has been detected by the Java Runtime Environment:
#
#  SIGSEGV (0xb) at pc=0xb369f281, pid=3104, tid=3011509104
#
# JRE version: 6.0_26-b03
# Java VM: Java HotSpot(TM) Client VM (20.1-b02 mixed mode, sharing linux-x86 )
# Problematic frame:
# C  [mtype922.cooja+0x13281]  double+0x3c5
#
# If you would like to submit a bug report, please visit:
#   http://java.sun.com/webapps/bugreport/crash.jsp
# The crash happened outside the Java Virtual Machine in native code.
# See problematic frame for where to report the bug.
#

---------------  T H R E A D  ---------------

Current thread (0x098fe000):  JavaThread "Thread-174" [_thread_in_native, id=3441, stack(0xb37af000,0xb3800000)]

siginfo:si_signo=SIGSEGV: si_errno=0, si_code=1 (SEGV_MAPERR), si_addr=0x00000004

Registers:
EAX=0x00000000, EBX=0x00000000, ECX=0x00000008, EDX=0x00000003
ESP=0xb36b5e6c, EBP=0xb36b5f64, ESI=0x00000000, EDI=0x00000000
EIP=0xb369f281, EFLAGS=0x00010292, CR2=0x00000004

Top of Stack: (sp=0xb36b5e6c)
0xb36b5e6c:   b36b4104 b36b70b0 0000002a 00000001
0xb36b5e7c:   00000000 0000030c 00000000 b771a8f4
0xb36b5e8c:   00000000 00000000 b7806ff4 b36b5ee8
0xb36b5e9c:   b36b6010 b771bc22 00000000 b36b5ecc
0xb36b5eac:   b7806ff4 ffffffff 00000000 00000036
0xb36b5ebc:   000009d0 b36bad84 0000002c 00000018
0xb36b5ecc:   b36ba68c 740220f2 0000aaaa 00000000
0xb36b5edc:   00000000 01000000 010003ff 00000200 

Instructions: (pc=0xb369f281)
0xb369f261:   e8 e8 4b 00 00 89 85 50 ff ff ff 8b 85 54 ff ff
0xb369f271:   ff 03 85 68 ff ff ff 0f b6 10 8b 85 50 ff ff ff
0xb369f281:   88 50 04 83 85 54 ff ff ff 01 8b 85 54 ff ff ff
0xb369f291:   03 85 68 ff ff ff 0f b6 00 8d 14 00 8b 85 50 ff 

Register to memory mapping:

EAX=0x00000000 is an unknown value
EBX=0x00000000 is an unknown value
ECX=0x00000008 is an unknown value
EDX=0x00000003 is an unknown value
ESP=0xb36b5e6c: <offset 0x29e6c> in /home/manu/Documents/sources/contiki/examples/ipv6/rpl-fuzzy/obj_cooja/mtype922.cooja at 0xb368c000
EBP=0xb36b5f64: <offset 0x29f64> in /home/manu/Documents/sources/contiki/examples/ipv6/rpl-fuzzy/obj_cooja/mtype922.cooja at 0xb368c000
ESI=0x00000000 is an unknown value
EDI=0x00000000 is an unknown value


Stack: [0xb37af000,0xb3800000],  sp=0xb36b5e6c,  free space=4193307k
Native frames: (J=compiled Java code, j=interpreted, Vv=VM code, C=native code)
C  [mtype922.cooja+0x13281]  double+0x3c5
C  [mtype922.cooja+0x14820]  uip_rpl_input+0x4f
C  [mtype922.cooja+0x1a846]  uip_process+0x9cc
C  [mtype922.cooja+0x1c560]  packet_input+0x23
C  [mtype922.cooja+0x1c9ae]  long double+0x1f4
C  [mtype922.cooja+0x1ce75]  process_thread_tcpip_process+0xbe
C  [mtype922.cooja+0x177a3]  char+0x57
C  [mtype922.cooja+0x17af5]  process_post_synch+0x2e
C  [mtype922.cooja+0x1c9e2]  unsigned short+0x22
C  [mtype922.cooja+0x20d1d]  int+0x658
C  [mtype922.cooja+0x10466]  int+0xd
C  [mtype922.cooja+0x110a5]  int+0x1d1
C  [mtype922.cooja+0x235e6]  process_thread_cooja_radio_process+0x7e
C  [mtype922.cooja+0x177a3]  char+0x57
C  [mtype922.cooja+0x17876]  double+0x4b
C  [mtype922.cooja+0x179dc]  process_run+0x16
C  [mtype922.cooja+0xf8de]  process_run_thread_loop+0x1f

Java frames: (J=compiled Java code, j=interpreted, Vv=VM code)
j  se.sics.cooja.corecomm.Lib2.tick()V+0
j  se.sics.cooja.contikimote.ContikiMoteType.tick()V+4
j  se.sics.cooja.contikimote.ContikiMote.execute(J)V+63
j  se.sics.cooja.motes.AbstractWakeupMote$1.execute(J)V+5
J  se.sics.cooja.Simulation.run()V

[error occurred during error reporting (printing Java stack), id 0xb]


---------------  P R O C E S S  ---------------

Java Threads: ( => current thread )
=>