#
# A fatal error has been detected by the Java Runtime Environment:
#
#  SIGSEGV (0xb) at pc=0x00000000, pid=8068, tid=3017558896
#
# JRE version: 6.0_26-b03
# Java VM: Java HotSpot(TM) Client VM (20.1-b02 mixed mode, sharing linux-x86 )
# Problematic frame:
# C  0x00000000
#
# If you would like to submit a bug report, please visit:
#   http://java.sun.com/webapps/bugreport/crash.jsp
# The crash happened outside the Java Virtual Machine in native code.
# See problematic frame for where to report the bug.
#

---------------  T H R E A D  ---------------

Current thread (0x08434400):  JavaThread "Thread-24" [_thread_in_native, id=8536, stack(0xb3d74000,0xb3dc5000)]

siginfo:si_signo=SIGSEGV: si_errno=0, si_code=1 (SEGV_MAPERR), si_addr=0x00000000

Registers:
EAX=0x00000000, EBX=0x00000000, ECX=0x0000000d, EDX=0x0000001e
ESP=0xb3011eb8, EBP=0xb3011f74, ESI=0x00000000, EDI=0x00000000
EIP=0x00000000, EFLAGS=0x00010212, CR2=0x00000000

Top of Stack: (sp=0xb3011eb8)
0xb3011eb8:   b2ffbe12 b300ddf7 0000031c 0000031d
0xb3011ec8:   0000031e 0000031f 00000320 00000321
0xb3011ed8:   00000322 00000323 00000324 00000325
0xb3011ee8:   00000326 00000327 00000328 00000329
0xb3011ef8:   0000032a 0000032b 0000032c 0000032d
0xb3011f08:   0000032e b7690080 0000ffff 00000000
0xb3011f18:   b30167a7 b30167a8 0000ffff b3011f64
0xb3011f28:   b30026f0 0000ffff b3016728 00000080 

Instructions: (pc=0x00000000)
0xffffffe0:   

Register to memory mapping:

EAX=0x00000000 is an unknown value
EBX=0x00000000 is an unknown value
ECX=0x0000000d is an unknown value
EDX=0x0000001e is an unknown value
ESP=0xb3011eb8: <offset 0x28eb8> in /home/manu/Documents/sources/contiki/examples/ipv6/rpl-fuzzy/obj_cooja/mtype667.cooja at 0xb2fe9000
EBP=0xb3011f74: <offset 0x28f74> in /home/manu/Documents/sources/contiki/examples/ipv6/rpl-fuzzy/obj_cooja/mtype667.cooja at 0xb2fe9000
ESI=0x00000000 is an unknown value
EDI=0x00000000 is an unknown value


Stack: [0xb3d74000,0xb3dc5000],  sp=0xb3011eb8,  free space=4180599k
Java frames: (J=compiled Java code, j=interpreted, Vv=VM code)
J  se.sics.cooja.corecomm.Lib7.tick()V

[error occurred during error reporting (printing Java stack), id 0xb]


---------------  P R O C E S S  ---------------

Java Threads: ( => current thread )
=>